tps: [4500.0, 3000.0, 3000.0, 3000.0, 3000.0, 3000.0, 3000.0, 4500.0, 1500.0, 1500.0, 4500.0, 1500.0, 4500.0, 3000.0, 3000.0, 3000.0]
50000 50000 50000 50000
p1(endorserment) ave: 2.40188635574
50% tail: 1.983885
90% tail: 2.934294
95% tail: 3.384292
99% tail: 6.855421
p2 ave: 0.14673395069999998
50% tail: 0.137947
90% tail: 0.201998
95% tail: 0.228936
99% tail: 0.304447
p3(orderer+commit) ave: 508.68871173502004
50% tail: 488.603697
90% tail: 733.000344
95% tail: 820.063228
99% tail: 1041.596352

tps: [10500.0, 10500.0, 9000.0, 9000.0, 9000.0]
50000 50000 50000 50000
p1(endorserment) ave: 3.2088833845600004
50% tail: 2.466137
90% tail: 4.588042
95% tail: 6.455543
99% tail: 14.353978
p2 ave: 0.19744560412000003
50% tail: 0.151397
90% tail: 0.259306
95% tail: 0.33939
99% tail: 0.876609
p3(orderer+commit) ave: 333.96553163354
50% tail: 326.81091
90% tail: 397.511603
95% tail: 419.577728
99% tail: 1061.057132

tps: [10500.0, 10500.0, 10500.0, 7500.0, 10500.0]
50000 50000 50000 50000
p1(endorserment) ave: 7.421393478080001
50% tail: 5.33995
90% tail: 13.5347
95% tail: 18.248885
99% tail: 40.089185
p2 ave: 0.26307748786
50% tail: 0.146871
90% tail: 0.337049
95% tail: 0.533892
99% tail: 2.738175
p3(orderer+commit) ave: 657.33170035966
50% tail: 566.069144
90% tail: 1046.284823
95% tail: 1087.468574
99% tail: 1147.652853

