fabric_peer5.1.lvxwttmqwyhd@heming-rdma19    | [34m2021-08-20 07:08:50.256 UTC [nodeCmd] serve -> INFO 001[0m Starting peer:
fabric_peer5.1.lvxwttmqwyhd@heming-rdma19    |  Version: 1.3.0
fabric_peer5.1.lvxwttmqwyhd@heming-rdma19    |  Commit SHA: 4ece33d
fabric_peer5.1.lvxwttmqwyhd@heming-rdma19    |  Go version: go1.10.4
fabric_peer5.1.lvxwttmqwyhd@heming-rdma19    |  OS/Arch: linux/amd64
fabric_peer5.1.lvxwttmqwyhd@heming-rdma19    |  Experimental features: false
fabric_peer5.1.lvxwttmqwyhd@heming-rdma19    |  Chaincode:
fabric_peer5.1.lvxwttmqwyhd@heming-rdma19    |   Base Image Version: 0.4.13
fabric_peer5.1.lvxwttmqwyhd@heming-rdma19    |   Base Docker Namespace: hyperledger
fabric_peer5.1.lvxwttmqwyhd@heming-rdma19    |   Base Docker Label: org.hyperledger.fabric
fabric_peer5.1.lvxwttmqwyhd@heming-rdma19    |   Docker Namespace: hyperledger
fabric_peer5.1.lvxwttmqwyhd@heming-rdma19    | [34m2021-08-20 07:08:50.256 UTC [ledgermgmt] initialize -> INFO 002[0m Initializing ledger mgmt
fabric_peer5.1.lvxwttmqwyhd@heming-rdma19    | [34m2021-08-20 07:08:50.256 UTC [kvledger] NewProvider -> INFO 003[0m Initializing ledger provider
fabric_peer5.1.lvxwttmqwyhd@heming-rdma19    | [34m2021-08-20 07:08:50.257 UTC [kvledger] NewProvider -> INFO 004[0m ledger provider Initialized
fabric_peer5.1.lvxwttmqwyhd@heming-rdma19    | [34m2021-08-20 07:08:50.257 UTC [ledgermgmt] initialize -> INFO 005[0m ledger mgmt initialized
fabric_peer5.1.lvxwttmqwyhd@heming-rdma19    | [34m2021-08-20 07:08:50.257 UTC [peer] func1 -> INFO 006[0m Auto-detected peer address: 10.0.2.223:7051
fabric_peer5.1.lvxwttmqwyhd@heming-rdma19    | [34m2021-08-20 07:08:50.257 UTC [peer] func1 -> INFO 007[0m Host is 0.0.0.0 , falling back to auto-detected address: 10.0.2.223:7051
fabric_peer5.1.lvxwttmqwyhd@heming-rdma19    | [34m2021-08-20 07:08:50.257 UTC [peer] func1 -> INFO 008[0m Auto-detected peer address: 10.0.2.223:7051
fabric_peer5.1.lvxwttmqwyhd@heming-rdma19    | [34m2021-08-20 07:08:50.257 UTC [peer] func1 -> INFO 009[0m Host is 0.0.0.0 , falling back to auto-detected address: 10.0.2.223:7051
fabric_peer5.1.lvxwttmqwyhd@heming-rdma19    | jyp: listenAddr= 0.0.0.0:7051 /opt/gopath/src/github.com/hyperledger/fabric/peer/node/start.go 195 2021-08-20 07:08:50.257650
fabric_peer5.1.lvxwttmqwyhd@heming-rdma19    | jyp: register grpc deliver server
fabric_peer5.1.lvxwttmqwyhd@heming-rdma19    | [34m2021-08-20 07:08:50.258 UTC [nodeCmd] computeChaincodeEndpoint -> INFO 00a[0m Entering computeChaincodeEndpoint with peerHostname: 10.0.2.223
fabric_peer5.1.lvxwttmqwyhd@heming-rdma19    | [34m2021-08-20 07:08:50.258 UTC [nodeCmd] computeChaincodeEndpoint -> INFO 00b[0m Exit with ccEndpoint: 10.0.2.223:7052
fabric_peer5.1.lvxwttmqwyhd@heming-rdma19    | [33m2021-08-20 07:08:50.258 UTC [nodeCmd] createChaincodeServer -> WARN 00c[0m peer.chaincodeListenAddress is not set, using 10.0.2.223:7052
fabric_peer5.1.lvxwttmqwyhd@heming-rdma19    | [34m2021-08-20 07:08:50.258 UTC [sccapi] registerSysCC -> INFO 00d[0m system chaincode lscc(github.com/hyperledger/fabric/core/scc/lscc) registered
fabric_peer5.1.lvxwttmqwyhd@heming-rdma19    | [34m2021-08-20 07:08:50.258 UTC [sccapi] registerSysCC -> INFO 00e[0m system chaincode cscc(github.com/hyperledger/fabric/core/scc/cscc) registered
fabric_peer5.1.lvxwttmqwyhd@heming-rdma19    | [34m2021-08-20 07:08:50.258 UTC [sccapi] registerSysCC -> INFO 00f[0m system chaincode qscc(github.com/hyperledger/fabric/core/scc/qscc) registered
fabric_peer5.1.lvxwttmqwyhd@heming-rdma19    | [34m2021-08-20 07:08:50.259 UTC [sccapi] registerSysCC -> INFO 010[0m system chaincode +lifecycle(github.com/hyperledger/fabric/core/chaincode/lifecycle) registered
fabric_peer5.1.lvxwttmqwyhd@heming-rdma19    | jyp: register grpc Admin server
fabric_peer5.1.lvxwttmqwyhd@heming-rdma19    | jyp: TOOD: how to init plugin
fabric_peer5.1.lvxwttmqwyhd@heming-rdma19    | jyp: register grpc Endorser server
fabric_peer5.1.lvxwttmqwyhd@heming-rdma19    | [34m2021-08-20 07:08:50.260 UTC [gossip/service] func1 -> INFO 011[0m Initialize gossip with endpoint 10.0.2.223:7051 and bootstrap set [fabric_peer0:7051]
fabric_peer5.1.lvxwttmqwyhd@heming-rdma19    | [34m2021-08-20 07:08:50.264 UTC [gossip/gossip] NewGossipService -> INFO 012[0m Creating gossip service with self membership of {fabric_peer5:7051 [] [235 111 141 74 128 96 188 253 221 18 42 210 110 40 38 56 208 235 8 29 238 126 44 138 207 74 9 62 181 25 175 52] 10.0.2.223:7051 <nil> <nil>}
fabric_peer5.1.lvxwttmqwyhd@heming-rdma19    | [34m2021-08-20 07:08:50.265 UTC [gossip/gossip] start -> INFO 013[0m Gossip instance 10.0.2.223:7051 started
fabric_peer5.1.lvxwttmqwyhd@heming-rdma19    | [34m2021-08-20 07:08:50.266 UTC [sccapi] deploySysCC -> INFO 014[0m system chaincode lscc/(github.com/hyperledger/fabric/core/scc/lscc) deployed
fabric_peer5.1.lvxwttmqwyhd@heming-rdma19    | [34m2021-08-20 07:08:50.266 UTC [cscc] Init -> INFO 015[0m Init CSCC
fabric_peer5.1.lvxwttmqwyhd@heming-rdma19    | [34m2021-08-20 07:08:50.266 UTC [sccapi] deploySysCC -> INFO 016[0m system chaincode cscc/(github.com/hyperledger/fabric/core/scc/cscc) deployed
fabric_peer5.1.lvxwttmqwyhd@heming-rdma19    | [34m2021-08-20 07:08:50.267 UTC [qscc] Init -> INFO 017[0m Init QSCC
fabric_peer5.1.lvxwttmqwyhd@heming-rdma19    | [34m2021-08-20 07:08:50.267 UTC [sccapi] deploySysCC -> INFO 018[0m system chaincode qscc/(github.com/hyperledger/fabric/core/scc/qscc) deployed
fabric_peer5.1.lvxwttmqwyhd@heming-rdma19    | [34m2021-08-20 07:08:50.267 UTC [sccapi] deploySysCC -> INFO 019[0m system chaincode +lifecycle/(github.com/hyperledger/fabric/core/chaincode/lifecycle) deployed
fabric_peer5.1.lvxwttmqwyhd@heming-rdma19    | [34m2021-08-20 07:08:50.267 UTC [nodeCmd] serve -> INFO 01a[0m Deployed system chaincodes
fabric_peer5.1.lvxwttmqwyhd@heming-rdma19    | [34m2021-08-20 07:08:50.277 UTC [discovery] NewService -> INFO 01b[0m Created with config TLS: false, authCacheMaxSize: 1000, authCachePurgeRatio: 0.750000
fabric_peer5.1.lvxwttmqwyhd@heming-rdma19    | [34m2021-08-20 07:08:50.277 UTC [nodeCmd] registerDiscoveryService -> INFO 01c[0m Discovery service activated
fabric_peer5.1.lvxwttmqwyhd@heming-rdma19    | [34m2021-08-20 07:08:50.277 UTC [nodeCmd] serve -> INFO 01d[0m Starting peer with ID=[name:"fabric_peer5" ], network ID=[dev], address=[10.0.2.223:7051]
fabric_peer5.1.lvxwttmqwyhd@heming-rdma19    | [34m2021-08-20 07:08:50.278 UTC [nodeCmd] serve -> INFO 01e[0m Started peer with ID=[name:"fabric_peer5" ], network ID=[dev], address=[10.0.2.223:7051]
fabric_peer5.1.lvxwttmqwyhd@heming-rdma19    | [34m2021-08-20 07:08:57.773 UTC [endorser] callChaincode -> INFO 01f[0m [][2d5381f6] Entry chaincode: name:"cscc" 
fabric_peer5.1.lvxwttmqwyhd@heming-rdma19    | [34m2021-08-20 07:08:57.774 UTC [ledgermgmt] CreateLedger -> INFO 020[0m Creating ledger [mychannel] with genesis block
fabric_peer5.1.lvxwttmqwyhd@heming-rdma19    | [34m2021-08-20 07:08:57.774 UTC [fsblkstorage] newBlockfileMgr -> INFO 021[0m Getting block information from block storage
fabric_peer5.1.lvxwttmqwyhd@heming-rdma19    | [34m2021-08-20 07:08:57.775 UTC [kvledger] CommitWithPvtData -> INFO 022[0m [mychannel] Committed block [0] with 1 transaction(s) in 0ms (state_validation=0ms block_commit=0ms state_commit=0ms)
fabric_peer5.1.lvxwttmqwyhd@heming-rdma19    | [34m2021-08-20 07:08:57.776 UTC [ledgermgmt] CreateLedger -> INFO 023[0m Created ledger [mychannel] with genesis block
fabric_peer5.1.lvxwttmqwyhd@heming-rdma19    | [34m2021-08-20 07:08:57.784 UTC [gossip/gossip] JoinChan -> INFO 024[0m Joining gossip network of channel mychannel with 1 organizations
fabric_peer5.1.lvxwttmqwyhd@heming-rdma19    | [34m2021-08-20 07:08:57.784 UTC [gossip/gossip] learnAnchorPeers -> INFO 025[0m No configured anchor peers of Org1MSP for channel mychannel to learn about
fabric_peer5.1.lvxwttmqwyhd@heming-rdma19    | [34m2021-08-20 07:08:57.788 UTC [gossip/state] NewGossipStateProvider -> INFO 026[0m Updating metadata information, current ledger sequence is at = 0, next expected block is = 1
fabric_peer5.1.lvxwttmqwyhd@heming-rdma19    | [34m2021-08-20 07:08:57.789 UTC [blocksProvider] DeliverBlocks -> INFO 027[0m qiji: blockprovider recv
fabric_peer5.1.lvxwttmqwyhd@heming-rdma19    | [34m2021-08-20 07:08:57.789 UTC [sccapi] deploySysCC -> INFO 028[0m system chaincode lscc/mychannel(github.com/hyperledger/fabric/core/scc/lscc) deployed
fabric_peer5.1.lvxwttmqwyhd@heming-rdma19    | [34m2021-08-20 07:08:57.789 UTC [cscc] Init -> INFO 029[0m Init CSCC
fabric_peer5.1.lvxwttmqwyhd@heming-rdma19    | [34m2021-08-20 07:08:57.789 UTC [sccapi] deploySysCC -> INFO 02a[0m system chaincode cscc/mychannel(github.com/hyperledger/fabric/core/scc/cscc) deployed
fabric_peer5.1.lvxwttmqwyhd@heming-rdma19    | [34m2021-08-20 07:08:57.790 UTC [qscc] Init -> INFO 02b[0m Init QSCC
fabric_peer5.1.lvxwttmqwyhd@heming-rdma19    | [34m2021-08-20 07:08:57.790 UTC [sccapi] deploySysCC -> INFO 02c[0m system chaincode qscc/mychannel(github.com/hyperledger/fabric/core/scc/qscc) deployed
fabric_peer5.1.lvxwttmqwyhd@heming-rdma19    | [34m2021-08-20 07:08:57.790 UTC [sccapi] deploySysCC -> INFO 02d[0m system chaincode +lifecycle/mychannel(github.com/hyperledger/fabric/core/chaincode/lifecycle) deployed
fabric_peer5.1.lvxwttmqwyhd@heming-rdma19    | [34m2021-08-20 07:08:57.791 UTC [endorser] callChaincode -> INFO 02e[0m [][2d5381f6] Exit chaincode: name:"cscc"  (18ms)
fabric_peer5.1.lvxwttmqwyhd@heming-rdma19    | [34m2021-08-20 07:08:59.921 UTC [blocksProvider] DeliverBlocks -> INFO 02f[0m qiji: blockprovider recv finish
fabric_peer5.1.lvxwttmqwyhd@heming-rdma19    | [34m2021-08-20 07:08:59.921 UTC [blocksProvider] DeliverBlocks -> INFO 030[0m qiji: blockprovider 1
fabric_peer5.1.lvxwttmqwyhd@heming-rdma19    | [34m2021-08-20 07:08:59.921 UTC [blocksProvider] DeliverBlocks -> INFO 031[0m qiji: blockprovider 2
fabric_peer5.1.lvxwttmqwyhd@heming-rdma19    | [34m2021-08-20 07:08:59.921 UTC [blocksProvider] DeliverBlocks -> INFO 032[0m qiji: blockprovider 3
fabric_peer5.1.lvxwttmqwyhd@heming-rdma19    | [34m2021-08-20 07:08:59.921 UTC [blocksProvider] DeliverBlocks -> INFO 033[0m qiji: blockprovider 4
fabric_peer5.1.lvxwttmqwyhd@heming-rdma19    | [34m2021-08-20 07:08:59.922 UTC [blocksProvider] DeliverBlocks -> INFO 034[0m qiji: blockprovider 5
fabric_peer5.1.lvxwttmqwyhd@heming-rdma19    | [34m2021-08-20 07:08:59.922 UTC [blocksProvider] DeliverBlocks -> INFO 036[0m qiji: blockprovider recv
fabric_peer5.1.lvxwttmqwyhd@heming-rdma19    | [34m2021-08-20 07:08:59.922 UTC [gossip/state] deliverPayloads -> INFO 035[0m qiji: deliverPayloads 1
fabric_peer5.1.lvxwttmqwyhd@heming-rdma19    | [34m2021-08-20 07:08:59.922 UTC [gossip/state] deliverPayloads -> INFO 037[0m qiji: deliverPayloads 2
fabric_peer5.1.lvxwttmqwyhd@heming-rdma19    | [34m2021-08-20 07:08:59.922 UTC [gossip/state] deliverPayloads -> INFO 038[0m qiji: deliverPayloads 3
fabric_peer5.1.lvxwttmqwyhd@heming-rdma19    | [34m2021-08-20 07:08:59.922 UTC [gossip/privdata] StoreBlock -> INFO 039[0m [mychannel] Validating block [1]
fabric_peer5.1.lvxwttmqwyhd@heming-rdma19    | [34m2021-08-20 07:08:59.922 UTC [committer/txvalidator] Validate -> INFO 03a[0m [mychannel] Validated block [1] in 0ms
fabric_peer5.1.lvxwttmqwyhd@heming-rdma19    | [34m2021-08-20 07:08:59.923 UTC [kvledger] CommitWithPvtData -> INFO 03b[0m [mychannel] Committed block [1] with 1 transaction(s) in 0ms (state_validation=0ms block_commit=0ms state_commit=0ms)
fabric_peer5.1.lvxwttmqwyhd@heming-rdma19    | [34m2021-08-20 07:08:59.923 UTC [gossip/state] deliverPayloads -> INFO 03c[0m qiji: deliverPayloads 4
fabric_peer5.1.lvxwttmqwyhd@heming-rdma19    | [34m2021-08-20 07:09:08.379 UTC [endorser] callChaincode -> INFO 03d[0m [][fb098e9c] Entry chaincode: name:"lscc" 
fabric_peer5.1.lvxwttmqwyhd@heming-rdma19    | [34m2021-08-20 07:09:08.380 UTC [lscc] executeInstall -> INFO 03e[0m Installed Chaincode [smallbank] Version [1.0] to peer
fabric_peer5.1.lvxwttmqwyhd@heming-rdma19    | [34m2021-08-20 07:09:08.380 UTC [endorser] callChaincode -> INFO 03f[0m [][fb098e9c] Exit chaincode: name:"lscc"  (1ms)
fabric_peer5.1.lvxwttmqwyhd@heming-rdma19    | [34m2021-08-20 07:09:14.622 UTC [blocksProvider] DeliverBlocks -> INFO 040[0m qiji: blockprovider recv finish
fabric_peer5.1.lvxwttmqwyhd@heming-rdma19    | [34m2021-08-20 07:09:14.622 UTC [blocksProvider] DeliverBlocks -> INFO 041[0m qiji: blockprovider 1
fabric_peer5.1.lvxwttmqwyhd@heming-rdma19    | [34m2021-08-20 07:09:14.622 UTC [blocksProvider] DeliverBlocks -> INFO 042[0m qiji: blockprovider 2
fabric_peer5.1.lvxwttmqwyhd@heming-rdma19    | [34m2021-08-20 07:09:14.622 UTC [blocksProvider] DeliverBlocks -> INFO 043[0m qiji: blockprovider 3
fabric_peer5.1.lvxwttmqwyhd@heming-rdma19    | [34m2021-08-20 07:09:14.622 UTC [blocksProvider] DeliverBlocks -> INFO 044[0m qiji: blockprovider 4
fabric_peer5.1.lvxwttmqwyhd@heming-rdma19    | [34m2021-08-20 07:09:14.623 UTC [blocksProvider] DeliverBlocks -> INFO 045[0m qiji: blockprovider 5
fabric_peer5.1.lvxwttmqwyhd@heming-rdma19    | [34m2021-08-20 07:09:14.623 UTC [blocksProvider] DeliverBlocks -> INFO 046[0m qiji: blockprovider recv
fabric_peer5.1.lvxwttmqwyhd@heming-rdma19    | [34m2021-08-20 07:09:14.623 UTC [gossip/state] deliverPayloads -> INFO 047[0m qiji: deliverPayloads 1
fabric_peer5.1.lvxwttmqwyhd@heming-rdma19    | [34m2021-08-20 07:09:14.623 UTC [gossip/state] deliverPayloads -> INFO 048[0m qiji: deliverPayloads 2
fabric_peer5.1.lvxwttmqwyhd@heming-rdma19    | [34m2021-08-20 07:09:14.623 UTC [gossip/state] deliverPayloads -> INFO 049[0m qiji: deliverPayloads 3
fabric_peer5.1.lvxwttmqwyhd@heming-rdma19    | [34m2021-08-20 07:09:14.623 UTC [gossip/privdata] StoreBlock -> INFO 04a[0m [mychannel] Validating block [2]
fabric_peer5.1.lvxwttmqwyhd@heming-rdma19    | [34m2021-08-20 07:09:14.623 UTC [committer/txvalidator] Validate -> INFO 04b[0m [mychannel] Validated block [2] in 0ms
fabric_peer5.1.lvxwttmqwyhd@heming-rdma19    | [34m2021-08-20 07:09:14.623 UTC [cceventmgmt] HandleStateUpdates -> INFO 04c[0m Channel [mychannel]: Handling LSCC state update for chaincode [smallbank]
fabric_peer5.1.lvxwttmqwyhd@heming-rdma19    | [34m2021-08-20 07:09:14.624 UTC [kvledger] CommitWithPvtData -> INFO 04d[0m [mychannel] Committed block [2] with 1 transaction(s) in 1ms (state_validation=1ms block_commit=0ms state_commit=0ms)
fabric_peer5.1.lvxwttmqwyhd@heming-rdma19    | [34m2021-08-20 07:09:14.624 UTC [gossip/state] deliverPayloads -> INFO 04e[0m qiji: deliverPayloads 4
fabric_peer5.1.lvxwttmqwyhd@heming-rdma19    | [34m2021-08-20 07:09:16.752 UTC [blocksProvider] DeliverBlocks -> INFO 04f[0m qiji: blockprovider recv finish
fabric_peer5.1.lvxwttmqwyhd@heming-rdma19    | [34m2021-08-20 07:09:16.752 UTC [blocksProvider] DeliverBlocks -> INFO 050[0m qiji: blockprovider 1
fabric_peer5.1.lvxwttmqwyhd@heming-rdma19    | [34m2021-08-20 07:09:16.752 UTC [blocksProvider] DeliverBlocks -> INFO 051[0m qiji: blockprovider 2
fabric_peer5.1.lvxwttmqwyhd@heming-rdma19    | [34m2021-08-20 07:09:16.752 UTC [blocksProvider] DeliverBlocks -> INFO 052[0m qiji: blockprovider 3
fabric_peer5.1.lvxwttmqwyhd@heming-rdma19    | [34m2021-08-20 07:09:16.753 UTC [blocksProvider] DeliverBlocks -> INFO 053[0m qiji: blockprovider 4
fabric_peer5.1.lvxwttmqwyhd@heming-rdma19    | [34m2021-08-20 07:09:16.753 UTC [blocksProvider] DeliverBlocks -> INFO 054[0m qiji: blockprovider 5
fabric_peer5.1.lvxwttmqwyhd@heming-rdma19    | [34m2021-08-20 07:09:16.753 UTC [blocksProvider] DeliverBlocks -> INFO 055[0m qiji: blockprovider recv
fabric_peer5.1.lvxwttmqwyhd@heming-rdma19    | [34m2021-08-20 07:09:16.753 UTC [gossip/state] deliverPayloads -> INFO 056[0m qiji: deliverPayloads 1
fabric_peer5.1.lvxwttmqwyhd@heming-rdma19    | [34m2021-08-20 07:09:16.753 UTC [gossip/state] deliverPayloads -> INFO 057[0m qiji: deliverPayloads 2
fabric_peer5.1.lvxwttmqwyhd@heming-rdma19    | [34m2021-08-20 07:09:16.753 UTC [gossip/state] deliverPayloads -> INFO 058[0m qiji: deliverPayloads 3
fabric_peer5.1.lvxwttmqwyhd@heming-rdma19    | [34m2021-08-20 07:09:16.753 UTC [gossip/privdata] StoreBlock -> INFO 059[0m [mychannel] Validating block [3]
fabric_peer5.1.lvxwttmqwyhd@heming-rdma19    | [34m2021-08-20 07:09:16.753 UTC [committer/txvalidator] Validate -> INFO 05a[0m [mychannel] Validated block [3] in 0ms
fabric_peer5.1.lvxwttmqwyhd@heming-rdma19    | [34m2021-08-20 07:09:16.754 UTC [kvledger] CommitWithPvtData -> INFO 05b[0m [mychannel] Committed block [3] with 1 transaction(s) in 0ms (state_validation=0ms block_commit=0ms state_commit=0ms)
fabric_peer5.1.lvxwttmqwyhd@heming-rdma19    | [34m2021-08-20 07:09:16.754 UTC [gossip/state] deliverPayloads -> INFO 05c[0m qiji: deliverPayloads 4
fabric_peer5.1.lvxwttmqwyhd@heming-rdma19    | [34m2021-08-20 07:09:16.865 UTC [blocksProvider] DeliverBlocks -> INFO 05d[0m qiji: blockprovider recv finish
fabric_peer5.1.lvxwttmqwyhd@heming-rdma19    | [34m2021-08-20 07:09:16.865 UTC [blocksProvider] DeliverBlocks -> INFO 05e[0m qiji: blockprovider 1
fabric_peer5.1.lvxwttmqwyhd@heming-rdma19    | [34m2021-08-20 07:09:16.866 UTC [blocksProvider] DeliverBlocks -> INFO 05f[0m qiji: blockprovider 2
fabric_peer5.1.lvxwttmqwyhd@heming-rdma19    | [34m2021-08-20 07:09:16.866 UTC [blocksProvider] DeliverBlocks -> INFO 060[0m qiji: blockprovider 3
fabric_peer5.1.lvxwttmqwyhd@heming-rdma19    | [34m2021-08-20 07:09:16.866 UTC [blocksProvider] DeliverBlocks -> INFO 061[0m qiji: blockprovider 4
fabric_peer5.1.lvxwttmqwyhd@heming-rdma19    | [34m2021-08-20 07:09:16.866 UTC [blocksProvider] DeliverBlocks -> INFO 062[0m qiji: blockprovider 5
fabric_peer5.1.lvxwttmqwyhd@heming-rdma19    | [34m2021-08-20 07:09:16.866 UTC [blocksProvider] DeliverBlocks -> INFO 063[0m qiji: blockprovider recv
fabric_peer5.1.lvxwttmqwyhd@heming-rdma19    | [34m2021-08-20 07:09:16.866 UTC [gossip/state] deliverPayloads -> INFO 064[0m qiji: deliverPayloads 1
fabric_peer5.1.lvxwttmqwyhd@heming-rdma19    | [34m2021-08-20 07:09:16.866 UTC [gossip/state] deliverPayloads -> INFO 065[0m qiji: deliverPayloads 2
fabric_peer5.1.lvxwttmqwyhd@heming-rdma19    | [34m2021-08-20 07:09:16.867 UTC [gossip/state] deliverPayloads -> INFO 066[0m qiji: deliverPayloads 3
fabric_peer5.1.lvxwttmqwyhd@heming-rdma19    | [34m2021-08-20 07:09:16.867 UTC [gossip/privdata] StoreBlock -> INFO 067[0m [mychannel] Validating block [4]
fabric_peer5.1.lvxwttmqwyhd@heming-rdma19    | [34m2021-08-20 07:09:16.867 UTC [committer/txvalidator] Validate -> INFO 068[0m [mychannel] Validated block [4] in 0ms
fabric_peer5.1.lvxwttmqwyhd@heming-rdma19    | [34m2021-08-20 07:09:16.867 UTC [kvledger] CommitWithPvtData -> INFO 069[0m [mychannel] Committed block [4] with 1 transaction(s) in 0ms (state_validation=0ms block_commit=0ms state_commit=0ms)
fabric_peer5.1.lvxwttmqwyhd@heming-rdma19    | [34m2021-08-20 07:09:16.867 UTC [gossip/state] deliverPayloads -> INFO 06a[0m qiji: deliverPayloads 4
fabric_peer5.1.lvxwttmqwyhd@heming-rdma19    | [34m2021-08-20 07:09:23.536 UTC [endorser] callChaincode -> INFO 06b[0m [mychannel][f40657f3] Entry chaincode: name:"smallbank" 
fabric_peer5.1.lvxwttmqwyhd@heming-rdma19    | [34m2021-08-20 07:09:24.324 UTC [endorser] callChaincode -> INFO 06c[0m [mychannel][f40657f3] Exit chaincode: name:"smallbank"  (788ms)
fabric_peer5.1.lvxwttmqwyhd@heming-rdma19    | [34m2021-08-20 07:09:32.913 UTC [blocksProvider] DeliverBlocks -> INFO 06d[0m qiji: blockprovider recv finish
fabric_peer5.1.lvxwttmqwyhd@heming-rdma19    | [34m2021-08-20 07:09:32.913 UTC [blocksProvider] DeliverBlocks -> INFO 06e[0m qiji: blockprovider 1
fabric_peer5.1.lvxwttmqwyhd@heming-rdma19    | [34m2021-08-20 07:09:32.915 UTC [blocksProvider] DeliverBlocks -> INFO 06f[0m qiji: blockprovider 2
fabric_peer5.1.lvxwttmqwyhd@heming-rdma19    | [34m2021-08-20 07:09:32.915 UTC [blocksProvider] DeliverBlocks -> INFO 070[0m qiji: blockprovider 3
fabric_peer5.1.lvxwttmqwyhd@heming-rdma19    | [34m2021-08-20 07:09:32.916 UTC [blocksProvider] DeliverBlocks -> INFO 071[0m qiji: blockprovider 4
fabric_peer5.1.lvxwttmqwyhd@heming-rdma19    | [34m2021-08-20 07:09:32.918 UTC [blocksProvider] DeliverBlocks -> INFO 072[0m qiji: blockprovider 5
fabric_peer5.1.lvxwttmqwyhd@heming-rdma19    | [34m2021-08-20 07:09:32.918 UTC [blocksProvider] DeliverBlocks -> INFO 073[0m qiji: blockprovider recv
fabric_peer5.1.lvxwttmqwyhd@heming-rdma19    | [34m2021-08-20 07:09:32.918 UTC [gossip/state] deliverPayloads -> INFO 074[0m qiji: deliverPayloads 1
fabric_peer5.1.lvxwttmqwyhd@heming-rdma19    | [34m2021-08-20 07:09:32.920 UTC [gossip/state] deliverPayloads -> INFO 075[0m qiji: deliverPayloads 2
fabric_peer5.1.lvxwttmqwyhd@heming-rdma19    | [34m2021-08-20 07:09:32.920 UTC [gossip/state] deliverPayloads -> INFO 076[0m qiji: deliverPayloads 3
fabric_peer5.1.lvxwttmqwyhd@heming-rdma19    | [34m2021-08-20 07:09:32.920 UTC [gossip/privdata] StoreBlock -> INFO 077[0m [mychannel] Validating block [5]
fabric_peer5.1.lvxwttmqwyhd@heming-rdma19    | [34m2021-08-20 07:09:32.920 UTC [committer/txvalidator] Validate -> INFO 078[0m [mychannel] Validated block [5] in 0ms
fabric_peer5.1.lvxwttmqwyhd@heming-rdma19    | [34m2021-08-20 07:09:32.969 UTC [kvledger] CommitWithPvtData -> INFO 079[0m [mychannel] Committed block [5] with 1372 transaction(s) in 49ms (state_validation=44ms block_commit=0ms state_commit=4ms)
fabric_peer5.1.lvxwttmqwyhd@heming-rdma19    | [34m2021-08-20 07:09:32.969 UTC [gossip/state] deliverPayloads -> INFO 07a[0m qiji: deliverPayloads 4
fabric_peer5.1.lvxwttmqwyhd@heming-rdma19    | [34m2021-08-20 07:09:32.973 UTC [blocksProvider] DeliverBlocks -> INFO 07b[0m qiji: blockprovider recv finish
fabric_peer5.1.lvxwttmqwyhd@heming-rdma19    | [34m2021-08-20 07:09:32.973 UTC [blocksProvider] DeliverBlocks -> INFO 07c[0m qiji: blockprovider 1
fabric_peer5.1.lvxwttmqwyhd@heming-rdma19    | [34m2021-08-20 07:09:32.975 UTC [blocksProvider] DeliverBlocks -> INFO 07d[0m qiji: blockprovider 2
fabric_peer5.1.lvxwttmqwyhd@heming-rdma19    | [34m2021-08-20 07:09:32.975 UTC [blocksProvider] DeliverBlocks -> INFO 07e[0m qiji: blockprovider 3
fabric_peer5.1.lvxwttmqwyhd@heming-rdma19    | [34m2021-08-20 07:09:32.976 UTC [blocksProvider] DeliverBlocks -> INFO 07f[0m qiji: blockprovider 4
fabric_peer5.1.lvxwttmqwyhd@heming-rdma19    | [34m2021-08-20 07:09:32.976 UTC [gossip/state] deliverPayloads -> INFO 080[0m qiji: deliverPayloads 1
fabric_peer5.1.lvxwttmqwyhd@heming-rdma19    | [34m2021-08-20 07:09:32.981 UTC [blocksProvider] DeliverBlocks -> INFO 081[0m qiji: blockprovider 5
fabric_peer5.1.lvxwttmqwyhd@heming-rdma19    | [34m2021-08-20 07:09:32.981 UTC [blocksProvider] DeliverBlocks -> INFO 082[0m qiji: blockprovider recv
fabric_peer5.1.lvxwttmqwyhd@heming-rdma19    | [34m2021-08-20 07:09:32.983 UTC [gossip/state] deliverPayloads -> INFO 083[0m qiji: deliverPayloads 2
fabric_peer5.1.lvxwttmqwyhd@heming-rdma19    | [34m2021-08-20 07:09:32.983 UTC [gossip/state] deliverPayloads -> INFO 084[0m qiji: deliverPayloads 3
fabric_peer5.1.lvxwttmqwyhd@heming-rdma19    | [34m2021-08-20 07:09:32.983 UTC [gossip/privdata] StoreBlock -> INFO 085[0m [mychannel] Validating block [6]
fabric_peer5.1.lvxwttmqwyhd@heming-rdma19    | [34m2021-08-20 07:09:32.983 UTC [committer/txvalidator] Validate -> INFO 086[0m [mychannel] Validated block [6] in 0ms
fabric_peer5.1.lvxwttmqwyhd@heming-rdma19    | [34m2021-08-20 07:09:33.034 UTC [kvledger] CommitWithPvtData -> INFO 087[0m [mychannel] Committed block [6] with 1500 transaction(s) in 51ms (state_validation=37ms block_commit=0ms state_commit=13ms)
fabric_peer5.1.lvxwttmqwyhd@heming-rdma19    | [34m2021-08-20 07:09:33.035 UTC [gossip/state] deliverPayloads -> INFO 088[0m qiji: deliverPayloads 4
fabric_peer5.1.lvxwttmqwyhd@heming-rdma19    | [34m2021-08-20 07:09:33.040 UTC [blocksProvider] DeliverBlocks -> INFO 089[0m qiji: blockprovider recv finish
fabric_peer5.1.lvxwttmqwyhd@heming-rdma19    | [34m2021-08-20 07:09:33.040 UTC [blocksProvider] DeliverBlocks -> INFO 08a[0m qiji: blockprovider 1
fabric_peer5.1.lvxwttmqwyhd@heming-rdma19    | [34m2021-08-20 07:09:33.043 UTC [blocksProvider] DeliverBlocks -> INFO 08b[0m qiji: blockprovider 2
fabric_peer5.1.lvxwttmqwyhd@heming-rdma19    | [34m2021-08-20 07:09:33.043 UTC [blocksProvider] DeliverBlocks -> INFO 08c[0m qiji: blockprovider 3
fabric_peer5.1.lvxwttmqwyhd@heming-rdma19    | [34m2021-08-20 07:09:33.044 UTC [blocksProvider] DeliverBlocks -> INFO 08d[0m qiji: blockprovider 4
fabric_peer5.1.lvxwttmqwyhd@heming-rdma19    | [34m2021-08-20 07:09:33.044 UTC [gossip/state] deliverPayloads -> INFO 08e[0m qiji: deliverPayloads 1
fabric_peer5.1.lvxwttmqwyhd@heming-rdma19    | [34m2021-08-20 07:09:33.048 UTC [blocksProvider] DeliverBlocks -> INFO 08f[0m qiji: blockprovider 5
fabric_peer5.1.lvxwttmqwyhd@heming-rdma19    | [34m2021-08-20 07:09:33.048 UTC [blocksProvider] DeliverBlocks -> INFO 090[0m qiji: blockprovider recv
fabric_peer5.1.lvxwttmqwyhd@heming-rdma19    | [34m2021-08-20 07:09:33.049 UTC [gossip/state] deliverPayloads -> INFO 091[0m qiji: deliverPayloads 2
fabric_peer5.1.lvxwttmqwyhd@heming-rdma19    | [34m2021-08-20 07:09:33.049 UTC [gossip/state] deliverPayloads -> INFO 092[0m qiji: deliverPayloads 3
fabric_peer5.1.lvxwttmqwyhd@heming-rdma19    | [34m2021-08-20 07:09:33.049 UTC [gossip/privdata] StoreBlock -> INFO 093[0m [mychannel] Validating block [7]
fabric_peer5.1.lvxwttmqwyhd@heming-rdma19    | [34m2021-08-20 07:09:33.049 UTC [committer/txvalidator] Validate -> INFO 094[0m [mychannel] Validated block [7] in 0ms
fabric_peer5.1.lvxwttmqwyhd@heming-rdma19    | [34m2021-08-20 07:09:33.083 UTC [kvledger] CommitWithPvtData -> INFO 095[0m [mychannel] Committed block [7] with 1500 transaction(s) in 34ms (state_validation=26ms block_commit=0ms state_commit=7ms)
fabric_peer5.1.lvxwttmqwyhd@heming-rdma19    | [34m2021-08-20 07:09:33.084 UTC [gossip/state] deliverPayloads -> INFO 096[0m qiji: deliverPayloads 4
fabric_peer5.1.lvxwttmqwyhd@heming-rdma19    | [34m2021-08-20 07:09:33.097 UTC [blocksProvider] DeliverBlocks -> INFO 097[0m qiji: blockprovider recv finish
fabric_peer5.1.lvxwttmqwyhd@heming-rdma19    | [34m2021-08-20 07:09:33.097 UTC [blocksProvider] DeliverBlocks -> INFO 098[0m qiji: blockprovider 1
fabric_peer5.1.lvxwttmqwyhd@heming-rdma19    | [34m2021-08-20 07:09:33.098 UTC [blocksProvider] DeliverBlocks -> INFO 099[0m qiji: blockprovider 2
fabric_peer5.1.lvxwttmqwyhd@heming-rdma19    | [34m2021-08-20 07:09:33.098 UTC [blocksProvider] DeliverBlocks -> INFO 09a[0m qiji: blockprovider 3
fabric_peer5.1.lvxwttmqwyhd@heming-rdma19    | [34m2021-08-20 07:09:33.098 UTC [blocksProvider] DeliverBlocks -> INFO 09b[0m qiji: blockprovider 4
fabric_peer5.1.lvxwttmqwyhd@heming-rdma19    | [34m2021-08-20 07:09:33.098 UTC [gossip/state] deliverPayloads -> INFO 09c[0m qiji: deliverPayloads 1
fabric_peer5.1.lvxwttmqwyhd@heming-rdma19    | [34m2021-08-20 07:09:33.099 UTC [blocksProvider] DeliverBlocks -> INFO 09d[0m qiji: blockprovider 5
fabric_peer5.1.lvxwttmqwyhd@heming-rdma19    | [34m2021-08-20 07:09:33.099 UTC [blocksProvider] DeliverBlocks -> INFO 09e[0m qiji: blockprovider recv
fabric_peer5.1.lvxwttmqwyhd@heming-rdma19    | [34m2021-08-20 07:09:33.100 UTC [gossip/state] deliverPayloads -> INFO 09f[0m qiji: deliverPayloads 2
fabric_peer5.1.lvxwttmqwyhd@heming-rdma19    | [34m2021-08-20 07:09:33.100 UTC [gossip/state] deliverPayloads -> INFO 0a0[0m qiji: deliverPayloads 3
fabric_peer5.1.lvxwttmqwyhd@heming-rdma19    | [34m2021-08-20 07:09:33.100 UTC [gossip/privdata] StoreBlock -> INFO 0a1[0m [mychannel] Validating block [8]
fabric_peer5.1.lvxwttmqwyhd@heming-rdma19    | [34m2021-08-20 07:09:33.100 UTC [committer/txvalidator] Validate -> INFO 0a2[0m [mychannel] Validated block [8] in 0ms
fabric_peer5.1.lvxwttmqwyhd@heming-rdma19    | [34m2021-08-20 07:09:33.140 UTC [kvledger] CommitWithPvtData -> INFO 0a3[0m [mychannel] Committed block [8] with 1500 transaction(s) in 40ms (state_validation=36ms block_commit=0ms state_commit=3ms)
fabric_peer5.1.lvxwttmqwyhd@heming-rdma19    | [34m2021-08-20 07:09:33.141 UTC [gossip/state] deliverPayloads -> INFO 0a4[0m qiji: deliverPayloads 4
fabric_peer5.1.lvxwttmqwyhd@heming-rdma19    | [34m2021-08-20 07:09:33.160 UTC [blocksProvider] DeliverBlocks -> INFO 0a5[0m qiji: blockprovider recv finish
fabric_peer5.1.lvxwttmqwyhd@heming-rdma19    | [34m2021-08-20 07:09:33.160 UTC [blocksProvider] DeliverBlocks -> INFO 0a6[0m qiji: blockprovider 1
fabric_peer5.1.lvxwttmqwyhd@heming-rdma19    | [34m2021-08-20 07:09:33.162 UTC [blocksProvider] DeliverBlocks -> INFO 0a7[0m qiji: blockprovider 2
fabric_peer5.1.lvxwttmqwyhd@heming-rdma19    | [34m2021-08-20 07:09:33.162 UTC [blocksProvider] DeliverBlocks -> INFO 0a8[0m qiji: blockprovider 3
fabric_peer5.1.lvxwttmqwyhd@heming-rdma19    | [34m2021-08-20 07:09:33.163 UTC [blocksProvider] DeliverBlocks -> INFO 0a9[0m qiji: blockprovider 4
fabric_peer5.1.lvxwttmqwyhd@heming-rdma19    | [34m2021-08-20 07:09:33.163 UTC [gossip/state] deliverPayloads -> INFO 0aa[0m qiji: deliverPayloads 1
fabric_peer5.1.lvxwttmqwyhd@heming-rdma19    | [34m2021-08-20 07:09:33.165 UTC [blocksProvider] DeliverBlocks -> INFO 0ab[0m qiji: blockprovider 5
fabric_peer5.1.lvxwttmqwyhd@heming-rdma19    | [34m2021-08-20 07:09:33.166 UTC [blocksProvider] DeliverBlocks -> INFO 0ad[0m qiji: blockprovider recv
fabric_peer5.1.lvxwttmqwyhd@heming-rdma19    | [34m2021-08-20 07:09:33.165 UTC [gossip/state] deliverPayloads -> INFO 0ac[0m qiji: deliverPayloads 2
fabric_peer5.1.lvxwttmqwyhd@heming-rdma19    | [34m2021-08-20 07:09:33.166 UTC [gossip/state] deliverPayloads -> INFO 0ae[0m qiji: deliverPayloads 3
fabric_peer5.1.lvxwttmqwyhd@heming-rdma19    | [34m2021-08-20 07:09:33.166 UTC [gossip/privdata] StoreBlock -> INFO 0af[0m [mychannel] Validating block [9]
fabric_peer5.1.lvxwttmqwyhd@heming-rdma19    | [34m2021-08-20 07:09:33.166 UTC [committer/txvalidator] Validate -> INFO 0b0[0m [mychannel] Validated block [9] in 0ms
fabric_peer5.1.lvxwttmqwyhd@heming-rdma19    | [34m2021-08-20 07:09:33.206 UTC [kvledger] CommitWithPvtData -> INFO 0b1[0m [mychannel] Committed block [9] with 1500 transaction(s) in 40ms (state_validation=33ms block_commit=0ms state_commit=6ms)
fabric_peer5.1.lvxwttmqwyhd@heming-rdma19    | [34m2021-08-20 07:09:33.206 UTC [gossip/state] deliverPayloads -> INFO 0b2[0m qiji: deliverPayloads 4
fabric_peer5.1.lvxwttmqwyhd@heming-rdma19    | [34m2021-08-20 07:09:33.220 UTC [blocksProvider] DeliverBlocks -> INFO 0b3[0m qiji: blockprovider recv finish
fabric_peer5.1.lvxwttmqwyhd@heming-rdma19    | [34m2021-08-20 07:09:33.220 UTC [blocksProvider] DeliverBlocks -> INFO 0b4[0m qiji: blockprovider 1
fabric_peer5.1.lvxwttmqwyhd@heming-rdma19    | [34m2021-08-20 07:09:33.222 UTC [blocksProvider] DeliverBlocks -> INFO 0b5[0m qiji: blockprovider 2
fabric_peer5.1.lvxwttmqwyhd@heming-rdma19    | [34m2021-08-20 07:09:33.222 UTC [blocksProvider] DeliverBlocks -> INFO 0b6[0m qiji: blockprovider 3
fabric_peer5.1.lvxwttmqwyhd@heming-rdma19    | [34m2021-08-20 07:09:33.222 UTC [blocksProvider] DeliverBlocks -> INFO 0b7[0m qiji: blockprovider 4
fabric_peer5.1.lvxwttmqwyhd@heming-rdma19    | [34m2021-08-20 07:09:33.222 UTC [gossip/state] deliverPayloads -> INFO 0b8[0m qiji: deliverPayloads 1
fabric_peer5.1.lvxwttmqwyhd@heming-rdma19    | [34m2021-08-20 07:09:33.225 UTC [gossip/state] deliverPayloads -> INFO 0b9[0m qiji: deliverPayloads 2
fabric_peer5.1.lvxwttmqwyhd@heming-rdma19    | [34m2021-08-20 07:09:33.227 UTC [gossip/state] deliverPayloads -> INFO 0bb[0m qiji: deliverPayloads 3
fabric_peer5.1.lvxwttmqwyhd@heming-rdma19    | [34m2021-08-20 07:09:33.227 UTC [gossip/privdata] StoreBlock -> INFO 0bc[0m [mychannel] Validating block [10]
fabric_peer5.1.lvxwttmqwyhd@heming-rdma19    | [34m2021-08-20 07:09:33.225 UTC [blocksProvider] DeliverBlocks -> INFO 0ba[0m qiji: blockprovider 5
fabric_peer5.1.lvxwttmqwyhd@heming-rdma19    | [34m2021-08-20 07:09:33.227 UTC [committer/txvalidator] Validate -> INFO 0bd[0m [mychannel] Validated block [10] in 0ms
fabric_peer5.1.lvxwttmqwyhd@heming-rdma19    | [34m2021-08-20 07:09:33.227 UTC [blocksProvider] DeliverBlocks -> INFO 0be[0m qiji: blockprovider recv
fabric_peer5.1.lvxwttmqwyhd@heming-rdma19    | [34m2021-08-20 07:09:33.277 UTC [blocksProvider] DeliverBlocks -> INFO 0bf[0m qiji: blockprovider recv finish
fabric_peer5.1.lvxwttmqwyhd@heming-rdma19    | [34m2021-08-20 07:09:33.277 UTC [blocksProvider] DeliverBlocks -> INFO 0c0[0m qiji: blockprovider 1
fabric_peer5.1.lvxwttmqwyhd@heming-rdma19    | [34m2021-08-20 07:09:33.282 UTC [blocksProvider] DeliverBlocks -> INFO 0c1[0m qiji: blockprovider 2
fabric_peer5.1.lvxwttmqwyhd@heming-rdma19    | [34m2021-08-20 07:09:33.282 UTC [blocksProvider] DeliverBlocks -> INFO 0c2[0m qiji: blockprovider 3
fabric_peer5.1.lvxwttmqwyhd@heming-rdma19    | [34m2021-08-20 07:09:33.283 UTC [blocksProvider] DeliverBlocks -> INFO 0c3[0m qiji: blockprovider 4
fabric_peer5.1.lvxwttmqwyhd@heming-rdma19    | [34m2021-08-20 07:09:33.285 UTC [blocksProvider] DeliverBlocks -> INFO 0c4[0m qiji: blockprovider 5
fabric_peer5.1.lvxwttmqwyhd@heming-rdma19    | [34m2021-08-20 07:09:33.285 UTC [blocksProvider] DeliverBlocks -> INFO 0c5[0m qiji: blockprovider recv
fabric_peer5.1.lvxwttmqwyhd@heming-rdma19    | [34m2021-08-20 07:09:33.301 UTC [kvledger] CommitWithPvtData -> INFO 0c6[0m [mychannel] Committed block [10] with 1500 transaction(s) in 73ms (state_validation=59ms block_commit=0ms state_commit=13ms)
fabric_peer5.1.lvxwttmqwyhd@heming-rdma19    | [34m2021-08-20 07:09:33.301 UTC [gossip/state] deliverPayloads -> INFO 0c7[0m qiji: deliverPayloads 4
fabric_peer5.1.lvxwttmqwyhd@heming-rdma19    | [34m2021-08-20 07:09:33.301 UTC [gossip/state] deliverPayloads -> INFO 0c8[0m qiji: deliverPayloads 1
fabric_peer5.1.lvxwttmqwyhd@heming-rdma19    | [34m2021-08-20 07:09:33.305 UTC [gossip/state] deliverPayloads -> INFO 0c9[0m qiji: deliverPayloads 2
fabric_peer5.1.lvxwttmqwyhd@heming-rdma19    | [34m2021-08-20 07:09:33.305 UTC [gossip/state] deliverPayloads -> INFO 0ca[0m qiji: deliverPayloads 3
fabric_peer5.1.lvxwttmqwyhd@heming-rdma19    | [34m2021-08-20 07:09:33.305 UTC [gossip/privdata] StoreBlock -> INFO 0cb[0m [mychannel] Validating block [11]
fabric_peer5.1.lvxwttmqwyhd@heming-rdma19    | [34m2021-08-20 07:09:33.305 UTC [committer/txvalidator] Validate -> INFO 0cc[0m [mychannel] Validated block [11] in 0ms
fabric_peer5.1.lvxwttmqwyhd@heming-rdma19    | [34m2021-08-20 07:09:33.353 UTC [kvledger] CommitWithPvtData -> INFO 0cd[0m [mychannel] Committed block [11] with 1500 transaction(s) in 48ms (state_validation=29ms block_commit=0ms state_commit=18ms)
fabric_peer5.1.lvxwttmqwyhd@heming-rdma19    | [34m2021-08-20 07:09:33.354 UTC [gossip/state] deliverPayloads -> INFO 0ce[0m qiji: deliverPayloads 4
fabric_peer5.1.lvxwttmqwyhd@heming-rdma19    | [34m2021-08-20 07:09:33.362 UTC [blocksProvider] DeliverBlocks -> INFO 0cf[0m qiji: blockprovider recv finish
fabric_peer5.1.lvxwttmqwyhd@heming-rdma19    | [34m2021-08-20 07:09:33.362 UTC [blocksProvider] DeliverBlocks -> INFO 0d0[0m qiji: blockprovider 1
fabric_peer5.1.lvxwttmqwyhd@heming-rdma19    | [34m2021-08-20 07:09:33.364 UTC [blocksProvider] DeliverBlocks -> INFO 0d1[0m qiji: blockprovider 2
fabric_peer5.1.lvxwttmqwyhd@heming-rdma19    | [34m2021-08-20 07:09:33.364 UTC [blocksProvider] DeliverBlocks -> INFO 0d2[0m qiji: blockprovider 3
fabric_peer5.1.lvxwttmqwyhd@heming-rdma19    | [34m2021-08-20 07:09:33.364 UTC [blocksProvider] DeliverBlocks -> INFO 0d3[0m qiji: blockprovider 4
fabric_peer5.1.lvxwttmqwyhd@heming-rdma19    | [34m2021-08-20 07:09:33.365 UTC [blocksProvider] DeliverBlocks -> INFO 0d4[0m qiji: blockprovider 5
fabric_peer5.1.lvxwttmqwyhd@heming-rdma19    | [34m2021-08-20 07:09:33.365 UTC [blocksProvider] DeliverBlocks -> INFO 0d5[0m qiji: blockprovider recv
fabric_peer5.1.lvxwttmqwyhd@heming-rdma19    | [34m2021-08-20 07:09:33.365 UTC [gossip/state] deliverPayloads -> INFO 0d6[0m qiji: deliverPayloads 1
fabric_peer5.1.lvxwttmqwyhd@heming-rdma19    | [34m2021-08-20 07:09:33.369 UTC [gossip/state] deliverPayloads -> INFO 0d7[0m qiji: deliverPayloads 2
fabric_peer5.1.lvxwttmqwyhd@heming-rdma19    | [34m2021-08-20 07:09:33.369 UTC [gossip/state] deliverPayloads -> INFO 0d8[0m qiji: deliverPayloads 3
fabric_peer5.1.lvxwttmqwyhd@heming-rdma19    | [34m2021-08-20 07:09:33.369 UTC [gossip/privdata] StoreBlock -> INFO 0d9[0m [mychannel] Validating block [12]
fabric_peer5.1.lvxwttmqwyhd@heming-rdma19    | [34m2021-08-20 07:09:33.369 UTC [committer/txvalidator] Validate -> INFO 0da[0m [mychannel] Validated block [12] in 0ms
fabric_peer5.1.lvxwttmqwyhd@heming-rdma19    | [34m2021-08-20 07:09:33.414 UTC [blocksProvider] DeliverBlocks -> INFO 0db[0m qiji: blockprovider recv finish
fabric_peer5.1.lvxwttmqwyhd@heming-rdma19    | [34m2021-08-20 07:09:33.414 UTC [blocksProvider] DeliverBlocks -> INFO 0dc[0m qiji: blockprovider 1
fabric_peer5.1.lvxwttmqwyhd@heming-rdma19    | [34m2021-08-20 07:09:33.416 UTC [blocksProvider] DeliverBlocks -> INFO 0dd[0m qiji: blockprovider 2
fabric_peer5.1.lvxwttmqwyhd@heming-rdma19    | [34m2021-08-20 07:09:33.416 UTC [blocksProvider] DeliverBlocks -> INFO 0de[0m qiji: blockprovider 3
fabric_peer5.1.lvxwttmqwyhd@heming-rdma19    | [34m2021-08-20 07:09:33.417 UTC [blocksProvider] DeliverBlocks -> INFO 0df[0m qiji: blockprovider 4
fabric_peer5.1.lvxwttmqwyhd@heming-rdma19    | [34m2021-08-20 07:09:33.419 UTC [blocksProvider] DeliverBlocks -> INFO 0e0[0m qiji: blockprovider 5
fabric_peer5.1.lvxwttmqwyhd@heming-rdma19    | [34m2021-08-20 07:09:33.419 UTC [blocksProvider] DeliverBlocks -> INFO 0e1[0m qiji: blockprovider recv
fabric_peer5.1.lvxwttmqwyhd@heming-rdma19    | [34m2021-08-20 07:09:33.429 UTC [kvledger] CommitWithPvtData -> INFO 0e2[0m [mychannel] Committed block [12] with 1500 transaction(s) in 59ms (state_validation=50ms block_commit=0ms state_commit=8ms)
fabric_peer5.1.lvxwttmqwyhd@heming-rdma19    | [34m2021-08-20 07:09:33.432 UTC [gossip/state] deliverPayloads -> INFO 0e3[0m qiji: deliverPayloads 4
fabric_peer5.1.lvxwttmqwyhd@heming-rdma19    | [34m2021-08-20 07:09:33.432 UTC [gossip/state] deliverPayloads -> INFO 0e4[0m qiji: deliverPayloads 1
fabric_peer5.1.lvxwttmqwyhd@heming-rdma19    | [34m2021-08-20 07:09:33.445 UTC [gossip/state] deliverPayloads -> INFO 0e5[0m qiji: deliverPayloads 2
fabric_peer5.1.lvxwttmqwyhd@heming-rdma19    | [34m2021-08-20 07:09:33.445 UTC [gossip/state] deliverPayloads -> INFO 0e6[0m qiji: deliverPayloads 3
fabric_peer5.1.lvxwttmqwyhd@heming-rdma19    | [34m2021-08-20 07:09:33.445 UTC [gossip/privdata] StoreBlock -> INFO 0e7[0m [mychannel] Validating block [13]
fabric_peer5.1.lvxwttmqwyhd@heming-rdma19    | [34m2021-08-20 07:09:33.445 UTC [committer/txvalidator] Validate -> INFO 0e8[0m [mychannel] Validated block [13] in 0ms
fabric_peer5.1.lvxwttmqwyhd@heming-rdma19    | [34m2021-08-20 07:09:33.469 UTC [blocksProvider] DeliverBlocks -> INFO 0e9[0m qiji: blockprovider recv finish
fabric_peer5.1.lvxwttmqwyhd@heming-rdma19    | [34m2021-08-20 07:09:33.469 UTC [blocksProvider] DeliverBlocks -> INFO 0ea[0m qiji: blockprovider 1
fabric_peer5.1.lvxwttmqwyhd@heming-rdma19    | [34m2021-08-20 07:09:33.471 UTC [blocksProvider] DeliverBlocks -> INFO 0eb[0m qiji: blockprovider 2
fabric_peer5.1.lvxwttmqwyhd@heming-rdma19    | [34m2021-08-20 07:09:33.471 UTC [blocksProvider] DeliverBlocks -> INFO 0ec[0m qiji: blockprovider 3
fabric_peer5.1.lvxwttmqwyhd@heming-rdma19    | [34m2021-08-20 07:09:33.471 UTC [blocksProvider] DeliverBlocks -> INFO 0ed[0m qiji: blockprovider 4
fabric_peer5.1.lvxwttmqwyhd@heming-rdma19    | [34m2021-08-20 07:09:33.473 UTC [blocksProvider] DeliverBlocks -> INFO 0ee[0m qiji: blockprovider 5
fabric_peer5.1.lvxwttmqwyhd@heming-rdma19    | [34m2021-08-20 07:09:33.473 UTC [blocksProvider] DeliverBlocks -> INFO 0ef[0m qiji: blockprovider recv
fabric_peer5.1.lvxwttmqwyhd@heming-rdma19    | [34m2021-08-20 07:09:33.511 UTC [kvledger] CommitWithPvtData -> INFO 0f0[0m [mychannel] Committed block [13] with 1500 transaction(s) in 65ms (state_validation=59ms block_commit=0ms state_commit=5ms)
fabric_peer5.1.lvxwttmqwyhd@heming-rdma19    | [34m2021-08-20 07:09:33.511 UTC [gossip/state] deliverPayloads -> INFO 0f1[0m qiji: deliverPayloads 4
fabric_peer5.1.lvxwttmqwyhd@heming-rdma19    | [34m2021-08-20 07:09:33.511 UTC [gossip/state] deliverPayloads -> INFO 0f2[0m qiji: deliverPayloads 1
fabric_peer5.1.lvxwttmqwyhd@heming-rdma19    | [34m2021-08-20 07:09:33.513 UTC [gossip/state] deliverPayloads -> INFO 0f3[0m qiji: deliverPayloads 2
fabric_peer5.1.lvxwttmqwyhd@heming-rdma19    | [34m2021-08-20 07:09:33.513 UTC [gossip/state] deliverPayloads -> INFO 0f4[0m qiji: deliverPayloads 3
fabric_peer5.1.lvxwttmqwyhd@heming-rdma19    | [34m2021-08-20 07:09:33.513 UTC [gossip/privdata] StoreBlock -> INFO 0f5[0m [mychannel] Validating block [14]
fabric_peer5.1.lvxwttmqwyhd@heming-rdma19    | [34m2021-08-20 07:09:33.513 UTC [committer/txvalidator] Validate -> INFO 0f6[0m [mychannel] Validated block [14] in 0ms
fabric_peer5.1.lvxwttmqwyhd@heming-rdma19    | [34m2021-08-20 07:09:33.524 UTC [blocksProvider] DeliverBlocks -> INFO 0f7[0m qiji: blockprovider recv finish
fabric_peer5.1.lvxwttmqwyhd@heming-rdma19    | [34m2021-08-20 07:09:33.525 UTC [blocksProvider] DeliverBlocks -> INFO 0f8[0m qiji: blockprovider 1
fabric_peer5.1.lvxwttmqwyhd@heming-rdma19    | [34m2021-08-20 07:09:33.526 UTC [blocksProvider] DeliverBlocks -> INFO 0f9[0m qiji: blockprovider 2
fabric_peer5.1.lvxwttmqwyhd@heming-rdma19    | [34m2021-08-20 07:09:33.526 UTC [blocksProvider] DeliverBlocks -> INFO 0fa[0m qiji: blockprovider 3
fabric_peer5.1.lvxwttmqwyhd@heming-rdma19    | [34m2021-08-20 07:09:33.526 UTC [blocksProvider] DeliverBlocks -> INFO 0fb[0m qiji: blockprovider 4
fabric_peer5.1.lvxwttmqwyhd@heming-rdma19    | [34m2021-08-20 07:09:33.527 UTC [blocksProvider] DeliverBlocks -> INFO 0fc[0m qiji: blockprovider 5
fabric_peer5.1.lvxwttmqwyhd@heming-rdma19    | [34m2021-08-20 07:09:33.527 UTC [blocksProvider] DeliverBlocks -> INFO 0fd[0m qiji: blockprovider recv
fabric_peer5.1.lvxwttmqwyhd@heming-rdma19    | [34m2021-08-20 07:09:33.573 UTC [kvledger] CommitWithPvtData -> INFO 0fe[0m [mychannel] Committed block [14] with 1500 transaction(s) in 59ms (state_validation=35ms block_commit=0ms state_commit=23ms)
fabric_peer5.1.lvxwttmqwyhd@heming-rdma19    | [34m2021-08-20 07:09:33.573 UTC [gossip/state] deliverPayloads -> INFO 0ff[0m qiji: deliverPayloads 4
fabric_peer5.1.lvxwttmqwyhd@heming-rdma19    | [34m2021-08-20 07:09:33.573 UTC [gossip/state] deliverPayloads -> INFO 100[0m qiji: deliverPayloads 1
fabric_peer5.1.lvxwttmqwyhd@heming-rdma19    | [34m2021-08-20 07:09:33.576 UTC [gossip/state] deliverPayloads -> INFO 101[0m qiji: deliverPayloads 2
fabric_peer5.1.lvxwttmqwyhd@heming-rdma19    | [34m2021-08-20 07:09:33.576 UTC [gossip/state] deliverPayloads -> INFO 102[0m qiji: deliverPayloads 3
fabric_peer5.1.lvxwttmqwyhd@heming-rdma19    | [34m2021-08-20 07:09:33.576 UTC [gossip/privdata] StoreBlock -> INFO 103[0m [mychannel] Validating block [15]
fabric_peer5.1.lvxwttmqwyhd@heming-rdma19    | [34m2021-08-20 07:09:33.576 UTC [committer/txvalidator] Validate -> INFO 104[0m [mychannel] Validated block [15] in 0ms
fabric_peer5.1.lvxwttmqwyhd@heming-rdma19    | [34m2021-08-20 07:09:33.591 UTC [blocksProvider] DeliverBlocks -> INFO 105[0m qiji: blockprovider recv finish
fabric_peer5.1.lvxwttmqwyhd@heming-rdma19    | [34m2021-08-20 07:09:33.591 UTC [blocksProvider] DeliverBlocks -> INFO 106[0m qiji: blockprovider 1
fabric_peer5.1.lvxwttmqwyhd@heming-rdma19    | [34m2021-08-20 07:09:33.593 UTC [blocksProvider] DeliverBlocks -> INFO 107[0m qiji: blockprovider 2
fabric_peer5.1.lvxwttmqwyhd@heming-rdma19    | [34m2021-08-20 07:09:33.593 UTC [blocksProvider] DeliverBlocks -> INFO 108[0m qiji: blockprovider 3
fabric_peer5.1.lvxwttmqwyhd@heming-rdma19    | [34m2021-08-20 07:09:33.593 UTC [blocksProvider] DeliverBlocks -> INFO 109[0m qiji: blockprovider 4
fabric_peer5.1.lvxwttmqwyhd@heming-rdma19    | [34m2021-08-20 07:09:33.594 UTC [blocksProvider] DeliverBlocks -> INFO 10a[0m qiji: blockprovider 5
fabric_peer5.1.lvxwttmqwyhd@heming-rdma19    | [34m2021-08-20 07:09:33.594 UTC [blocksProvider] DeliverBlocks -> INFO 10b[0m qiji: blockprovider recv
fabric_peer5.1.lvxwttmqwyhd@heming-rdma19    | [34m2021-08-20 07:09:33.603 UTC [kvledger] CommitWithPvtData -> INFO 10c[0m [mychannel] Committed block [15] with 1500 transaction(s) in 27ms (state_validation=23ms block_commit=0ms state_commit=3ms)
fabric_peer5.1.lvxwttmqwyhd@heming-rdma19    | [34m2021-08-20 07:09:33.603 UTC [gossip/state] deliverPayloads -> INFO 10d[0m qiji: deliverPayloads 4
fabric_peer5.1.lvxwttmqwyhd@heming-rdma19    | [34m2021-08-20 07:09:33.603 UTC [gossip/state] deliverPayloads -> INFO 10e[0m qiji: deliverPayloads 1
fabric_peer5.1.lvxwttmqwyhd@heming-rdma19    | [34m2021-08-20 07:09:33.605 UTC [gossip/state] deliverPayloads -> INFO 10f[0m qiji: deliverPayloads 2
fabric_peer5.1.lvxwttmqwyhd@heming-rdma19    | [34m2021-08-20 07:09:33.605 UTC [gossip/state] deliverPayloads -> INFO 110[0m qiji: deliverPayloads 3
fabric_peer5.1.lvxwttmqwyhd@heming-rdma19    | [34m2021-08-20 07:09:33.605 UTC [gossip/privdata] StoreBlock -> INFO 111[0m [mychannel] Validating block [16]
fabric_peer5.1.lvxwttmqwyhd@heming-rdma19    | [34m2021-08-20 07:09:33.605 UTC [committer/txvalidator] Validate -> INFO 112[0m [mychannel] Validated block [16] in 0ms
fabric_peer5.1.lvxwttmqwyhd@heming-rdma19    | [34m2021-08-20 07:09:33.651 UTC [blocksProvider] DeliverBlocks -> INFO 113[0m qiji: blockprovider recv finish
fabric_peer5.1.lvxwttmqwyhd@heming-rdma19    | [34m2021-08-20 07:09:33.651 UTC [blocksProvider] DeliverBlocks -> INFO 114[0m qiji: blockprovider 1
fabric_peer5.1.lvxwttmqwyhd@heming-rdma19    | [34m2021-08-20 07:09:33.652 UTC [blocksProvider] DeliverBlocks -> INFO 115[0m qiji: blockprovider 2
fabric_peer5.1.lvxwttmqwyhd@heming-rdma19    | [34m2021-08-20 07:09:33.652 UTC [blocksProvider] DeliverBlocks -> INFO 116[0m qiji: blockprovider 3
fabric_peer5.1.lvxwttmqwyhd@heming-rdma19    | [34m2021-08-20 07:09:33.653 UTC [blocksProvider] DeliverBlocks -> INFO 117[0m qiji: blockprovider 4
fabric_peer5.1.lvxwttmqwyhd@heming-rdma19    | [34m2021-08-20 07:09:33.654 UTC [blocksProvider] DeliverBlocks -> INFO 118[0m qiji: blockprovider 5
fabric_peer5.1.lvxwttmqwyhd@heming-rdma19    | [34m2021-08-20 07:09:33.654 UTC [blocksProvider] DeliverBlocks -> INFO 119[0m qiji: blockprovider recv
fabric_peer5.1.lvxwttmqwyhd@heming-rdma19    | [34m2021-08-20 07:09:33.661 UTC [kvledger] CommitWithPvtData -> INFO 11a[0m [mychannel] Committed block [16] with 1500 transaction(s) in 54ms (state_validation=50ms block_commit=0ms state_commit=4ms)
fabric_peer5.1.lvxwttmqwyhd@heming-rdma19    | [34m2021-08-20 07:09:33.661 UTC [gossip/state] deliverPayloads -> INFO 11b[0m qiji: deliverPayloads 4
fabric_peer5.1.lvxwttmqwyhd@heming-rdma19    | [34m2021-08-20 07:09:33.661 UTC [gossip/state] deliverPayloads -> INFO 11c[0m qiji: deliverPayloads 1
fabric_peer5.1.lvxwttmqwyhd@heming-rdma19    | [34m2021-08-20 07:09:33.664 UTC [gossip/state] deliverPayloads -> INFO 11d[0m qiji: deliverPayloads 2
fabric_peer5.1.lvxwttmqwyhd@heming-rdma19    | [34m2021-08-20 07:09:33.664 UTC [gossip/state] deliverPayloads -> INFO 11e[0m qiji: deliverPayloads 3
fabric_peer5.1.lvxwttmqwyhd@heming-rdma19    | [34m2021-08-20 07:09:33.664 UTC [gossip/privdata] StoreBlock -> INFO 11f[0m [mychannel] Validating block [17]
fabric_peer5.1.lvxwttmqwyhd@heming-rdma19    | [34m2021-08-20 07:09:33.664 UTC [committer/txvalidator] Validate -> INFO 120[0m [mychannel] Validated block [17] in 0ms
fabric_peer5.1.lvxwttmqwyhd@heming-rdma19    | [34m2021-08-20 07:09:33.704 UTC [kvledger] CommitWithPvtData -> INFO 121[0m [mychannel] Committed block [17] with 1500 transaction(s) in 40ms (state_validation=34ms block_commit=0ms state_commit=6ms)
fabric_peer5.1.lvxwttmqwyhd@heming-rdma19    | [34m2021-08-20 07:09:33.705 UTC [gossip/state] deliverPayloads -> INFO 122[0m qiji: deliverPayloads 4
fabric_peer5.1.lvxwttmqwyhd@heming-rdma19    | [34m2021-08-20 07:09:33.722 UTC [blocksProvider] DeliverBlocks -> INFO 123[0m qiji: blockprovider recv finish
fabric_peer5.1.lvxwttmqwyhd@heming-rdma19    | [34m2021-08-20 07:09:33.722 UTC [blocksProvider] DeliverBlocks -> INFO 124[0m qiji: blockprovider 1
fabric_peer5.1.lvxwttmqwyhd@heming-rdma19    | [34m2021-08-20 07:09:33.725 UTC [blocksProvider] DeliverBlocks -> INFO 125[0m qiji: blockprovider 2
fabric_peer5.1.lvxwttmqwyhd@heming-rdma19    | [34m2021-08-20 07:09:33.725 UTC [blocksProvider] DeliverBlocks -> INFO 126[0m qiji: blockprovider 3
fabric_peer5.1.lvxwttmqwyhd@heming-rdma19    | [34m2021-08-20 07:09:33.726 UTC [blocksProvider] DeliverBlocks -> INFO 127[0m qiji: blockprovider 4
fabric_peer5.1.lvxwttmqwyhd@heming-rdma19    | [34m2021-08-20 07:09:33.727 UTC [gossip/state] deliverPayloads -> INFO 128[0m qiji: deliverPayloads 1
fabric_peer5.1.lvxwttmqwyhd@heming-rdma19    | [34m2021-08-20 07:09:33.729 UTC [blocksProvider] DeliverBlocks -> INFO 129[0m qiji: blockprovider 5
fabric_peer5.1.lvxwttmqwyhd@heming-rdma19    | [34m2021-08-20 07:09:33.729 UTC [blocksProvider] DeliverBlocks -> INFO 12a[0m qiji: blockprovider recv
fabric_peer5.1.lvxwttmqwyhd@heming-rdma19    | [34m2021-08-20 07:09:33.730 UTC [gossip/state] deliverPayloads -> INFO 12b[0m qiji: deliverPayloads 2
fabric_peer5.1.lvxwttmqwyhd@heming-rdma19    | [34m2021-08-20 07:09:33.731 UTC [gossip/state] deliverPayloads -> INFO 12c[0m qiji: deliverPayloads 3
fabric_peer5.1.lvxwttmqwyhd@heming-rdma19    | [34m2021-08-20 07:09:33.731 UTC [gossip/privdata] StoreBlock -> INFO 12d[0m [mychannel] Validating block [18]
fabric_peer5.1.lvxwttmqwyhd@heming-rdma19    | [34m2021-08-20 07:09:33.731 UTC [committer/txvalidator] Validate -> INFO 12e[0m [mychannel] Validated block [18] in 0ms
fabric_peer5.1.lvxwttmqwyhd@heming-rdma19    | [34m2021-08-20 07:09:33.771 UTC [blocksProvider] DeliverBlocks -> INFO 12f[0m qiji: blockprovider recv finish
fabric_peer5.1.lvxwttmqwyhd@heming-rdma19    | [34m2021-08-20 07:09:33.771 UTC [blocksProvider] DeliverBlocks -> INFO 130[0m qiji: blockprovider 1
fabric_peer5.1.lvxwttmqwyhd@heming-rdma19    | [34m2021-08-20 07:09:33.777 UTC [blocksProvider] DeliverBlocks -> INFO 131[0m qiji: blockprovider 2
fabric_peer5.1.lvxwttmqwyhd@heming-rdma19    | [34m2021-08-20 07:09:33.777 UTC [blocksProvider] DeliverBlocks -> INFO 132[0m qiji: blockprovider 3
fabric_peer5.1.lvxwttmqwyhd@heming-rdma19    | [34m2021-08-20 07:09:33.777 UTC [blocksProvider] DeliverBlocks -> INFO 133[0m qiji: blockprovider 4
fabric_peer5.1.lvxwttmqwyhd@heming-rdma19    | [34m2021-08-20 07:09:33.778 UTC [blocksProvider] DeliverBlocks -> INFO 134[0m qiji: blockprovider 5
fabric_peer5.1.lvxwttmqwyhd@heming-rdma19    | [34m2021-08-20 07:09:33.778 UTC [blocksProvider] DeliverBlocks -> INFO 135[0m qiji: blockprovider recv
fabric_peer5.1.lvxwttmqwyhd@heming-rdma19    | [34m2021-08-20 07:09:33.806 UTC [kvledger] CommitWithPvtData -> INFO 136[0m [mychannel] Committed block [18] with 1500 transaction(s) in 74ms (state_validation=51ms block_commit=0ms state_commit=22ms)
fabric_peer5.1.lvxwttmqwyhd@heming-rdma19    | [34m2021-08-20 07:09:33.806 UTC [gossip/state] deliverPayloads -> INFO 137[0m qiji: deliverPayloads 4
fabric_peer5.1.lvxwttmqwyhd@heming-rdma19    | [34m2021-08-20 07:09:33.806 UTC [gossip/state] deliverPayloads -> INFO 138[0m qiji: deliverPayloads 1
fabric_peer5.1.lvxwttmqwyhd@heming-rdma19    | [34m2021-08-20 07:09:33.808 UTC [gossip/state] deliverPayloads -> INFO 139[0m qiji: deliverPayloads 2
fabric_peer5.1.lvxwttmqwyhd@heming-rdma19    | [34m2021-08-20 07:09:33.808 UTC [gossip/state] deliverPayloads -> INFO 13a[0m qiji: deliverPayloads 3
fabric_peer5.1.lvxwttmqwyhd@heming-rdma19    | [34m2021-08-20 07:09:33.808 UTC [gossip/privdata] StoreBlock -> INFO 13b[0m [mychannel] Validating block [19]
fabric_peer5.1.lvxwttmqwyhd@heming-rdma19    | [34m2021-08-20 07:09:33.809 UTC [committer/txvalidator] Validate -> INFO 13c[0m [mychannel] Validated block [19] in 0ms
fabric_peer5.1.lvxwttmqwyhd@heming-rdma19    | [34m2021-08-20 07:09:33.830 UTC [blocksProvider] DeliverBlocks -> INFO 13d[0m qiji: blockprovider recv finish
fabric_peer5.1.lvxwttmqwyhd@heming-rdma19    | [34m2021-08-20 07:09:33.831 UTC [blocksProvider] DeliverBlocks -> INFO 13e[0m qiji: blockprovider 1
fabric_peer5.1.lvxwttmqwyhd@heming-rdma19    | [34m2021-08-20 07:09:33.837 UTC [blocksProvider] DeliverBlocks -> INFO 13f[0m qiji: blockprovider 2
fabric_peer5.1.lvxwttmqwyhd@heming-rdma19    | [34m2021-08-20 07:09:33.837 UTC [blocksProvider] DeliverBlocks -> INFO 140[0m qiji: blockprovider 3
fabric_peer5.1.lvxwttmqwyhd@heming-rdma19    | [34m2021-08-20 07:09:33.838 UTC [blocksProvider] DeliverBlocks -> INFO 141[0m qiji: blockprovider 4
fabric_peer5.1.lvxwttmqwyhd@heming-rdma19    | [34m2021-08-20 07:09:33.841 UTC [blocksProvider] DeliverBlocks -> INFO 142[0m qiji: blockprovider 5
fabric_peer5.1.lvxwttmqwyhd@heming-rdma19    | [34m2021-08-20 07:09:33.841 UTC [blocksProvider] DeliverBlocks -> INFO 143[0m qiji: blockprovider recv
fabric_peer5.1.lvxwttmqwyhd@heming-rdma19    | [34m2021-08-20 07:09:33.867 UTC [kvledger] CommitWithPvtData -> INFO 144[0m [mychannel] Committed block [19] with 1500 transaction(s) in 58ms (state_validation=49ms block_commit=0ms state_commit=8ms)
fabric_peer5.1.lvxwttmqwyhd@heming-rdma19    | [34m2021-08-20 07:09:33.868 UTC [gossip/state] deliverPayloads -> INFO 145[0m qiji: deliverPayloads 4
fabric_peer5.1.lvxwttmqwyhd@heming-rdma19    | [34m2021-08-20 07:09:33.868 UTC [gossip/state] deliverPayloads -> INFO 146[0m qiji: deliverPayloads 1
fabric_peer5.1.lvxwttmqwyhd@heming-rdma19    | [34m2021-08-20 07:09:33.869 UTC [gossip/state] deliverPayloads -> INFO 147[0m qiji: deliverPayloads 2
fabric_peer5.1.lvxwttmqwyhd@heming-rdma19    | [34m2021-08-20 07:09:33.869 UTC [gossip/state] deliverPayloads -> INFO 148[0m qiji: deliverPayloads 3
fabric_peer5.1.lvxwttmqwyhd@heming-rdma19    | [34m2021-08-20 07:09:33.869 UTC [gossip/privdata] StoreBlock -> INFO 149[0m [mychannel] Validating block [20]
fabric_peer5.1.lvxwttmqwyhd@heming-rdma19    | [34m2021-08-20 07:09:33.869 UTC [committer/txvalidator] Validate -> INFO 14a[0m [mychannel] Validated block [20] in 0ms
fabric_peer5.1.lvxwttmqwyhd@heming-rdma19    | [34m2021-08-20 07:09:33.884 UTC [blocksProvider] DeliverBlocks -> INFO 14b[0m qiji: blockprovider recv finish
fabric_peer5.1.lvxwttmqwyhd@heming-rdma19    | [34m2021-08-20 07:09:33.885 UTC [blocksProvider] DeliverBlocks -> INFO 14c[0m qiji: blockprovider 1
fabric_peer5.1.lvxwttmqwyhd@heming-rdma19    | [34m2021-08-20 07:09:33.887 UTC [blocksProvider] DeliverBlocks -> INFO 14d[0m qiji: blockprovider 2
fabric_peer5.1.lvxwttmqwyhd@heming-rdma19    | [34m2021-08-20 07:09:33.887 UTC [blocksProvider] DeliverBlocks -> INFO 14e[0m qiji: blockprovider 3
fabric_peer5.1.lvxwttmqwyhd@heming-rdma19    | [34m2021-08-20 07:09:33.887 UTC [blocksProvider] DeliverBlocks -> INFO 14f[0m qiji: blockprovider 4
fabric_peer5.1.lvxwttmqwyhd@heming-rdma19    | [34m2021-08-20 07:09:33.888 UTC [blocksProvider] DeliverBlocks -> INFO 150[0m qiji: blockprovider 5
fabric_peer5.1.lvxwttmqwyhd@heming-rdma19    | [34m2021-08-20 07:09:33.891 UTC [blocksProvider] DeliverBlocks -> INFO 151[0m qiji: blockprovider recv
fabric_peer5.1.lvxwttmqwyhd@heming-rdma19    | [34m2021-08-20 07:09:33.905 UTC [kvledger] CommitWithPvtData -> INFO 152[0m [mychannel] Committed block [20] with 1500 transaction(s) in 35ms (state_validation=28ms block_commit=0ms state_commit=6ms)
fabric_peer5.1.lvxwttmqwyhd@heming-rdma19    | [34m2021-08-20 07:09:33.905 UTC [gossip/state] deliverPayloads -> INFO 153[0m qiji: deliverPayloads 4
fabric_peer5.1.lvxwttmqwyhd@heming-rdma19    | [34m2021-08-20 07:09:33.905 UTC [gossip/state] deliverPayloads -> INFO 154[0m qiji: deliverPayloads 1
fabric_peer5.1.lvxwttmqwyhd@heming-rdma19    | [34m2021-08-20 07:09:33.907 UTC [gossip/state] deliverPayloads -> INFO 155[0m qiji: deliverPayloads 2
fabric_peer5.1.lvxwttmqwyhd@heming-rdma19    | [34m2021-08-20 07:09:33.907 UTC [gossip/state] deliverPayloads -> INFO 156[0m qiji: deliverPayloads 3
fabric_peer5.1.lvxwttmqwyhd@heming-rdma19    | [34m2021-08-20 07:09:33.908 UTC [gossip/privdata] StoreBlock -> INFO 157[0m [mychannel] Validating block [21]
fabric_peer5.1.lvxwttmqwyhd@heming-rdma19    | [34m2021-08-20 07:09:33.908 UTC [committer/txvalidator] Validate -> INFO 158[0m [mychannel] Validated block [21] in 0ms
fabric_peer5.1.lvxwttmqwyhd@heming-rdma19    | [34m2021-08-20 07:09:33.951 UTC [blocksProvider] DeliverBlocks -> INFO 159[0m qiji: blockprovider recv finish
fabric_peer5.1.lvxwttmqwyhd@heming-rdma19    | [34m2021-08-20 07:09:33.951 UTC [blocksProvider] DeliverBlocks -> INFO 15a[0m qiji: blockprovider 1
fabric_peer5.1.lvxwttmqwyhd@heming-rdma19    | [34m2021-08-20 07:09:33.953 UTC [blocksProvider] DeliverBlocks -> INFO 15b[0m qiji: blockprovider 2
fabric_peer5.1.lvxwttmqwyhd@heming-rdma19    | [34m2021-08-20 07:09:33.953 UTC [blocksProvider] DeliverBlocks -> INFO 15c[0m qiji: blockprovider 3
fabric_peer5.1.lvxwttmqwyhd@heming-rdma19    | [34m2021-08-20 07:09:33.953 UTC [blocksProvider] DeliverBlocks -> INFO 15d[0m qiji: blockprovider 4
fabric_peer5.1.lvxwttmqwyhd@heming-rdma19    | [34m2021-08-20 07:09:33.954 UTC [blocksProvider] DeliverBlocks -> INFO 15e[0m qiji: blockprovider 5
fabric_peer5.1.lvxwttmqwyhd@heming-rdma19    | [34m2021-08-20 07:09:33.954 UTC [blocksProvider] DeliverBlocks -> INFO 15f[0m qiji: blockprovider recv
fabric_peer5.1.lvxwttmqwyhd@heming-rdma19    | [34m2021-08-20 07:09:33.969 UTC [kvledger] CommitWithPvtData -> INFO 160[0m [mychannel] Committed block [21] with 1500 transaction(s) in 61ms (state_validation=56ms block_commit=0ms state_commit=4ms)
fabric_peer5.1.lvxwttmqwyhd@heming-rdma19    | [34m2021-08-20 07:09:33.969 UTC [gossip/state] deliverPayloads -> INFO 161[0m qiji: deliverPayloads 4
fabric_peer5.1.lvxwttmqwyhd@heming-rdma19    | [34m2021-08-20 07:09:33.970 UTC [gossip/state] deliverPayloads -> INFO 162[0m qiji: deliverPayloads 1
fabric_peer5.1.lvxwttmqwyhd@heming-rdma19    | [34m2021-08-20 07:09:33.972 UTC [gossip/state] deliverPayloads -> INFO 163[0m qiji: deliverPayloads 2
fabric_peer5.1.lvxwttmqwyhd@heming-rdma19    | [34m2021-08-20 07:09:33.972 UTC [gossip/state] deliverPayloads -> INFO 164[0m qiji: deliverPayloads 3
fabric_peer5.1.lvxwttmqwyhd@heming-rdma19    | [34m2021-08-20 07:09:33.972 UTC [gossip/privdata] StoreBlock -> INFO 165[0m [mychannel] Validating block [22]
fabric_peer5.1.lvxwttmqwyhd@heming-rdma19    | [34m2021-08-20 07:09:33.972 UTC [committer/txvalidator] Validate -> INFO 166[0m [mychannel] Validated block [22] in 0ms
fabric_peer5.1.lvxwttmqwyhd@heming-rdma19    | [34m2021-08-20 07:09:34.012 UTC [blocksProvider] DeliverBlocks -> INFO 167[0m qiji: blockprovider recv finish
fabric_peer5.1.lvxwttmqwyhd@heming-rdma19    | [34m2021-08-20 07:09:34.012 UTC [blocksProvider] DeliverBlocks -> INFO 168[0m qiji: blockprovider 1
fabric_peer5.1.lvxwttmqwyhd@heming-rdma19    | [34m2021-08-20 07:09:34.020 UTC [blocksProvider] DeliverBlocks -> INFO 169[0m qiji: blockprovider 2
fabric_peer5.1.lvxwttmqwyhd@heming-rdma19    | [34m2021-08-20 07:09:34.020 UTC [blocksProvider] DeliverBlocks -> INFO 16a[0m qiji: blockprovider 3
fabric_peer5.1.lvxwttmqwyhd@heming-rdma19    | [34m2021-08-20 07:09:34.030 UTC [kvledger] CommitWithPvtData -> INFO 16b[0m [mychannel] Committed block [22] with 1500 transaction(s) in 58ms (state_validation=39ms block_commit=0ms state_commit=18ms)
fabric_peer5.1.lvxwttmqwyhd@heming-rdma19    | [34m2021-08-20 07:09:34.031 UTC [gossip/state] deliverPayloads -> INFO 16c[0m qiji: deliverPayloads 4
fabric_peer5.1.lvxwttmqwyhd@heming-rdma19    | [34m2021-08-20 07:09:34.033 UTC [blocksProvider] DeliverBlocks -> INFO 16d[0m qiji: blockprovider 4
fabric_peer5.1.lvxwttmqwyhd@heming-rdma19    | [34m2021-08-20 07:09:34.034 UTC [blocksProvider] DeliverBlocks -> INFO 16e[0m qiji: blockprovider 5
fabric_peer5.1.lvxwttmqwyhd@heming-rdma19    | [34m2021-08-20 07:09:34.034 UTC [blocksProvider] DeliverBlocks -> INFO 16f[0m qiji: blockprovider recv
fabric_peer5.1.lvxwttmqwyhd@heming-rdma19    | [34m2021-08-20 07:09:34.034 UTC [gossip/state] deliverPayloads -> INFO 170[0m qiji: deliverPayloads 1
fabric_peer5.1.lvxwttmqwyhd@heming-rdma19    | [34m2021-08-20 07:09:34.036 UTC [gossip/state] deliverPayloads -> INFO 171[0m qiji: deliverPayloads 2
fabric_peer5.1.lvxwttmqwyhd@heming-rdma19    | [34m2021-08-20 07:09:34.036 UTC [gossip/state] deliverPayloads -> INFO 172[0m qiji: deliverPayloads 3
fabric_peer5.1.lvxwttmqwyhd@heming-rdma19    | [34m2021-08-20 07:09:34.036 UTC [gossip/privdata] StoreBlock -> INFO 173[0m [mychannel] Validating block [23]
fabric_peer5.1.lvxwttmqwyhd@heming-rdma19    | [34m2021-08-20 07:09:34.036 UTC [committer/txvalidator] Validate -> INFO 174[0m [mychannel] Validated block [23] in 0ms
fabric_peer5.1.lvxwttmqwyhd@heming-rdma19    | [34m2021-08-20 07:09:34.065 UTC [blocksProvider] DeliverBlocks -> INFO 175[0m qiji: blockprovider recv finish
fabric_peer5.1.lvxwttmqwyhd@heming-rdma19    | [34m2021-08-20 07:09:34.065 UTC [blocksProvider] DeliverBlocks -> INFO 176[0m qiji: blockprovider 1
fabric_peer5.1.lvxwttmqwyhd@heming-rdma19    | [34m2021-08-20 07:09:34.068 UTC [blocksProvider] DeliverBlocks -> INFO 177[0m qiji: blockprovider 2
fabric_peer5.1.lvxwttmqwyhd@heming-rdma19    | [34m2021-08-20 07:09:34.068 UTC [blocksProvider] DeliverBlocks -> INFO 178[0m qiji: blockprovider 3
fabric_peer5.1.lvxwttmqwyhd@heming-rdma19    | [34m2021-08-20 07:09:34.068 UTC [blocksProvider] DeliverBlocks -> INFO 179[0m qiji: blockprovider 4
fabric_peer5.1.lvxwttmqwyhd@heming-rdma19    | [34m2021-08-20 07:09:34.069 UTC [blocksProvider] DeliverBlocks -> INFO 17a[0m qiji: blockprovider 5
fabric_peer5.1.lvxwttmqwyhd@heming-rdma19    | [34m2021-08-20 07:09:34.069 UTC [blocksProvider] DeliverBlocks -> INFO 17b[0m qiji: blockprovider recv
fabric_peer5.1.lvxwttmqwyhd@heming-rdma19    | [34m2021-08-20 07:09:34.111 UTC [kvledger] CommitWithPvtData -> INFO 17c[0m [mychannel] Committed block [23] with 1500 transaction(s) in 74ms (state_validation=50ms block_commit=0ms state_commit=23ms)
fabric_peer5.1.lvxwttmqwyhd@heming-rdma19    | [34m2021-08-20 07:09:34.111 UTC [gossip/state] deliverPayloads -> INFO 17d[0m qiji: deliverPayloads 4
fabric_peer5.1.lvxwttmqwyhd@heming-rdma19    | [34m2021-08-20 07:09:34.111 UTC [gossip/state] deliverPayloads -> INFO 17e[0m qiji: deliverPayloads 1
fabric_peer5.1.lvxwttmqwyhd@heming-rdma19    | [34m2021-08-20 07:09:34.114 UTC [gossip/state] deliverPayloads -> INFO 17f[0m qiji: deliverPayloads 2
fabric_peer5.1.lvxwttmqwyhd@heming-rdma19    | [34m2021-08-20 07:09:34.114 UTC [gossip/state] deliverPayloads -> INFO 180[0m qiji: deliverPayloads 3
fabric_peer5.1.lvxwttmqwyhd@heming-rdma19    | [34m2021-08-20 07:09:34.114 UTC [gossip/privdata] StoreBlock -> INFO 181[0m [mychannel] Validating block [24]
fabric_peer5.1.lvxwttmqwyhd@heming-rdma19    | [34m2021-08-20 07:09:34.114 UTC [committer/txvalidator] Validate -> INFO 182[0m [mychannel] Validated block [24] in 0ms
fabric_peer5.1.lvxwttmqwyhd@heming-rdma19    | [34m2021-08-20 07:09:34.136 UTC [blocksProvider] DeliverBlocks -> INFO 183[0m qiji: blockprovider recv finish
fabric_peer5.1.lvxwttmqwyhd@heming-rdma19    | [34m2021-08-20 07:09:34.136 UTC [blocksProvider] DeliverBlocks -> INFO 184[0m qiji: blockprovider 1
fabric_peer5.1.lvxwttmqwyhd@heming-rdma19    | [34m2021-08-20 07:09:34.138 UTC [blocksProvider] DeliverBlocks -> INFO 185[0m qiji: blockprovider 2
fabric_peer5.1.lvxwttmqwyhd@heming-rdma19    | [34m2021-08-20 07:09:34.139 UTC [blocksProvider] DeliverBlocks -> INFO 186[0m qiji: blockprovider 3
fabric_peer5.1.lvxwttmqwyhd@heming-rdma19    | [34m2021-08-20 07:09:34.139 UTC [blocksProvider] DeliverBlocks -> INFO 187[0m qiji: blockprovider 4
fabric_peer5.1.lvxwttmqwyhd@heming-rdma19    | [34m2021-08-20 07:09:34.142 UTC [blocksProvider] DeliverBlocks -> INFO 188[0m qiji: blockprovider 5
fabric_peer5.1.lvxwttmqwyhd@heming-rdma19    | [34m2021-08-20 07:09:34.142 UTC [blocksProvider] DeliverBlocks -> INFO 189[0m qiji: blockprovider recv
fabric_peer5.1.lvxwttmqwyhd@heming-rdma19    | [34m2021-08-20 07:09:34.180 UTC [blocksProvider] DeliverBlocks -> INFO 18a[0m qiji: blockprovider recv finish
fabric_peer5.1.lvxwttmqwyhd@heming-rdma19    | [34m2021-08-20 07:09:34.180 UTC [blocksProvider] DeliverBlocks -> INFO 18b[0m qiji: blockprovider 1
fabric_peer5.1.lvxwttmqwyhd@heming-rdma19    | [34m2021-08-20 07:09:34.181 UTC [blocksProvider] DeliverBlocks -> INFO 18c[0m qiji: blockprovider 2
fabric_peer5.1.lvxwttmqwyhd@heming-rdma19    | [34m2021-08-20 07:09:34.181 UTC [blocksProvider] DeliverBlocks -> INFO 18d[0m qiji: blockprovider 3
fabric_peer5.1.lvxwttmqwyhd@heming-rdma19    | [34m2021-08-20 07:09:34.184 UTC [kvledger] CommitWithPvtData -> INFO 18e[0m [mychannel] Committed block [24] with 1500 transaction(s) in 70ms (state_validation=55ms block_commit=0ms state_commit=15ms)
fabric_peer5.1.lvxwttmqwyhd@heming-rdma19    | [34m2021-08-20 07:09:34.184 UTC [gossip/state] deliverPayloads -> INFO 18f[0m qiji: deliverPayloads 4
fabric_peer5.1.lvxwttmqwyhd@heming-rdma19    | [34m2021-08-20 07:09:34.185 UTC [gossip/state] deliverPayloads -> INFO 190[0m qiji: deliverPayloads 1
fabric_peer5.1.lvxwttmqwyhd@heming-rdma19    | [34m2021-08-20 07:09:34.185 UTC [blocksProvider] DeliverBlocks -> INFO 191[0m qiji: blockprovider 4
fabric_peer5.1.lvxwttmqwyhd@heming-rdma19    | [34m2021-08-20 07:09:34.186 UTC [blocksProvider] DeliverBlocks -> INFO 192[0m qiji: blockprovider 5
fabric_peer5.1.lvxwttmqwyhd@heming-rdma19    | [34m2021-08-20 07:09:34.186 UTC [blocksProvider] DeliverBlocks -> INFO 193[0m qiji: blockprovider recv
fabric_peer5.1.lvxwttmqwyhd@heming-rdma19    | [34m2021-08-20 07:09:34.186 UTC [gossip/state] deliverPayloads -> INFO 194[0m qiji: deliverPayloads 2
fabric_peer5.1.lvxwttmqwyhd@heming-rdma19    | [34m2021-08-20 07:09:34.186 UTC [gossip/state] deliverPayloads -> INFO 195[0m qiji: deliverPayloads 3
fabric_peer5.1.lvxwttmqwyhd@heming-rdma19    | [34m2021-08-20 07:09:34.186 UTC [gossip/privdata] StoreBlock -> INFO 196[0m [mychannel] Validating block [25]
fabric_peer5.1.lvxwttmqwyhd@heming-rdma19    | [34m2021-08-20 07:09:34.186 UTC [committer/txvalidator] Validate -> INFO 197[0m [mychannel] Validated block [25] in 0ms
fabric_peer5.1.lvxwttmqwyhd@heming-rdma19    | [34m2021-08-20 07:09:34.224 UTC [kvledger] CommitWithPvtData -> INFO 198[0m [mychannel] Committed block [25] with 1500 transaction(s) in 37ms (state_validation=33ms block_commit=0ms state_commit=4ms)
fabric_peer5.1.lvxwttmqwyhd@heming-rdma19    | [34m2021-08-20 07:09:34.225 UTC [gossip/state] deliverPayloads -> INFO 199[0m qiji: deliverPayloads 4
fabric_peer5.1.lvxwttmqwyhd@heming-rdma19    | [34m2021-08-20 07:09:34.225 UTC [gossip/state] deliverPayloads -> INFO 19a[0m qiji: deliverPayloads 1
fabric_peer5.1.lvxwttmqwyhd@heming-rdma19    | [34m2021-08-20 07:09:34.227 UTC [gossip/state] deliverPayloads -> INFO 19b[0m qiji: deliverPayloads 2
fabric_peer5.1.lvxwttmqwyhd@heming-rdma19    | [34m2021-08-20 07:09:34.227 UTC [gossip/state] deliverPayloads -> INFO 19c[0m qiji: deliverPayloads 3
fabric_peer5.1.lvxwttmqwyhd@heming-rdma19    | [34m2021-08-20 07:09:34.227 UTC [gossip/privdata] StoreBlock -> INFO 19d[0m [mychannel] Validating block [26]
fabric_peer5.1.lvxwttmqwyhd@heming-rdma19    | [34m2021-08-20 07:09:34.227 UTC [committer/txvalidator] Validate -> INFO 19e[0m [mychannel] Validated block [26] in 0ms
fabric_peer5.1.lvxwttmqwyhd@heming-rdma19    | [34m2021-08-20 07:09:34.271 UTC [blocksProvider] DeliverBlocks -> INFO 19f[0m qiji: blockprovider recv finish
fabric_peer5.1.lvxwttmqwyhd@heming-rdma19    | [34m2021-08-20 07:09:34.271 UTC [blocksProvider] DeliverBlocks -> INFO 1a0[0m qiji: blockprovider 1
fabric_peer5.1.lvxwttmqwyhd@heming-rdma19    | [34m2021-08-20 07:09:34.274 UTC [blocksProvider] DeliverBlocks -> INFO 1a1[0m qiji: blockprovider 2
fabric_peer5.1.lvxwttmqwyhd@heming-rdma19    | [34m2021-08-20 07:09:34.274 UTC [blocksProvider] DeliverBlocks -> INFO 1a2[0m qiji: blockprovider 3
fabric_peer5.1.lvxwttmqwyhd@heming-rdma19    | [34m2021-08-20 07:09:34.274 UTC [blocksProvider] DeliverBlocks -> INFO 1a3[0m qiji: blockprovider 4
fabric_peer5.1.lvxwttmqwyhd@heming-rdma19    | [34m2021-08-20 07:09:34.279 UTC [blocksProvider] DeliverBlocks -> INFO 1a4[0m qiji: blockprovider 5
fabric_peer5.1.lvxwttmqwyhd@heming-rdma19    | [34m2021-08-20 07:09:34.279 UTC [blocksProvider] DeliverBlocks -> INFO 1a5[0m qiji: blockprovider recv
fabric_peer5.1.lvxwttmqwyhd@heming-rdma19    | [34m2021-08-20 07:09:34.303 UTC [kvledger] CommitWithPvtData -> INFO 1a6[0m [mychannel] Committed block [26] with 1500 transaction(s) in 76ms (state_validation=67ms block_commit=0ms state_commit=9ms)
fabric_peer5.1.lvxwttmqwyhd@heming-rdma19    | [34m2021-08-20 07:09:34.304 UTC [blocksProvider] DeliverBlocks -> INFO 1a7[0m qiji: blockprovider recv finish
fabric_peer5.1.lvxwttmqwyhd@heming-rdma19    | [34m2021-08-20 07:09:34.304 UTC [blocksProvider] DeliverBlocks -> INFO 1a8[0m qiji: blockprovider 1
fabric_peer5.1.lvxwttmqwyhd@heming-rdma19    | [34m2021-08-20 07:09:34.304 UTC [gossip/state] deliverPayloads -> INFO 1a9[0m qiji: deliverPayloads 4
fabric_peer5.1.lvxwttmqwyhd@heming-rdma19    | [34m2021-08-20 07:09:34.304 UTC [gossip/state] deliverPayloads -> INFO 1aa[0m qiji: deliverPayloads 1
fabric_peer5.1.lvxwttmqwyhd@heming-rdma19    | [34m2021-08-20 07:09:34.306 UTC [gossip/state] deliverPayloads -> INFO 1ab[0m qiji: deliverPayloads 2
fabric_peer5.1.lvxwttmqwyhd@heming-rdma19    | [34m2021-08-20 07:09:34.306 UTC [gossip/state] deliverPayloads -> INFO 1ac[0m qiji: deliverPayloads 3
fabric_peer5.1.lvxwttmqwyhd@heming-rdma19    | [34m2021-08-20 07:09:34.309 UTC [gossip/privdata] StoreBlock -> INFO 1ae[0m [mychannel] Validating block [27]
fabric_peer5.1.lvxwttmqwyhd@heming-rdma19    | [34m2021-08-20 07:09:34.309 UTC [committer/txvalidator] Validate -> INFO 1af[0m [mychannel] Validated block [27] in 0ms
fabric_peer5.1.lvxwttmqwyhd@heming-rdma19    | [34m2021-08-20 07:09:34.309 UTC [blocksProvider] DeliverBlocks -> INFO 1ad[0m qiji: blockprovider 2
fabric_peer5.1.lvxwttmqwyhd@heming-rdma19    | [34m2021-08-20 07:09:34.310 UTC [blocksProvider] DeliverBlocks -> INFO 1b0[0m qiji: blockprovider 3
fabric_peer5.1.lvxwttmqwyhd@heming-rdma19    | [34m2021-08-20 07:09:34.310 UTC [blocksProvider] DeliverBlocks -> INFO 1b1[0m qiji: blockprovider 4
fabric_peer5.1.lvxwttmqwyhd@heming-rdma19    | [34m2021-08-20 07:09:34.312 UTC [blocksProvider] DeliverBlocks -> INFO 1b2[0m qiji: blockprovider 5
fabric_peer5.1.lvxwttmqwyhd@heming-rdma19    | [34m2021-08-20 07:09:34.312 UTC [blocksProvider] DeliverBlocks -> INFO 1b3[0m qiji: blockprovider recv
fabric_peer5.1.lvxwttmqwyhd@heming-rdma19    | [34m2021-08-20 07:09:34.343 UTC [kvledger] CommitWithPvtData -> INFO 1b4[0m [mychannel] Committed block [27] with 1500 transaction(s) in 33ms (state_validation=29ms block_commit=0ms state_commit=4ms)
fabric_peer5.1.lvxwttmqwyhd@heming-rdma19    | [34m2021-08-20 07:09:34.343 UTC [gossip/state] deliverPayloads -> INFO 1b5[0m qiji: deliverPayloads 4
fabric_peer5.1.lvxwttmqwyhd@heming-rdma19    | [34m2021-08-20 07:09:34.343 UTC [gossip/state] deliverPayloads -> INFO 1b6[0m qiji: deliverPayloads 1
fabric_peer5.1.lvxwttmqwyhd@heming-rdma19    | [34m2021-08-20 07:09:34.345 UTC [gossip/state] deliverPayloads -> INFO 1b7[0m qiji: deliverPayloads 2
fabric_peer5.1.lvxwttmqwyhd@heming-rdma19    | [34m2021-08-20 07:09:34.345 UTC [gossip/state] deliverPayloads -> INFO 1b8[0m qiji: deliverPayloads 3
fabric_peer5.1.lvxwttmqwyhd@heming-rdma19    | [34m2021-08-20 07:09:34.345 UTC [gossip/privdata] StoreBlock -> INFO 1b9[0m [mychannel] Validating block [28]
fabric_peer5.1.lvxwttmqwyhd@heming-rdma19    | [34m2021-08-20 07:09:34.345 UTC [committer/txvalidator] Validate -> INFO 1ba[0m [mychannel] Validated block [28] in 0ms
fabric_peer5.1.lvxwttmqwyhd@heming-rdma19    | [34m2021-08-20 07:09:34.363 UTC [blocksProvider] DeliverBlocks -> INFO 1bb[0m qiji: blockprovider recv finish
fabric_peer5.1.lvxwttmqwyhd@heming-rdma19    | [34m2021-08-20 07:09:34.363 UTC [blocksProvider] DeliverBlocks -> INFO 1bc[0m qiji: blockprovider 1
fabric_peer5.1.lvxwttmqwyhd@heming-rdma19    | [34m2021-08-20 07:09:34.365 UTC [blocksProvider] DeliverBlocks -> INFO 1bd[0m qiji: blockprovider 2
fabric_peer5.1.lvxwttmqwyhd@heming-rdma19    | [34m2021-08-20 07:09:34.365 UTC [blocksProvider] DeliverBlocks -> INFO 1be[0m qiji: blockprovider 3
fabric_peer5.1.lvxwttmqwyhd@heming-rdma19    | [34m2021-08-20 07:09:34.365 UTC [blocksProvider] DeliverBlocks -> INFO 1bf[0m qiji: blockprovider 4
fabric_peer5.1.lvxwttmqwyhd@heming-rdma19    | [34m2021-08-20 07:09:34.366 UTC [blocksProvider] DeliverBlocks -> INFO 1c0[0m qiji: blockprovider 5
fabric_peer5.1.lvxwttmqwyhd@heming-rdma19    | [34m2021-08-20 07:09:34.366 UTC [blocksProvider] DeliverBlocks -> INFO 1c1[0m qiji: blockprovider recv
fabric_peer5.1.lvxwttmqwyhd@heming-rdma19    | [34m2021-08-20 07:09:34.428 UTC [blocksProvider] DeliverBlocks -> INFO 1c2[0m qiji: blockprovider recv finish
fabric_peer5.1.lvxwttmqwyhd@heming-rdma19    | [34m2021-08-20 07:09:34.428 UTC [blocksProvider] DeliverBlocks -> INFO 1c3[0m qiji: blockprovider 1
fabric_peer5.1.lvxwttmqwyhd@heming-rdma19    | [34m2021-08-20 07:09:34.430 UTC [kvledger] CommitWithPvtData -> INFO 1c4[0m [mychannel] Committed block [28] with 1500 transaction(s) in 85ms (state_validation=79ms block_commit=0ms state_commit=5ms)
fabric_peer5.1.lvxwttmqwyhd@heming-rdma19    | [34m2021-08-20 07:09:34.431 UTC [blocksProvider] DeliverBlocks -> INFO 1c5[0m qiji: blockprovider 2
fabric_peer5.1.lvxwttmqwyhd@heming-rdma19    | [34m2021-08-20 07:09:34.431 UTC [gossip/state] deliverPayloads -> INFO 1c6[0m qiji: deliverPayloads 4
fabric_peer5.1.lvxwttmqwyhd@heming-rdma19    | [34m2021-08-20 07:09:34.431 UTC [gossip/state] deliverPayloads -> INFO 1c8[0m qiji: deliverPayloads 1
fabric_peer5.1.lvxwttmqwyhd@heming-rdma19    | [34m2021-08-20 07:09:34.431 UTC [blocksProvider] DeliverBlocks -> INFO 1c7[0m qiji: blockprovider 3
fabric_peer5.1.lvxwttmqwyhd@heming-rdma19    | [34m2021-08-20 07:09:34.431 UTC [blocksProvider] DeliverBlocks -> INFO 1c9[0m qiji: blockprovider 4
fabric_peer5.1.lvxwttmqwyhd@heming-rdma19    | [34m2021-08-20 07:09:34.433 UTC [blocksProvider] DeliverBlocks -> INFO 1ca[0m qiji: blockprovider 5
fabric_peer5.1.lvxwttmqwyhd@heming-rdma19    | [34m2021-08-20 07:09:34.433 UTC [blocksProvider] DeliverBlocks -> INFO 1cc[0m qiji: blockprovider recv
fabric_peer5.1.lvxwttmqwyhd@heming-rdma19    | [34m2021-08-20 07:09:34.433 UTC [gossip/state] deliverPayloads -> INFO 1cb[0m qiji: deliverPayloads 2
fabric_peer5.1.lvxwttmqwyhd@heming-rdma19    | [34m2021-08-20 07:09:34.433 UTC [gossip/state] deliverPayloads -> INFO 1cd[0m qiji: deliverPayloads 3
fabric_peer5.1.lvxwttmqwyhd@heming-rdma19    | [34m2021-08-20 07:09:34.433 UTC [gossip/privdata] StoreBlock -> INFO 1ce[0m [mychannel] Validating block [29]
fabric_peer5.1.lvxwttmqwyhd@heming-rdma19    | [34m2021-08-20 07:09:34.433 UTC [committer/txvalidator] Validate -> INFO 1cf[0m [mychannel] Validated block [29] in 0ms
fabric_peer5.1.lvxwttmqwyhd@heming-rdma19    | [34m2021-08-20 07:09:34.470 UTC [kvledger] CommitWithPvtData -> INFO 1d0[0m [mychannel] Committed block [29] with 1500 transaction(s) in 36ms (state_validation=32ms block_commit=0ms state_commit=4ms)
fabric_peer5.1.lvxwttmqwyhd@heming-rdma19    | [34m2021-08-20 07:09:34.470 UTC [gossip/state] deliverPayloads -> INFO 1d1[0m qiji: deliverPayloads 4
fabric_peer5.1.lvxwttmqwyhd@heming-rdma19    | [34m2021-08-20 07:09:34.470 UTC [gossip/state] deliverPayloads -> INFO 1d2[0m qiji: deliverPayloads 1
fabric_peer5.1.lvxwttmqwyhd@heming-rdma19    | [34m2021-08-20 07:09:34.471 UTC [gossip/state] deliverPayloads -> INFO 1d3[0m qiji: deliverPayloads 2
fabric_peer5.1.lvxwttmqwyhd@heming-rdma19    | [34m2021-08-20 07:09:34.471 UTC [gossip/state] deliverPayloads -> INFO 1d4[0m qiji: deliverPayloads 3
fabric_peer5.1.lvxwttmqwyhd@heming-rdma19    | [34m2021-08-20 07:09:34.471 UTC [gossip/privdata] StoreBlock -> INFO 1d5[0m [mychannel] Validating block [30]
fabric_peer5.1.lvxwttmqwyhd@heming-rdma19    | [34m2021-08-20 07:09:34.471 UTC [committer/txvalidator] Validate -> INFO 1d6[0m [mychannel] Validated block [30] in 0ms
fabric_peer5.1.lvxwttmqwyhd@heming-rdma19    | [34m2021-08-20 07:09:34.481 UTC [blocksProvider] DeliverBlocks -> INFO 1d7[0m qiji: blockprovider recv finish
fabric_peer5.1.lvxwttmqwyhd@heming-rdma19    | [34m2021-08-20 07:09:34.481 UTC [blocksProvider] DeliverBlocks -> INFO 1d8[0m qiji: blockprovider 1
fabric_peer5.1.lvxwttmqwyhd@heming-rdma19    | [34m2021-08-20 07:09:34.483 UTC [blocksProvider] DeliverBlocks -> INFO 1d9[0m qiji: blockprovider 2
fabric_peer5.1.lvxwttmqwyhd@heming-rdma19    | [34m2021-08-20 07:09:34.483 UTC [blocksProvider] DeliverBlocks -> INFO 1da[0m qiji: blockprovider 3
fabric_peer5.1.lvxwttmqwyhd@heming-rdma19    | [34m2021-08-20 07:09:34.483 UTC [blocksProvider] DeliverBlocks -> INFO 1db[0m qiji: blockprovider 4
fabric_peer5.1.lvxwttmqwyhd@heming-rdma19    | [34m2021-08-20 07:09:34.486 UTC [blocksProvider] DeliverBlocks -> INFO 1dc[0m qiji: blockprovider 5
fabric_peer5.1.lvxwttmqwyhd@heming-rdma19    | [34m2021-08-20 07:09:34.486 UTC [blocksProvider] DeliverBlocks -> INFO 1dd[0m qiji: blockprovider recv
fabric_peer5.1.lvxwttmqwyhd@heming-rdma19    | [34m2021-08-20 07:09:34.505 UTC [kvledger] CommitWithPvtData -> INFO 1de[0m [mychannel] Committed block [30] with 1500 transaction(s) in 33ms (state_validation=23ms block_commit=0ms state_commit=9ms)
fabric_peer5.1.lvxwttmqwyhd@heming-rdma19    | [34m2021-08-20 07:09:34.505 UTC [gossip/state] deliverPayloads -> INFO 1df[0m qiji: deliverPayloads 4
fabric_peer5.1.lvxwttmqwyhd@heming-rdma19    | [34m2021-08-20 07:09:34.505 UTC [gossip/state] deliverPayloads -> INFO 1e0[0m qiji: deliverPayloads 1
fabric_peer5.1.lvxwttmqwyhd@heming-rdma19    | [34m2021-08-20 07:09:34.509 UTC [gossip/state] deliverPayloads -> INFO 1e1[0m qiji: deliverPayloads 2
fabric_peer5.1.lvxwttmqwyhd@heming-rdma19    | [34m2021-08-20 07:09:34.509 UTC [gossip/state] deliverPayloads -> INFO 1e2[0m qiji: deliverPayloads 3
fabric_peer5.1.lvxwttmqwyhd@heming-rdma19    | [34m2021-08-20 07:09:34.509 UTC [gossip/privdata] StoreBlock -> INFO 1e3[0m [mychannel] Validating block [31]
fabric_peer5.1.lvxwttmqwyhd@heming-rdma19    | [34m2021-08-20 07:09:34.509 UTC [committer/txvalidator] Validate -> INFO 1e4[0m [mychannel] Validated block [31] in 0ms
fabric_peer5.1.lvxwttmqwyhd@heming-rdma19    | [34m2021-08-20 07:09:34.574 UTC [kvledger] CommitWithPvtData -> INFO 1e5[0m [mychannel] Committed block [31] with 1500 transaction(s) in 65ms (state_validation=37ms block_commit=0ms state_commit=27ms)
fabric_peer5.1.lvxwttmqwyhd@heming-rdma19    | [34m2021-08-20 07:09:34.575 UTC [gossip/state] deliverPayloads -> INFO 1e6[0m qiji: deliverPayloads 4
fabric_peer5.1.lvxwttmqwyhd@heming-rdma19    | [34m2021-08-20 07:09:34.575 UTC [blocksProvider] DeliverBlocks -> INFO 1e7[0m qiji: blockprovider recv finish
fabric_peer5.1.lvxwttmqwyhd@heming-rdma19    | [34m2021-08-20 07:09:34.575 UTC [blocksProvider] DeliverBlocks -> INFO 1e8[0m qiji: blockprovider 1
fabric_peer5.1.lvxwttmqwyhd@heming-rdma19    | [34m2021-08-20 07:09:34.577 UTC [blocksProvider] DeliverBlocks -> INFO 1e9[0m qiji: blockprovider 2
fabric_peer5.1.lvxwttmqwyhd@heming-rdma19    | [34m2021-08-20 07:09:34.577 UTC [blocksProvider] DeliverBlocks -> INFO 1ea[0m qiji: blockprovider 3
fabric_peer5.1.lvxwttmqwyhd@heming-rdma19    | [34m2021-08-20 07:09:34.577 UTC [blocksProvider] DeliverBlocks -> INFO 1eb[0m qiji: blockprovider 4
fabric_peer5.1.lvxwttmqwyhd@heming-rdma19    | [34m2021-08-20 07:09:34.579 UTC [gossip/state] deliverPayloads -> INFO 1ec[0m qiji: deliverPayloads 1
fabric_peer5.1.lvxwttmqwyhd@heming-rdma19    | [34m2021-08-20 07:09:34.581 UTC [blocksProvider] DeliverBlocks -> INFO 1ed[0m qiji: blockprovider 5
fabric_peer5.1.lvxwttmqwyhd@heming-rdma19    | [34m2021-08-20 07:09:34.582 UTC [blocksProvider] DeliverBlocks -> INFO 1ee[0m qiji: blockprovider recv
fabric_peer5.1.lvxwttmqwyhd@heming-rdma19    | [34m2021-08-20 07:09:34.583 UTC [gossip/state] deliverPayloads -> INFO 1ef[0m qiji: deliverPayloads 2
fabric_peer5.1.lvxwttmqwyhd@heming-rdma19    | [34m2021-08-20 07:09:34.583 UTC [gossip/state] deliverPayloads -> INFO 1f0[0m qiji: deliverPayloads 3
fabric_peer5.1.lvxwttmqwyhd@heming-rdma19    | [34m2021-08-20 07:09:34.583 UTC [gossip/privdata] StoreBlock -> INFO 1f1[0m [mychannel] Validating block [32]
fabric_peer5.1.lvxwttmqwyhd@heming-rdma19    | [34m2021-08-20 07:09:34.583 UTC [committer/txvalidator] Validate -> INFO 1f2[0m [mychannel] Validated block [32] in 0ms
fabric_peer5.1.lvxwttmqwyhd@heming-rdma19    | [34m2021-08-20 07:09:34.600 UTC [blocksProvider] DeliverBlocks -> INFO 1f3[0m qiji: blockprovider recv finish
fabric_peer5.1.lvxwttmqwyhd@heming-rdma19    | [34m2021-08-20 07:09:34.600 UTC [blocksProvider] DeliverBlocks -> INFO 1f4[0m qiji: blockprovider 1
fabric_peer5.1.lvxwttmqwyhd@heming-rdma19    | [34m2021-08-20 07:09:34.602 UTC [blocksProvider] DeliverBlocks -> INFO 1f5[0m qiji: blockprovider 2
fabric_peer5.1.lvxwttmqwyhd@heming-rdma19    | [34m2021-08-20 07:09:34.602 UTC [blocksProvider] DeliverBlocks -> INFO 1f6[0m qiji: blockprovider 3
fabric_peer5.1.lvxwttmqwyhd@heming-rdma19    | [34m2021-08-20 07:09:34.602 UTC [blocksProvider] DeliverBlocks -> INFO 1f7[0m qiji: blockprovider 4
fabric_peer5.1.lvxwttmqwyhd@heming-rdma19    | [34m2021-08-20 07:09:34.603 UTC [blocksProvider] DeliverBlocks -> INFO 1f8[0m qiji: blockprovider 5
fabric_peer5.1.lvxwttmqwyhd@heming-rdma19    | [34m2021-08-20 07:09:34.603 UTC [blocksProvider] DeliverBlocks -> INFO 1f9[0m qiji: blockprovider recv
fabric_peer5.1.lvxwttmqwyhd@heming-rdma19    | [34m2021-08-20 07:09:34.652 UTC [kvledger] CommitWithPvtData -> INFO 1fa[0m [mychannel] Committed block [32] with 1500 transaction(s) in 68ms (state_validation=65ms block_commit=0ms state_commit=3ms)
fabric_peer5.1.lvxwttmqwyhd@heming-rdma19    | [34m2021-08-20 07:09:34.652 UTC [gossip/state] deliverPayloads -> INFO 1fb[0m qiji: deliverPayloads 4
fabric_peer5.1.lvxwttmqwyhd@heming-rdma19    | [34m2021-08-20 07:09:34.652 UTC [gossip/state] deliverPayloads -> INFO 1fc[0m qiji: deliverPayloads 1
fabric_peer5.1.lvxwttmqwyhd@heming-rdma19    | [34m2021-08-20 07:09:34.653 UTC [gossip/state] deliverPayloads -> INFO 1fd[0m qiji: deliverPayloads 2
fabric_peer5.1.lvxwttmqwyhd@heming-rdma19    | [34m2021-08-20 07:09:34.653 UTC [gossip/state] deliverPayloads -> INFO 1fe[0m qiji: deliverPayloads 3
fabric_peer5.1.lvxwttmqwyhd@heming-rdma19    | [34m2021-08-20 07:09:34.653 UTC [gossip/privdata] StoreBlock -> INFO 1ff[0m [mychannel] Validating block [33]
fabric_peer5.1.lvxwttmqwyhd@heming-rdma19    | [34m2021-08-20 07:09:34.653 UTC [committer/txvalidator] Validate -> INFO 200[0m [mychannel] Validated block [33] in 0ms
fabric_peer5.1.lvxwttmqwyhd@heming-rdma19    | [34m2021-08-20 07:09:34.662 UTC [blocksProvider] DeliverBlocks -> INFO 201[0m qiji: blockprovider recv finish
fabric_peer5.1.lvxwttmqwyhd@heming-rdma19    | [34m2021-08-20 07:09:34.662 UTC [blocksProvider] DeliverBlocks -> INFO 202[0m qiji: blockprovider 1
fabric_peer5.1.lvxwttmqwyhd@heming-rdma19    | [34m2021-08-20 07:09:34.664 UTC [blocksProvider] DeliverBlocks -> INFO 203[0m qiji: blockprovider 2
fabric_peer5.1.lvxwttmqwyhd@heming-rdma19    | [34m2021-08-20 07:09:34.664 UTC [blocksProvider] DeliverBlocks -> INFO 204[0m qiji: blockprovider 3
fabric_peer5.1.lvxwttmqwyhd@heming-rdma19    | [34m2021-08-20 07:09:34.664 UTC [blocksProvider] DeliverBlocks -> INFO 205[0m qiji: blockprovider 4
fabric_peer5.1.lvxwttmqwyhd@heming-rdma19    | [34m2021-08-20 07:09:34.665 UTC [blocksProvider] DeliverBlocks -> INFO 206[0m qiji: blockprovider 5
fabric_peer5.1.lvxwttmqwyhd@heming-rdma19    | [34m2021-08-20 07:09:34.665 UTC [blocksProvider] DeliverBlocks -> INFO 207[0m qiji: blockprovider recv
fabric_peer5.1.lvxwttmqwyhd@heming-rdma19    | [34m2021-08-20 07:09:34.742 UTC [kvledger] CommitWithPvtData -> INFO 208[0m [mychannel] Committed block [33] with 1500 transaction(s) in 89ms (state_validation=85ms block_commit=0ms state_commit=3ms)
fabric_peer5.1.lvxwttmqwyhd@heming-rdma19    | [34m2021-08-20 07:09:34.743 UTC [gossip/state] deliverPayloads -> INFO 209[0m qiji: deliverPayloads 4
fabric_peer5.1.lvxwttmqwyhd@heming-rdma19    | [34m2021-08-20 07:09:34.743 UTC [gossip/state] deliverPayloads -> INFO 20a[0m qiji: deliverPayloads 1
fabric_peer5.1.lvxwttmqwyhd@heming-rdma19    | [34m2021-08-20 07:09:34.744 UTC [gossip/state] deliverPayloads -> INFO 20b[0m qiji: deliverPayloads 2
fabric_peer5.1.lvxwttmqwyhd@heming-rdma19    | [34m2021-08-20 07:09:34.744 UTC [gossip/state] deliverPayloads -> INFO 20c[0m qiji: deliverPayloads 3
fabric_peer5.1.lvxwttmqwyhd@heming-rdma19    | [34m2021-08-20 07:09:34.744 UTC [gossip/privdata] StoreBlock -> INFO 20d[0m [mychannel] Validating block [34]
fabric_peer5.1.lvxwttmqwyhd@heming-rdma19    | [34m2021-08-20 07:09:34.744 UTC [committer/txvalidator] Validate -> INFO 20e[0m [mychannel] Validated block [34] in 0ms
fabric_peer5.1.lvxwttmqwyhd@heming-rdma19    | [34m2021-08-20 07:09:34.752 UTC [blocksProvider] DeliverBlocks -> INFO 20f[0m qiji: blockprovider recv finish
fabric_peer5.1.lvxwttmqwyhd@heming-rdma19    | [34m2021-08-20 07:09:34.752 UTC [blocksProvider] DeliverBlocks -> INFO 210[0m qiji: blockprovider 1
fabric_peer5.1.lvxwttmqwyhd@heming-rdma19    | [34m2021-08-20 07:09:34.762 UTC [blocksProvider] DeliverBlocks -> INFO 211[0m qiji: blockprovider 2
fabric_peer5.1.lvxwttmqwyhd@heming-rdma19    | [34m2021-08-20 07:09:34.763 UTC [blocksProvider] DeliverBlocks -> INFO 212[0m qiji: blockprovider 3
fabric_peer5.1.lvxwttmqwyhd@heming-rdma19    | [34m2021-08-20 07:09:34.763 UTC [blocksProvider] DeliverBlocks -> INFO 213[0m qiji: blockprovider 4
fabric_peer5.1.lvxwttmqwyhd@heming-rdma19    | [34m2021-08-20 07:09:34.765 UTC [blocksProvider] DeliverBlocks -> INFO 214[0m qiji: blockprovider 5
fabric_peer5.1.lvxwttmqwyhd@heming-rdma19    | [34m2021-08-20 07:09:34.765 UTC [blocksProvider] DeliverBlocks -> INFO 215[0m qiji: blockprovider recv
fabric_peer5.1.lvxwttmqwyhd@heming-rdma19    | [34m2021-08-20 07:09:34.780 UTC [kvledger] CommitWithPvtData -> INFO 216[0m [mychannel] Committed block [34] with 1500 transaction(s) in 35ms (state_validation=31ms block_commit=0ms state_commit=4ms)
fabric_peer5.1.lvxwttmqwyhd@heming-rdma19    | [34m2021-08-20 07:09:34.780 UTC [gossip/state] deliverPayloads -> INFO 217[0m qiji: deliverPayloads 4
fabric_peer5.1.lvxwttmqwyhd@heming-rdma19    | [34m2021-08-20 07:09:34.780 UTC [gossip/state] deliverPayloads -> INFO 218[0m qiji: deliverPayloads 1
fabric_peer5.1.lvxwttmqwyhd@heming-rdma19    | [34m2021-08-20 07:09:34.782 UTC [gossip/state] deliverPayloads -> INFO 219[0m qiji: deliverPayloads 2
fabric_peer5.1.lvxwttmqwyhd@heming-rdma19    | [34m2021-08-20 07:09:34.782 UTC [gossip/state] deliverPayloads -> INFO 21a[0m qiji: deliverPayloads 3
fabric_peer5.1.lvxwttmqwyhd@heming-rdma19    | [34m2021-08-20 07:09:34.783 UTC [gossip/privdata] StoreBlock -> INFO 21b[0m [mychannel] Validating block [35]
fabric_peer5.1.lvxwttmqwyhd@heming-rdma19    | [34m2021-08-20 07:09:34.783 UTC [committer/txvalidator] Validate -> INFO 21c[0m [mychannel] Validated block [35] in 0ms
fabric_peer5.1.lvxwttmqwyhd@heming-rdma19    | [34m2021-08-20 07:09:34.786 UTC [blocksProvider] DeliverBlocks -> INFO 21d[0m qiji: blockprovider recv finish
fabric_peer5.1.lvxwttmqwyhd@heming-rdma19    | [34m2021-08-20 07:09:34.786 UTC [blocksProvider] DeliverBlocks -> INFO 21e[0m qiji: blockprovider 1
fabric_peer5.1.lvxwttmqwyhd@heming-rdma19    | [34m2021-08-20 07:09:34.790 UTC [blocksProvider] DeliverBlocks -> INFO 21f[0m qiji: blockprovider 2
fabric_peer5.1.lvxwttmqwyhd@heming-rdma19    | [34m2021-08-20 07:09:34.792 UTC [blocksProvider] DeliverBlocks -> INFO 220[0m qiji: blockprovider 3
fabric_peer5.1.lvxwttmqwyhd@heming-rdma19    | [34m2021-08-20 07:09:34.792 UTC [blocksProvider] DeliverBlocks -> INFO 221[0m qiji: blockprovider 4
fabric_peer5.1.lvxwttmqwyhd@heming-rdma19    | [34m2021-08-20 07:09:34.794 UTC [blocksProvider] DeliverBlocks -> INFO 222[0m qiji: blockprovider 5
fabric_peer5.1.lvxwttmqwyhd@heming-rdma19    | [34m2021-08-20 07:09:34.794 UTC [blocksProvider] DeliverBlocks -> INFO 223[0m qiji: blockprovider recv
fabric_peer5.1.lvxwttmqwyhd@heming-rdma19    | [34m2021-08-20 07:09:34.838 UTC [kvledger] CommitWithPvtData -> INFO 224[0m [mychannel] Committed block [35] with 1500 transaction(s) in 54ms (state_validation=48ms block_commit=0ms state_commit=6ms)
fabric_peer5.1.lvxwttmqwyhd@heming-rdma19    | [34m2021-08-20 07:09:34.838 UTC [gossip/state] deliverPayloads -> INFO 225[0m qiji: deliverPayloads 4
fabric_peer5.1.lvxwttmqwyhd@heming-rdma19    | [34m2021-08-20 07:09:34.838 UTC [gossip/state] deliverPayloads -> INFO 226[0m qiji: deliverPayloads 1
fabric_peer5.1.lvxwttmqwyhd@heming-rdma19    | [34m2021-08-20 07:09:34.848 UTC [gossip/state] deliverPayloads -> INFO 227[0m qiji: deliverPayloads 2
fabric_peer5.1.lvxwttmqwyhd@heming-rdma19    | [34m2021-08-20 07:09:34.848 UTC [gossip/state] deliverPayloads -> INFO 228[0m qiji: deliverPayloads 3
fabric_peer5.1.lvxwttmqwyhd@heming-rdma19    | [34m2021-08-20 07:09:34.849 UTC [gossip/privdata] StoreBlock -> INFO 229[0m [mychannel] Validating block [36]
fabric_peer5.1.lvxwttmqwyhd@heming-rdma19    | [34m2021-08-20 07:09:34.849 UTC [committer/txvalidator] Validate -> INFO 22a[0m [mychannel] Validated block [36] in 0ms
fabric_peer5.1.lvxwttmqwyhd@heming-rdma19    | [34m2021-08-20 07:09:34.858 UTC [blocksProvider] DeliverBlocks -> INFO 22b[0m qiji: blockprovider recv finish
fabric_peer5.1.lvxwttmqwyhd@heming-rdma19    | [34m2021-08-20 07:09:34.859 UTC [blocksProvider] DeliverBlocks -> INFO 22c[0m qiji: blockprovider 1
fabric_peer5.1.lvxwttmqwyhd@heming-rdma19    | [34m2021-08-20 07:09:34.874 UTC [blocksProvider] DeliverBlocks -> INFO 22d[0m qiji: blockprovider 2
fabric_peer5.1.lvxwttmqwyhd@heming-rdma19    | [34m2021-08-20 07:09:34.874 UTC [blocksProvider] DeliverBlocks -> INFO 22e[0m qiji: blockprovider 3
fabric_peer5.1.lvxwttmqwyhd@heming-rdma19    | [34m2021-08-20 07:09:34.874 UTC [blocksProvider] DeliverBlocks -> INFO 22f[0m qiji: blockprovider 4
fabric_peer5.1.lvxwttmqwyhd@heming-rdma19    | [34m2021-08-20 07:09:34.880 UTC [blocksProvider] DeliverBlocks -> INFO 230[0m qiji: blockprovider 5
fabric_peer5.1.lvxwttmqwyhd@heming-rdma19    | [34m2021-08-20 07:09:34.880 UTC [blocksProvider] DeliverBlocks -> INFO 231[0m qiji: blockprovider recv
fabric_peer5.1.lvxwttmqwyhd@heming-rdma19    | [34m2021-08-20 07:09:34.904 UTC [blocksProvider] DeliverBlocks -> INFO 232[0m qiji: blockprovider recv finish
fabric_peer5.1.lvxwttmqwyhd@heming-rdma19    | [34m2021-08-20 07:09:34.905 UTC [blocksProvider] DeliverBlocks -> INFO 233[0m qiji: blockprovider 1
fabric_peer5.1.lvxwttmqwyhd@heming-rdma19    | [34m2021-08-20 07:09:34.906 UTC [blocksProvider] DeliverBlocks -> INFO 234[0m qiji: blockprovider 2
fabric_peer5.1.lvxwttmqwyhd@heming-rdma19    | [34m2021-08-20 07:09:34.906 UTC [blocksProvider] DeliverBlocks -> INFO 235[0m qiji: blockprovider 3
fabric_peer5.1.lvxwttmqwyhd@heming-rdma19    | [34m2021-08-20 07:09:34.907 UTC [blocksProvider] DeliverBlocks -> INFO 236[0m qiji: blockprovider 4
fabric_peer5.1.lvxwttmqwyhd@heming-rdma19    | [34m2021-08-20 07:09:34.913 UTC [blocksProvider] DeliverBlocks -> INFO 237[0m qiji: blockprovider 5
fabric_peer5.1.lvxwttmqwyhd@heming-rdma19    | [34m2021-08-20 07:09:34.914 UTC [blocksProvider] DeliverBlocks -> INFO 238[0m qiji: blockprovider recv
fabric_peer5.1.lvxwttmqwyhd@heming-rdma19    | [34m2021-08-20 07:09:34.931 UTC [kvledger] CommitWithPvtData -> INFO 239[0m [mychannel] Committed block [36] with 1500 transaction(s) in 82ms (state_validation=76ms block_commit=0ms state_commit=5ms)
fabric_peer5.1.lvxwttmqwyhd@heming-rdma19    | [34m2021-08-20 07:09:34.933 UTC [gossip/state] deliverPayloads -> INFO 23a[0m qiji: deliverPayloads 4
fabric_peer5.1.lvxwttmqwyhd@heming-rdma19    | [34m2021-08-20 07:09:34.933 UTC [gossip/state] deliverPayloads -> INFO 23b[0m qiji: deliverPayloads 1
fabric_peer5.1.lvxwttmqwyhd@heming-rdma19    | [34m2021-08-20 07:09:34.935 UTC [gossip/state] deliverPayloads -> INFO 23c[0m qiji: deliverPayloads 2
fabric_peer5.1.lvxwttmqwyhd@heming-rdma19    | [34m2021-08-20 07:09:34.935 UTC [gossip/state] deliverPayloads -> INFO 23d[0m qiji: deliverPayloads 3
fabric_peer5.1.lvxwttmqwyhd@heming-rdma19    | [34m2021-08-20 07:09:34.935 UTC [gossip/privdata] StoreBlock -> INFO 23e[0m [mychannel] Validating block [37]
fabric_peer5.1.lvxwttmqwyhd@heming-rdma19    | [34m2021-08-20 07:09:34.936 UTC [committer/txvalidator] Validate -> INFO 23f[0m [mychannel] Validated block [37] in 0ms
fabric_peer5.1.lvxwttmqwyhd@heming-rdma19    | [34m2021-08-20 07:09:34.962 UTC [kvledger] CommitWithPvtData -> INFO 240[0m [mychannel] Committed block [37] with 1500 transaction(s) in 26ms (state_validation=23ms block_commit=0ms state_commit=3ms)
fabric_peer5.1.lvxwttmqwyhd@heming-rdma19    | [34m2021-08-20 07:09:34.963 UTC [gossip/state] deliverPayloads -> INFO 241[0m qiji: deliverPayloads 4
fabric_peer5.1.lvxwttmqwyhd@heming-rdma19    | [34m2021-08-20 07:09:34.963 UTC [gossip/state] deliverPayloads -> INFO 242[0m qiji: deliverPayloads 1
fabric_peer5.1.lvxwttmqwyhd@heming-rdma19    | [34m2021-08-20 07:09:34.963 UTC [gossip/state] deliverPayloads -> INFO 243[0m qiji: deliverPayloads 2
fabric_peer5.1.lvxwttmqwyhd@heming-rdma19    | [34m2021-08-20 07:09:34.963 UTC [gossip/state] deliverPayloads -> INFO 244[0m qiji: deliverPayloads 3
fabric_peer5.1.lvxwttmqwyhd@heming-rdma19    | [34m2021-08-20 07:09:34.963 UTC [gossip/privdata] StoreBlock -> INFO 245[0m [mychannel] Validating block [38]
fabric_peer5.1.lvxwttmqwyhd@heming-rdma19    | [34m2021-08-20 07:09:34.963 UTC [committer/txvalidator] Validate -> INFO 246[0m [mychannel] Validated block [38] in 0ms
fabric_peer5.1.lvxwttmqwyhd@heming-rdma19    | [34m2021-08-20 07:09:34.972 UTC [kvledger] CommitWithPvtData -> INFO 247[0m [mychannel] Committed block [38] with 628 transaction(s) in 8ms (state_validation=7ms block_commit=0ms state_commit=1ms)
fabric_peer5.1.lvxwttmqwyhd@heming-rdma19    | [34m2021-08-20 07:09:34.972 UTC [gossip/state] deliverPayloads -> INFO 248[0m qiji: deliverPayloads 4
