fabric_peer5.1.ylrlhw8vqcqw@heming-rdma19    | [34m2021-08-20 07:11:38.010 UTC [nodeCmd] serve -> INFO 001[0m Starting peer:
fabric_peer5.1.ylrlhw8vqcqw@heming-rdma19    |  Version: 1.3.0
fabric_peer5.1.ylrlhw8vqcqw@heming-rdma19    |  Commit SHA: 4ece33d
fabric_peer5.1.ylrlhw8vqcqw@heming-rdma19    |  Go version: go1.10.4
fabric_peer5.1.ylrlhw8vqcqw@heming-rdma19    |  OS/Arch: linux/amd64
fabric_peer5.1.ylrlhw8vqcqw@heming-rdma19    |  Experimental features: false
fabric_peer5.1.ylrlhw8vqcqw@heming-rdma19    |  Chaincode:
fabric_peer5.1.ylrlhw8vqcqw@heming-rdma19    |   Base Image Version: 0.4.13
fabric_peer5.1.ylrlhw8vqcqw@heming-rdma19    |   Base Docker Namespace: hyperledger
fabric_peer5.1.ylrlhw8vqcqw@heming-rdma19    |   Base Docker Label: org.hyperledger.fabric
fabric_peer5.1.ylrlhw8vqcqw@heming-rdma19    |   Docker Namespace: hyperledger
fabric_peer5.1.ylrlhw8vqcqw@heming-rdma19    | [34m2021-08-20 07:11:38.010 UTC [ledgermgmt] initialize -> INFO 002[0m Initializing ledger mgmt
fabric_peer5.1.ylrlhw8vqcqw@heming-rdma19    | [34m2021-08-20 07:11:38.010 UTC [kvledger] NewProvider -> INFO 003[0m Initializing ledger provider
fabric_peer5.1.ylrlhw8vqcqw@heming-rdma19    | [34m2021-08-20 07:11:38.011 UTC [kvledger] NewProvider -> INFO 004[0m ledger provider Initialized
fabric_peer5.1.ylrlhw8vqcqw@heming-rdma19    | [34m2021-08-20 07:11:38.011 UTC [ledgermgmt] initialize -> INFO 005[0m ledger mgmt initialized
fabric_peer5.1.ylrlhw8vqcqw@heming-rdma19    | [34m2021-08-20 07:11:38.011 UTC [peer] func1 -> INFO 006[0m Auto-detected peer address: 10.0.2.28:7051
fabric_peer5.1.ylrlhw8vqcqw@heming-rdma19    | [34m2021-08-20 07:11:38.011 UTC [peer] func1 -> INFO 007[0m Host is 0.0.0.0 , falling back to auto-detected address: 10.0.2.28:7051
fabric_peer5.1.ylrlhw8vqcqw@heming-rdma19    | [34m2021-08-20 07:11:38.011 UTC [peer] func1 -> INFO 008[0m Auto-detected peer address: 10.0.2.28:7051
fabric_peer5.1.ylrlhw8vqcqw@heming-rdma19    | [34m2021-08-20 07:11:38.011 UTC [peer] func1 -> INFO 009[0m Host is 0.0.0.0 , falling back to auto-detected address: 10.0.2.28:7051
fabric_peer5.1.ylrlhw8vqcqw@heming-rdma19    | jyp: listenAddr= 0.0.0.0:7051 /opt/gopath/src/github.com/hyperledger/fabric/peer/node/start.go 195 2021-08-20 07:11:38.011359
fabric_peer5.1.ylrlhw8vqcqw@heming-rdma19    | jyp: register grpc deliver server
fabric_peer5.1.ylrlhw8vqcqw@heming-rdma19    | [34m2021-08-20 07:11:38.012 UTC [nodeCmd] computeChaincodeEndpoint -> INFO 00a[0m Entering computeChaincodeEndpoint with peerHostname: 10.0.2.28
fabric_peer5.1.ylrlhw8vqcqw@heming-rdma19    | [34m2021-08-20 07:11:38.012 UTC [nodeCmd] computeChaincodeEndpoint -> INFO 00b[0m Exit with ccEndpoint: 10.0.2.28:7052
fabric_peer5.1.ylrlhw8vqcqw@heming-rdma19    | [33m2021-08-20 07:11:38.012 UTC [nodeCmd] createChaincodeServer -> WARN 00c[0m peer.chaincodeListenAddress is not set, using 10.0.2.28:7052
fabric_peer5.1.ylrlhw8vqcqw@heming-rdma19    | [34m2021-08-20 07:11:38.012 UTC [sccapi] registerSysCC -> INFO 00d[0m system chaincode lscc(github.com/hyperledger/fabric/core/scc/lscc) registered
fabric_peer5.1.ylrlhw8vqcqw@heming-rdma19    | [34m2021-08-20 07:11:38.012 UTC [sccapi] registerSysCC -> INFO 00e[0m system chaincode cscc(github.com/hyperledger/fabric/core/scc/cscc) registered
fabric_peer5.1.ylrlhw8vqcqw@heming-rdma19    | [34m2021-08-20 07:11:38.012 UTC [sccapi] registerSysCC -> INFO 00f[0m system chaincode qscc(github.com/hyperledger/fabric/core/scc/qscc) registered
fabric_peer5.1.ylrlhw8vqcqw@heming-rdma19    | [34m2021-08-20 07:11:38.012 UTC [sccapi] registerSysCC -> INFO 010[0m system chaincode +lifecycle(github.com/hyperledger/fabric/core/chaincode/lifecycle) registered
fabric_peer5.1.ylrlhw8vqcqw@heming-rdma19    | jyp: register grpc Admin server
fabric_peer5.1.ylrlhw8vqcqw@heming-rdma19    | jyp: TOOD: how to init plugin
fabric_peer5.1.ylrlhw8vqcqw@heming-rdma19    | jyp: register grpc Endorser server
fabric_peer5.1.ylrlhw8vqcqw@heming-rdma19    | [34m2021-08-20 07:11:38.013 UTC [gossip/service] func1 -> INFO 011[0m Initialize gossip with endpoint 10.0.2.28:7051 and bootstrap set [fabric_peer0:7051]
fabric_peer5.1.ylrlhw8vqcqw@heming-rdma19    | [34m2021-08-20 07:11:38.018 UTC [gossip/gossip] NewGossipService -> INFO 012[0m Creating gossip service with self membership of {fabric_peer5:7051 [] [235 111 141 74 128 96 188 253 221 18 42 210 110 40 38 56 208 235 8 29 238 126 44 138 207 74 9 62 181 25 175 52] 10.0.2.28:7051 <nil> <nil>}
fabric_peer5.1.ylrlhw8vqcqw@heming-rdma19    | [34m2021-08-20 07:11:38.019 UTC [gossip/gossip] start -> INFO 013[0m Gossip instance 10.0.2.28:7051 started
fabric_peer5.1.ylrlhw8vqcqw@heming-rdma19    | [34m2021-08-20 07:11:38.019 UTC [sccapi] deploySysCC -> INFO 014[0m system chaincode lscc/(github.com/hyperledger/fabric/core/scc/lscc) deployed
fabric_peer5.1.ylrlhw8vqcqw@heming-rdma19    | [34m2021-08-20 07:11:38.019 UTC [cscc] Init -> INFO 015[0m Init CSCC
fabric_peer5.1.ylrlhw8vqcqw@heming-rdma19    | [34m2021-08-20 07:11:38.019 UTC [sccapi] deploySysCC -> INFO 016[0m system chaincode cscc/(github.com/hyperledger/fabric/core/scc/cscc) deployed
fabric_peer5.1.ylrlhw8vqcqw@heming-rdma19    | [34m2021-08-20 07:11:38.019 UTC [qscc] Init -> INFO 017[0m Init QSCC
fabric_peer5.1.ylrlhw8vqcqw@heming-rdma19    | [34m2021-08-20 07:11:38.019 UTC [sccapi] deploySysCC -> INFO 018[0m system chaincode qscc/(github.com/hyperledger/fabric/core/scc/qscc) deployed
fabric_peer5.1.ylrlhw8vqcqw@heming-rdma19    | [34m2021-08-20 07:11:38.019 UTC [sccapi] deploySysCC -> INFO 019[0m system chaincode +lifecycle/(github.com/hyperledger/fabric/core/chaincode/lifecycle) deployed
fabric_peer5.1.ylrlhw8vqcqw@heming-rdma19    | [34m2021-08-20 07:11:38.019 UTC [nodeCmd] serve -> INFO 01a[0m Deployed system chaincodes
fabric_peer5.1.ylrlhw8vqcqw@heming-rdma19    | [34m2021-08-20 07:11:38.028 UTC [discovery] NewService -> INFO 01b[0m Created with config TLS: false, authCacheMaxSize: 1000, authCachePurgeRatio: 0.750000
fabric_peer5.1.ylrlhw8vqcqw@heming-rdma19    | [34m2021-08-20 07:11:38.028 UTC [nodeCmd] registerDiscoveryService -> INFO 01c[0m Discovery service activated
fabric_peer5.1.ylrlhw8vqcqw@heming-rdma19    | [34m2021-08-20 07:11:38.028 UTC [nodeCmd] serve -> INFO 01d[0m Starting peer with ID=[name:"fabric_peer5" ], network ID=[dev], address=[10.0.2.28:7051]
fabric_peer5.1.ylrlhw8vqcqw@heming-rdma19    | [34m2021-08-20 07:11:38.028 UTC [nodeCmd] serve -> INFO 01e[0m Started peer with ID=[name:"fabric_peer5" ], network ID=[dev], address=[10.0.2.28:7051]
fabric_peer5.1.ylrlhw8vqcqw@heming-rdma19    | [34m2021-08-20 07:11:45.436 UTC [endorser] callChaincode -> INFO 01f[0m [][ae82c803] Entry chaincode: name:"cscc" 
fabric_peer5.1.ylrlhw8vqcqw@heming-rdma19    | [34m2021-08-20 07:11:45.437 UTC [ledgermgmt] CreateLedger -> INFO 020[0m Creating ledger [mychannel] with genesis block
fabric_peer5.1.ylrlhw8vqcqw@heming-rdma19    | [34m2021-08-20 07:11:45.438 UTC [fsblkstorage] newBlockfileMgr -> INFO 021[0m Getting block information from block storage
fabric_peer5.1.ylrlhw8vqcqw@heming-rdma19    | [34m2021-08-20 07:11:45.439 UTC [kvledger] CommitWithPvtData -> INFO 022[0m [mychannel] Committed block [0] with 1 transaction(s) in 0ms (state_validation=0ms block_commit=0ms state_commit=0ms)
fabric_peer5.1.ylrlhw8vqcqw@heming-rdma19    | [34m2021-08-20 07:11:45.439 UTC [ledgermgmt] CreateLedger -> INFO 023[0m Created ledger [mychannel] with genesis block
fabric_peer5.1.ylrlhw8vqcqw@heming-rdma19    | [34m2021-08-20 07:11:45.443 UTC [gossip/gossip] JoinChan -> INFO 024[0m Joining gossip network of channel mychannel with 1 organizations
fabric_peer5.1.ylrlhw8vqcqw@heming-rdma19    | [34m2021-08-20 07:11:45.444 UTC [gossip/gossip] learnAnchorPeers -> INFO 025[0m No configured anchor peers of Org1MSP for channel mychannel to learn about
fabric_peer5.1.ylrlhw8vqcqw@heming-rdma19    | [34m2021-08-20 07:11:45.445 UTC [gossip/state] NewGossipStateProvider -> INFO 026[0m Updating metadata information, current ledger sequence is at = 0, next expected block is = 1
fabric_peer5.1.ylrlhw8vqcqw@heming-rdma19    | [34m2021-08-20 07:11:45.445 UTC [blocksProvider] DeliverBlocks -> INFO 027[0m qiji: blockprovider recv
fabric_peer5.1.ylrlhw8vqcqw@heming-rdma19    | [34m2021-08-20 07:11:45.445 UTC [sccapi] deploySysCC -> INFO 028[0m system chaincode lscc/mychannel(github.com/hyperledger/fabric/core/scc/lscc) deployed
fabric_peer5.1.ylrlhw8vqcqw@heming-rdma19    | [34m2021-08-20 07:11:45.445 UTC [cscc] Init -> INFO 029[0m Init CSCC
fabric_peer5.1.ylrlhw8vqcqw@heming-rdma19    | [34m2021-08-20 07:11:45.445 UTC [sccapi] deploySysCC -> INFO 02a[0m system chaincode cscc/mychannel(github.com/hyperledger/fabric/core/scc/cscc) deployed
fabric_peer5.1.ylrlhw8vqcqw@heming-rdma19    | [34m2021-08-20 07:11:45.445 UTC [qscc] Init -> INFO 02b[0m Init QSCC
fabric_peer5.1.ylrlhw8vqcqw@heming-rdma19    | [34m2021-08-20 07:11:45.445 UTC [sccapi] deploySysCC -> INFO 02c[0m system chaincode qscc/mychannel(github.com/hyperledger/fabric/core/scc/qscc) deployed
fabric_peer5.1.ylrlhw8vqcqw@heming-rdma19    | [34m2021-08-20 07:11:45.445 UTC [sccapi] deploySysCC -> INFO 02d[0m system chaincode +lifecycle/mychannel(github.com/hyperledger/fabric/core/chaincode/lifecycle) deployed
fabric_peer5.1.ylrlhw8vqcqw@heming-rdma19    | [34m2021-08-20 07:11:45.445 UTC [endorser] callChaincode -> INFO 02e[0m [][ae82c803] Exit chaincode: name:"cscc"  (9ms)
fabric_peer5.1.ylrlhw8vqcqw@heming-rdma19    | [34m2021-08-20 07:11:47.569 UTC [blocksProvider] DeliverBlocks -> INFO 02f[0m qiji: blockprovider recv finish
fabric_peer5.1.ylrlhw8vqcqw@heming-rdma19    | [34m2021-08-20 07:11:47.569 UTC [blocksProvider] DeliverBlocks -> INFO 030[0m qiji: blockprovider 1
fabric_peer5.1.ylrlhw8vqcqw@heming-rdma19    | [34m2021-08-20 07:11:47.569 UTC [blocksProvider] DeliverBlocks -> INFO 031[0m qiji: blockprovider 2
fabric_peer5.1.ylrlhw8vqcqw@heming-rdma19    | [34m2021-08-20 07:11:47.569 UTC [blocksProvider] DeliverBlocks -> INFO 032[0m qiji: blockprovider 3
fabric_peer5.1.ylrlhw8vqcqw@heming-rdma19    | [34m2021-08-20 07:11:47.570 UTC [blocksProvider] DeliverBlocks -> INFO 033[0m qiji: blockprovider 4
fabric_peer5.1.ylrlhw8vqcqw@heming-rdma19    | [34m2021-08-20 07:11:47.570 UTC [blocksProvider] DeliverBlocks -> INFO 034[0m qiji: blockprovider 5
fabric_peer5.1.ylrlhw8vqcqw@heming-rdma19    | [34m2021-08-20 07:11:47.570 UTC [gossip/state] deliverPayloads -> INFO 035[0m qiji: deliverPayloads 1
fabric_peer5.1.ylrlhw8vqcqw@heming-rdma19    | [34m2021-08-20 07:11:47.570 UTC [blocksProvider] DeliverBlocks -> INFO 036[0m qiji: blockprovider recv
fabric_peer5.1.ylrlhw8vqcqw@heming-rdma19    | [34m2021-08-20 07:11:47.570 UTC [gossip/state] deliverPayloads -> INFO 037[0m qiji: deliverPayloads 2
fabric_peer5.1.ylrlhw8vqcqw@heming-rdma19    | [34m2021-08-20 07:11:47.570 UTC [gossip/state] deliverPayloads -> INFO 038[0m qiji: deliverPayloads 3
fabric_peer5.1.ylrlhw8vqcqw@heming-rdma19    | [34m2021-08-20 07:11:47.570 UTC [gossip/privdata] StoreBlock -> INFO 039[0m [mychannel] Validating block [1]
fabric_peer5.1.ylrlhw8vqcqw@heming-rdma19    | [34m2021-08-20 07:11:47.570 UTC [committer/txvalidator] Validate -> INFO 03a[0m [mychannel] Validated block [1] in 0ms
fabric_peer5.1.ylrlhw8vqcqw@heming-rdma19    | [34m2021-08-20 07:11:47.571 UTC [kvledger] CommitWithPvtData -> INFO 03b[0m [mychannel] Committed block [1] with 1 transaction(s) in 0ms (state_validation=0ms block_commit=0ms state_commit=0ms)
fabric_peer5.1.ylrlhw8vqcqw@heming-rdma19    | [34m2021-08-20 07:11:47.571 UTC [gossip/state] deliverPayloads -> INFO 03c[0m qiji: deliverPayloads 4
fabric_peer5.1.ylrlhw8vqcqw@heming-rdma19    | [34m2021-08-20 07:11:55.934 UTC [endorser] callChaincode -> INFO 03d[0m [][5faf3cee] Entry chaincode: name:"lscc" 
fabric_peer5.1.ylrlhw8vqcqw@heming-rdma19    | [34m2021-08-20 07:11:55.935 UTC [lscc] executeInstall -> INFO 03e[0m Installed Chaincode [smallbank] Version [1.0] to peer
fabric_peer5.1.ylrlhw8vqcqw@heming-rdma19    | [34m2021-08-20 07:11:55.936 UTC [endorser] callChaincode -> INFO 03f[0m [][5faf3cee] Exit chaincode: name:"lscc"  (1ms)
fabric_peer5.1.ylrlhw8vqcqw@heming-rdma19    | [34m2021-08-20 07:12:02.150 UTC [blocksProvider] DeliverBlocks -> INFO 040[0m qiji: blockprovider recv finish
fabric_peer5.1.ylrlhw8vqcqw@heming-rdma19    | [34m2021-08-20 07:12:02.150 UTC [blocksProvider] DeliverBlocks -> INFO 041[0m qiji: blockprovider 1
fabric_peer5.1.ylrlhw8vqcqw@heming-rdma19    | [34m2021-08-20 07:12:02.150 UTC [blocksProvider] DeliverBlocks -> INFO 042[0m qiji: blockprovider 2
fabric_peer5.1.ylrlhw8vqcqw@heming-rdma19    | [34m2021-08-20 07:12:02.151 UTC [blocksProvider] DeliverBlocks -> INFO 043[0m qiji: blockprovider 3
fabric_peer5.1.ylrlhw8vqcqw@heming-rdma19    | [34m2021-08-20 07:12:02.151 UTC [blocksProvider] DeliverBlocks -> INFO 044[0m qiji: blockprovider 4
fabric_peer5.1.ylrlhw8vqcqw@heming-rdma19    | [34m2021-08-20 07:12:02.151 UTC [blocksProvider] DeliverBlocks -> INFO 045[0m qiji: blockprovider 5
fabric_peer5.1.ylrlhw8vqcqw@heming-rdma19    | [34m2021-08-20 07:12:02.151 UTC [blocksProvider] DeliverBlocks -> INFO 046[0m qiji: blockprovider recv
fabric_peer5.1.ylrlhw8vqcqw@heming-rdma19    | [34m2021-08-20 07:12:02.151 UTC [gossip/state] deliverPayloads -> INFO 047[0m qiji: deliverPayloads 1
fabric_peer5.1.ylrlhw8vqcqw@heming-rdma19    | [34m2021-08-20 07:12:02.151 UTC [gossip/state] deliverPayloads -> INFO 048[0m qiji: deliverPayloads 2
fabric_peer5.1.ylrlhw8vqcqw@heming-rdma19    | [34m2021-08-20 07:12:02.151 UTC [gossip/state] deliverPayloads -> INFO 049[0m qiji: deliverPayloads 3
fabric_peer5.1.ylrlhw8vqcqw@heming-rdma19    | [34m2021-08-20 07:12:02.151 UTC [gossip/privdata] StoreBlock -> INFO 04a[0m [mychannel] Validating block [2]
fabric_peer5.1.ylrlhw8vqcqw@heming-rdma19    | [34m2021-08-20 07:12:02.152 UTC [committer/txvalidator] Validate -> INFO 04b[0m [mychannel] Validated block [2] in 0ms
fabric_peer5.1.ylrlhw8vqcqw@heming-rdma19    | [34m2021-08-20 07:12:02.152 UTC [cceventmgmt] HandleStateUpdates -> INFO 04c[0m Channel [mychannel]: Handling LSCC state update for chaincode [smallbank]
fabric_peer5.1.ylrlhw8vqcqw@heming-rdma19    | [34m2021-08-20 07:12:02.153 UTC [kvledger] CommitWithPvtData -> INFO 04d[0m [mychannel] Committed block [2] with 1 transaction(s) in 1ms (state_validation=1ms block_commit=0ms state_commit=0ms)
fabric_peer5.1.ylrlhw8vqcqw@heming-rdma19    | [34m2021-08-20 07:12:02.154 UTC [gossip/state] deliverPayloads -> INFO 04e[0m qiji: deliverPayloads 4
fabric_peer5.1.ylrlhw8vqcqw@heming-rdma19    | [34m2021-08-20 07:12:04.253 UTC [blocksProvider] DeliverBlocks -> INFO 04f[0m qiji: blockprovider recv finish
fabric_peer5.1.ylrlhw8vqcqw@heming-rdma19    | [34m2021-08-20 07:12:04.253 UTC [blocksProvider] DeliverBlocks -> INFO 050[0m qiji: blockprovider 1
fabric_peer5.1.ylrlhw8vqcqw@heming-rdma19    | [34m2021-08-20 07:12:04.253 UTC [blocksProvider] DeliverBlocks -> INFO 051[0m qiji: blockprovider 2
fabric_peer5.1.ylrlhw8vqcqw@heming-rdma19    | [34m2021-08-20 07:12:04.253 UTC [blocksProvider] DeliverBlocks -> INFO 052[0m qiji: blockprovider 3
fabric_peer5.1.ylrlhw8vqcqw@heming-rdma19    | [34m2021-08-20 07:12:04.254 UTC [blocksProvider] DeliverBlocks -> INFO 053[0m qiji: blockprovider 4
fabric_peer5.1.ylrlhw8vqcqw@heming-rdma19    | [34m2021-08-20 07:12:04.254 UTC [blocksProvider] DeliverBlocks -> INFO 054[0m qiji: blockprovider 5
fabric_peer5.1.ylrlhw8vqcqw@heming-rdma19    | [34m2021-08-20 07:12:04.254 UTC [blocksProvider] DeliverBlocks -> INFO 055[0m qiji: blockprovider recv
fabric_peer5.1.ylrlhw8vqcqw@heming-rdma19    | [34m2021-08-20 07:12:04.254 UTC [gossip/state] deliverPayloads -> INFO 056[0m qiji: deliverPayloads 1
fabric_peer5.1.ylrlhw8vqcqw@heming-rdma19    | [34m2021-08-20 07:12:04.254 UTC [gossip/state] deliverPayloads -> INFO 057[0m qiji: deliverPayloads 2
fabric_peer5.1.ylrlhw8vqcqw@heming-rdma19    | [34m2021-08-20 07:12:04.254 UTC [gossip/state] deliverPayloads -> INFO 058[0m qiji: deliverPayloads 3
fabric_peer5.1.ylrlhw8vqcqw@heming-rdma19    | [34m2021-08-20 07:12:04.254 UTC [gossip/privdata] StoreBlock -> INFO 059[0m [mychannel] Validating block [3]
fabric_peer5.1.ylrlhw8vqcqw@heming-rdma19    | [34m2021-08-20 07:12:04.254 UTC [committer/txvalidator] Validate -> INFO 05a[0m [mychannel] Validated block [3] in 0ms
fabric_peer5.1.ylrlhw8vqcqw@heming-rdma19    | [34m2021-08-20 07:12:04.255 UTC [kvledger] CommitWithPvtData -> INFO 05b[0m [mychannel] Committed block [3] with 1 transaction(s) in 0ms (state_validation=0ms block_commit=0ms state_commit=0ms)
fabric_peer5.1.ylrlhw8vqcqw@heming-rdma19    | [34m2021-08-20 07:12:04.255 UTC [gossip/state] deliverPayloads -> INFO 05c[0m qiji: deliverPayloads 4
fabric_peer5.1.ylrlhw8vqcqw@heming-rdma19    | [34m2021-08-20 07:12:04.334 UTC [blocksProvider] DeliverBlocks -> INFO 05d[0m qiji: blockprovider recv finish
fabric_peer5.1.ylrlhw8vqcqw@heming-rdma19    | [34m2021-08-20 07:12:04.334 UTC [blocksProvider] DeliverBlocks -> INFO 05e[0m qiji: blockprovider 1
fabric_peer5.1.ylrlhw8vqcqw@heming-rdma19    | [34m2021-08-20 07:12:04.334 UTC [blocksProvider] DeliverBlocks -> INFO 05f[0m qiji: blockprovider 2
fabric_peer5.1.ylrlhw8vqcqw@heming-rdma19    | [34m2021-08-20 07:12:04.335 UTC [blocksProvider] DeliverBlocks -> INFO 060[0m qiji: blockprovider 3
fabric_peer5.1.ylrlhw8vqcqw@heming-rdma19    | [34m2021-08-20 07:12:04.335 UTC [blocksProvider] DeliverBlocks -> INFO 061[0m qiji: blockprovider 4
fabric_peer5.1.ylrlhw8vqcqw@heming-rdma19    | [34m2021-08-20 07:12:04.335 UTC [blocksProvider] DeliverBlocks -> INFO 062[0m qiji: blockprovider 5
fabric_peer5.1.ylrlhw8vqcqw@heming-rdma19    | [34m2021-08-20 07:12:04.335 UTC [blocksProvider] DeliverBlocks -> INFO 063[0m qiji: blockprovider recv
fabric_peer5.1.ylrlhw8vqcqw@heming-rdma19    | [34m2021-08-20 07:12:04.335 UTC [gossip/state] deliverPayloads -> INFO 064[0m qiji: deliverPayloads 1
fabric_peer5.1.ylrlhw8vqcqw@heming-rdma19    | [34m2021-08-20 07:12:04.335 UTC [gossip/state] deliverPayloads -> INFO 065[0m qiji: deliverPayloads 2
fabric_peer5.1.ylrlhw8vqcqw@heming-rdma19    | [34m2021-08-20 07:12:04.335 UTC [gossip/state] deliverPayloads -> INFO 066[0m qiji: deliverPayloads 3
fabric_peer5.1.ylrlhw8vqcqw@heming-rdma19    | [34m2021-08-20 07:12:04.336 UTC [gossip/privdata] StoreBlock -> INFO 067[0m [mychannel] Validating block [4]
fabric_peer5.1.ylrlhw8vqcqw@heming-rdma19    | [34m2021-08-20 07:12:04.336 UTC [committer/txvalidator] Validate -> INFO 068[0m [mychannel] Validated block [4] in 0ms
fabric_peer5.1.ylrlhw8vqcqw@heming-rdma19    | [34m2021-08-20 07:12:04.336 UTC [kvledger] CommitWithPvtData -> INFO 069[0m [mychannel] Committed block [4] with 1 transaction(s) in 0ms (state_validation=0ms block_commit=0ms state_commit=0ms)
fabric_peer5.1.ylrlhw8vqcqw@heming-rdma19    | [34m2021-08-20 07:12:04.336 UTC [gossip/state] deliverPayloads -> INFO 06a[0m qiji: deliverPayloads 4
fabric_peer5.1.ylrlhw8vqcqw@heming-rdma19    | [34m2021-08-20 07:12:10.872 UTC [endorser] callChaincode -> INFO 06b[0m [mychannel][ea8cf41e] Entry chaincode: name:"smallbank" 
fabric_peer5.1.ylrlhw8vqcqw@heming-rdma19    | [34m2021-08-20 07:12:11.656 UTC [endorser] callChaincode -> INFO 06c[0m [mychannel][ea8cf41e] Exit chaincode: name:"smallbank"  (784ms)
fabric_peer5.1.ylrlhw8vqcqw@heming-rdma19    | [34m2021-08-20 07:12:20.574 UTC [blocksProvider] DeliverBlocks -> INFO 06d[0m qiji: blockprovider recv finish
fabric_peer5.1.ylrlhw8vqcqw@heming-rdma19    | [34m2021-08-20 07:12:20.574 UTC [blocksProvider] DeliverBlocks -> INFO 06e[0m qiji: blockprovider 1
fabric_peer5.1.ylrlhw8vqcqw@heming-rdma19    | [34m2021-08-20 07:12:20.578 UTC [blocksProvider] DeliverBlocks -> INFO 06f[0m qiji: blockprovider 2
fabric_peer5.1.ylrlhw8vqcqw@heming-rdma19    | [34m2021-08-20 07:12:20.578 UTC [blocksProvider] DeliverBlocks -> INFO 070[0m qiji: blockprovider 3
fabric_peer5.1.ylrlhw8vqcqw@heming-rdma19    | [34m2021-08-20 07:12:20.578 UTC [blocksProvider] DeliverBlocks -> INFO 071[0m qiji: blockprovider 4
fabric_peer5.1.ylrlhw8vqcqw@heming-rdma19    | [34m2021-08-20 07:12:20.578 UTC [gossip/state] deliverPayloads -> INFO 072[0m qiji: deliverPayloads 1
fabric_peer5.1.ylrlhw8vqcqw@heming-rdma19    | [34m2021-08-20 07:12:20.579 UTC [blocksProvider] DeliverBlocks -> INFO 073[0m qiji: blockprovider 5
fabric_peer5.1.ylrlhw8vqcqw@heming-rdma19    | [34m2021-08-20 07:12:20.579 UTC [blocksProvider] DeliverBlocks -> INFO 074[0m qiji: blockprovider recv
fabric_peer5.1.ylrlhw8vqcqw@heming-rdma19    | [34m2021-08-20 07:12:20.580 UTC [gossip/state] deliverPayloads -> INFO 075[0m qiji: deliverPayloads 2
fabric_peer5.1.ylrlhw8vqcqw@heming-rdma19    | [34m2021-08-20 07:12:20.580 UTC [gossip/state] deliverPayloads -> INFO 076[0m qiji: deliverPayloads 3
fabric_peer5.1.ylrlhw8vqcqw@heming-rdma19    | [34m2021-08-20 07:12:20.580 UTC [gossip/privdata] StoreBlock -> INFO 077[0m [mychannel] Validating block [5]
fabric_peer5.1.ylrlhw8vqcqw@heming-rdma19    | [34m2021-08-20 07:12:20.580 UTC [committer/txvalidator] Validate -> INFO 078[0m [mychannel] Validated block [5] in 0ms
fabric_peer5.1.ylrlhw8vqcqw@heming-rdma19    | [34m2021-08-20 07:12:20.615 UTC [kvledger] CommitWithPvtData -> INFO 079[0m [mychannel] Committed block [5] with 1500 transaction(s) in 35ms (state_validation=26ms block_commit=0ms state_commit=8ms)
fabric_peer5.1.ylrlhw8vqcqw@heming-rdma19    | [34m2021-08-20 07:12:20.615 UTC [gossip/state] deliverPayloads -> INFO 07a[0m qiji: deliverPayloads 4
fabric_peer5.1.ylrlhw8vqcqw@heming-rdma19    | [34m2021-08-20 07:12:20.631 UTC [blocksProvider] DeliverBlocks -> INFO 07b[0m qiji: blockprovider recv finish
fabric_peer5.1.ylrlhw8vqcqw@heming-rdma19    | [34m2021-08-20 07:12:20.631 UTC [blocksProvider] DeliverBlocks -> INFO 07c[0m qiji: blockprovider 1
fabric_peer5.1.ylrlhw8vqcqw@heming-rdma19    | [34m2021-08-20 07:12:20.632 UTC [blocksProvider] DeliverBlocks -> INFO 07d[0m qiji: blockprovider 2
fabric_peer5.1.ylrlhw8vqcqw@heming-rdma19    | [34m2021-08-20 07:12:20.632 UTC [blocksProvider] DeliverBlocks -> INFO 07e[0m qiji: blockprovider 3
fabric_peer5.1.ylrlhw8vqcqw@heming-rdma19    | [34m2021-08-20 07:12:20.632 UTC [blocksProvider] DeliverBlocks -> INFO 07f[0m qiji: blockprovider 4
fabric_peer5.1.ylrlhw8vqcqw@heming-rdma19    | [34m2021-08-20 07:12:20.632 UTC [gossip/state] deliverPayloads -> INFO 080[0m qiji: deliverPayloads 1
fabric_peer5.1.ylrlhw8vqcqw@heming-rdma19    | [34m2021-08-20 07:12:20.633 UTC [blocksProvider] DeliverBlocks -> INFO 081[0m qiji: blockprovider 5
fabric_peer5.1.ylrlhw8vqcqw@heming-rdma19    | [34m2021-08-20 07:12:20.633 UTC [blocksProvider] DeliverBlocks -> INFO 082[0m qiji: blockprovider recv
fabric_peer5.1.ylrlhw8vqcqw@heming-rdma19    | [34m2021-08-20 07:12:20.634 UTC [gossip/state] deliverPayloads -> INFO 083[0m qiji: deliverPayloads 2
fabric_peer5.1.ylrlhw8vqcqw@heming-rdma19    | [34m2021-08-20 07:12:20.634 UTC [gossip/state] deliverPayloads -> INFO 084[0m qiji: deliverPayloads 3
fabric_peer5.1.ylrlhw8vqcqw@heming-rdma19    | [34m2021-08-20 07:12:20.634 UTC [gossip/privdata] StoreBlock -> INFO 085[0m [mychannel] Validating block [6]
fabric_peer5.1.ylrlhw8vqcqw@heming-rdma19    | [34m2021-08-20 07:12:20.634 UTC [committer/txvalidator] Validate -> INFO 086[0m [mychannel] Validated block [6] in 0ms
fabric_peer5.1.ylrlhw8vqcqw@heming-rdma19    | [34m2021-08-20 07:12:20.664 UTC [kvledger] CommitWithPvtData -> INFO 087[0m [mychannel] Committed block [6] with 1500 transaction(s) in 29ms (state_validation=24ms block_commit=0ms state_commit=5ms)
fabric_peer5.1.ylrlhw8vqcqw@heming-rdma19    | [34m2021-08-20 07:12:20.664 UTC [gossip/state] deliverPayloads -> INFO 088[0m qiji: deliverPayloads 4
fabric_peer5.1.ylrlhw8vqcqw@heming-rdma19    | [34m2021-08-20 07:12:20.673 UTC [blocksProvider] DeliverBlocks -> INFO 089[0m qiji: blockprovider recv finish
fabric_peer5.1.ylrlhw8vqcqw@heming-rdma19    | [34m2021-08-20 07:12:20.673 UTC [blocksProvider] DeliverBlocks -> INFO 08a[0m qiji: blockprovider 1
fabric_peer5.1.ylrlhw8vqcqw@heming-rdma19    | [34m2021-08-20 07:12:20.675 UTC [blocksProvider] DeliverBlocks -> INFO 08b[0m qiji: blockprovider 2
fabric_peer5.1.ylrlhw8vqcqw@heming-rdma19    | [34m2021-08-20 07:12:20.675 UTC [blocksProvider] DeliverBlocks -> INFO 08c[0m qiji: blockprovider 3
fabric_peer5.1.ylrlhw8vqcqw@heming-rdma19    | [34m2021-08-20 07:12:20.676 UTC [blocksProvider] DeliverBlocks -> INFO 08d[0m qiji: blockprovider 4
fabric_peer5.1.ylrlhw8vqcqw@heming-rdma19    | [34m2021-08-20 07:12:20.677 UTC [gossip/state] deliverPayloads -> INFO 08e[0m qiji: deliverPayloads 1
fabric_peer5.1.ylrlhw8vqcqw@heming-rdma19    | [34m2021-08-20 07:12:20.681 UTC [gossip/state] deliverPayloads -> INFO 08f[0m qiji: deliverPayloads 2
fabric_peer5.1.ylrlhw8vqcqw@heming-rdma19    | [34m2021-08-20 07:12:20.681 UTC [gossip/state] deliverPayloads -> INFO 090[0m qiji: deliverPayloads 3
fabric_peer5.1.ylrlhw8vqcqw@heming-rdma19    | [34m2021-08-20 07:12:20.681 UTC [gossip/privdata] StoreBlock -> INFO 091[0m [mychannel] Validating block [7]
fabric_peer5.1.ylrlhw8vqcqw@heming-rdma19    | [34m2021-08-20 07:12:20.681 UTC [committer/txvalidator] Validate -> INFO 092[0m [mychannel] Validated block [7] in 0ms
fabric_peer5.1.ylrlhw8vqcqw@heming-rdma19    | [34m2021-08-20 07:12:20.681 UTC [blocksProvider] DeliverBlocks -> INFO 093[0m qiji: blockprovider 5
fabric_peer5.1.ylrlhw8vqcqw@heming-rdma19    | [34m2021-08-20 07:12:20.681 UTC [blocksProvider] DeliverBlocks -> INFO 094[0m qiji: blockprovider recv
fabric_peer5.1.ylrlhw8vqcqw@heming-rdma19    | [34m2021-08-20 07:12:20.718 UTC [kvledger] CommitWithPvtData -> INFO 095[0m [mychannel] Committed block [7] with 1500 transaction(s) in 37ms (state_validation=32ms block_commit=0ms state_commit=5ms)
fabric_peer5.1.ylrlhw8vqcqw@heming-rdma19    | [34m2021-08-20 07:12:20.718 UTC [gossip/state] deliverPayloads -> INFO 096[0m qiji: deliverPayloads 4
fabric_peer5.1.ylrlhw8vqcqw@heming-rdma19    | [34m2021-08-20 07:12:20.731 UTC [blocksProvider] DeliverBlocks -> INFO 097[0m qiji: blockprovider recv finish
fabric_peer5.1.ylrlhw8vqcqw@heming-rdma19    | [34m2021-08-20 07:12:20.731 UTC [blocksProvider] DeliverBlocks -> INFO 098[0m qiji: blockprovider 1
fabric_peer5.1.ylrlhw8vqcqw@heming-rdma19    | [34m2021-08-20 07:12:20.733 UTC [blocksProvider] DeliverBlocks -> INFO 099[0m qiji: blockprovider 2
fabric_peer5.1.ylrlhw8vqcqw@heming-rdma19    | [34m2021-08-20 07:12:20.733 UTC [blocksProvider] DeliverBlocks -> INFO 09a[0m qiji: blockprovider 3
fabric_peer5.1.ylrlhw8vqcqw@heming-rdma19    | [34m2021-08-20 07:12:20.733 UTC [blocksProvider] DeliverBlocks -> INFO 09b[0m qiji: blockprovider 4
fabric_peer5.1.ylrlhw8vqcqw@heming-rdma19    | [34m2021-08-20 07:12:20.733 UTC [gossip/state] deliverPayloads -> INFO 09c[0m qiji: deliverPayloads 1
fabric_peer5.1.ylrlhw8vqcqw@heming-rdma19    | [34m2021-08-20 07:12:20.734 UTC [blocksProvider] DeliverBlocks -> INFO 09d[0m qiji: blockprovider 5
fabric_peer5.1.ylrlhw8vqcqw@heming-rdma19    | [34m2021-08-20 07:12:20.734 UTC [blocksProvider] DeliverBlocks -> INFO 09e[0m qiji: blockprovider recv
fabric_peer5.1.ylrlhw8vqcqw@heming-rdma19    | [34m2021-08-20 07:12:20.736 UTC [gossip/state] deliverPayloads -> INFO 09f[0m qiji: deliverPayloads 2
fabric_peer5.1.ylrlhw8vqcqw@heming-rdma19    | [34m2021-08-20 07:12:20.736 UTC [gossip/state] deliverPayloads -> INFO 0a0[0m qiji: deliverPayloads 3
fabric_peer5.1.ylrlhw8vqcqw@heming-rdma19    | [34m2021-08-20 07:12:20.736 UTC [gossip/privdata] StoreBlock -> INFO 0a1[0m [mychannel] Validating block [8]
fabric_peer5.1.ylrlhw8vqcqw@heming-rdma19    | [34m2021-08-20 07:12:20.736 UTC [committer/txvalidator] Validate -> INFO 0a2[0m [mychannel] Validated block [8] in 0ms
fabric_peer5.1.ylrlhw8vqcqw@heming-rdma19    | [34m2021-08-20 07:12:20.771 UTC [blocksProvider] DeliverBlocks -> INFO 0a3[0m qiji: blockprovider recv finish
fabric_peer5.1.ylrlhw8vqcqw@heming-rdma19    | [34m2021-08-20 07:12:20.771 UTC [blocksProvider] DeliverBlocks -> INFO 0a4[0m qiji: blockprovider 1
fabric_peer5.1.ylrlhw8vqcqw@heming-rdma19    | [34m2021-08-20 07:12:20.772 UTC [blocksProvider] DeliverBlocks -> INFO 0a5[0m qiji: blockprovider 2
fabric_peer5.1.ylrlhw8vqcqw@heming-rdma19    | [34m2021-08-20 07:12:20.772 UTC [blocksProvider] DeliverBlocks -> INFO 0a6[0m qiji: blockprovider 3
fabric_peer5.1.ylrlhw8vqcqw@heming-rdma19    | [34m2021-08-20 07:12:20.772 UTC [blocksProvider] DeliverBlocks -> INFO 0a7[0m qiji: blockprovider 4
fabric_peer5.1.ylrlhw8vqcqw@heming-rdma19    | [34m2021-08-20 07:12:20.773 UTC [blocksProvider] DeliverBlocks -> INFO 0a8[0m qiji: blockprovider 5
fabric_peer5.1.ylrlhw8vqcqw@heming-rdma19    | [34m2021-08-20 07:12:20.773 UTC [blocksProvider] DeliverBlocks -> INFO 0a9[0m qiji: blockprovider recv
fabric_peer5.1.ylrlhw8vqcqw@heming-rdma19    | [34m2021-08-20 07:12:20.790 UTC [kvledger] CommitWithPvtData -> INFO 0aa[0m [mychannel] Committed block [8] with 1500 transaction(s) in 54ms (state_validation=46ms block_commit=0ms state_commit=8ms)
fabric_peer5.1.ylrlhw8vqcqw@heming-rdma19    | [34m2021-08-20 07:12:20.791 UTC [gossip/state] deliverPayloads -> INFO 0ab[0m qiji: deliverPayloads 4
fabric_peer5.1.ylrlhw8vqcqw@heming-rdma19    | [34m2021-08-20 07:12:20.791 UTC [gossip/state] deliverPayloads -> INFO 0ac[0m qiji: deliverPayloads 1
fabric_peer5.1.ylrlhw8vqcqw@heming-rdma19    | [34m2021-08-20 07:12:20.792 UTC [gossip/state] deliverPayloads -> INFO 0ad[0m qiji: deliverPayloads 2
fabric_peer5.1.ylrlhw8vqcqw@heming-rdma19    | [34m2021-08-20 07:12:20.792 UTC [gossip/state] deliverPayloads -> INFO 0ae[0m qiji: deliverPayloads 3
fabric_peer5.1.ylrlhw8vqcqw@heming-rdma19    | [34m2021-08-20 07:12:20.792 UTC [gossip/privdata] StoreBlock -> INFO 0af[0m [mychannel] Validating block [9]
fabric_peer5.1.ylrlhw8vqcqw@heming-rdma19    | [34m2021-08-20 07:12:20.792 UTC [committer/txvalidator] Validate -> INFO 0b0[0m [mychannel] Validated block [9] in 0ms
fabric_peer5.1.ylrlhw8vqcqw@heming-rdma19    | [34m2021-08-20 07:12:20.837 UTC [kvledger] CommitWithPvtData -> INFO 0b1[0m [mychannel] Committed block [9] with 1500 transaction(s) in 44ms (state_validation=38ms block_commit=0ms state_commit=5ms)
fabric_peer5.1.ylrlhw8vqcqw@heming-rdma19    | [34m2021-08-20 07:12:20.837 UTC [gossip/state] deliverPayloads -> INFO 0b2[0m qiji: deliverPayloads 4
fabric_peer5.1.ylrlhw8vqcqw@heming-rdma19    | [34m2021-08-20 07:12:20.839 UTC [blocksProvider] DeliverBlocks -> INFO 0b3[0m qiji: blockprovider recv finish
fabric_peer5.1.ylrlhw8vqcqw@heming-rdma19    | [34m2021-08-20 07:12:20.839 UTC [blocksProvider] DeliverBlocks -> INFO 0b4[0m qiji: blockprovider 1
fabric_peer5.1.ylrlhw8vqcqw@heming-rdma19    | [34m2021-08-20 07:12:20.842 UTC [blocksProvider] DeliverBlocks -> INFO 0b5[0m qiji: blockprovider 2
fabric_peer5.1.ylrlhw8vqcqw@heming-rdma19    | [34m2021-08-20 07:12:20.842 UTC [blocksProvider] DeliverBlocks -> INFO 0b6[0m qiji: blockprovider 3
fabric_peer5.1.ylrlhw8vqcqw@heming-rdma19    | [34m2021-08-20 07:12:20.842 UTC [blocksProvider] DeliverBlocks -> INFO 0b7[0m qiji: blockprovider 4
fabric_peer5.1.ylrlhw8vqcqw@heming-rdma19    | [34m2021-08-20 07:12:20.843 UTC [gossip/state] deliverPayloads -> INFO 0b8[0m qiji: deliverPayloads 1
fabric_peer5.1.ylrlhw8vqcqw@heming-rdma19    | [34m2021-08-20 07:12:20.845 UTC [gossip/state] deliverPayloads -> INFO 0b9[0m qiji: deliverPayloads 2
fabric_peer5.1.ylrlhw8vqcqw@heming-rdma19    | [34m2021-08-20 07:12:20.845 UTC [gossip/state] deliverPayloads -> INFO 0ba[0m qiji: deliverPayloads 3
fabric_peer5.1.ylrlhw8vqcqw@heming-rdma19    | [34m2021-08-20 07:12:20.845 UTC [blocksProvider] DeliverBlocks -> INFO 0bb[0m qiji: blockprovider 5
fabric_peer5.1.ylrlhw8vqcqw@heming-rdma19    | [34m2021-08-20 07:12:20.845 UTC [gossip/privdata] StoreBlock -> INFO 0bc[0m [mychannel] Validating block [10]
fabric_peer5.1.ylrlhw8vqcqw@heming-rdma19    | [34m2021-08-20 07:12:20.846 UTC [committer/txvalidator] Validate -> INFO 0be[0m [mychannel] Validated block [10] in 0ms
fabric_peer5.1.ylrlhw8vqcqw@heming-rdma19    | [34m2021-08-20 07:12:20.846 UTC [blocksProvider] DeliverBlocks -> INFO 0bd[0m qiji: blockprovider recv
fabric_peer5.1.ylrlhw8vqcqw@heming-rdma19    | [34m2021-08-20 07:12:20.882 UTC [blocksProvider] DeliverBlocks -> INFO 0bf[0m qiji: blockprovider recv finish
fabric_peer5.1.ylrlhw8vqcqw@heming-rdma19    | [34m2021-08-20 07:12:20.883 UTC [blocksProvider] DeliverBlocks -> INFO 0c0[0m qiji: blockprovider 1
fabric_peer5.1.ylrlhw8vqcqw@heming-rdma19    | [34m2021-08-20 07:12:20.888 UTC [blocksProvider] DeliverBlocks -> INFO 0c1[0m qiji: blockprovider 2
fabric_peer5.1.ylrlhw8vqcqw@heming-rdma19    | [34m2021-08-20 07:12:20.888 UTC [blocksProvider] DeliverBlocks -> INFO 0c2[0m qiji: blockprovider 3
fabric_peer5.1.ylrlhw8vqcqw@heming-rdma19    | [34m2021-08-20 07:12:20.897 UTC [blocksProvider] DeliverBlocks -> INFO 0c3[0m qiji: blockprovider 4
fabric_peer5.1.ylrlhw8vqcqw@heming-rdma19    | [34m2021-08-20 07:12:20.904 UTC [blocksProvider] DeliverBlocks -> INFO 0c4[0m qiji: blockprovider 5
fabric_peer5.1.ylrlhw8vqcqw@heming-rdma19    | [34m2021-08-20 07:12:20.904 UTC [blocksProvider] DeliverBlocks -> INFO 0c5[0m qiji: blockprovider recv
fabric_peer5.1.ylrlhw8vqcqw@heming-rdma19    | [34m2021-08-20 07:12:20.948 UTC [blocksProvider] DeliverBlocks -> INFO 0c6[0m qiji: blockprovider recv finish
fabric_peer5.1.ylrlhw8vqcqw@heming-rdma19    | [34m2021-08-20 07:12:20.948 UTC [blocksProvider] DeliverBlocks -> INFO 0c7[0m qiji: blockprovider 1
fabric_peer5.1.ylrlhw8vqcqw@heming-rdma19    | [34m2021-08-20 07:12:20.951 UTC [blocksProvider] DeliverBlocks -> INFO 0c8[0m qiji: blockprovider 2
fabric_peer5.1.ylrlhw8vqcqw@heming-rdma19    | [34m2021-08-20 07:12:20.951 UTC [blocksProvider] DeliverBlocks -> INFO 0c9[0m qiji: blockprovider 3
fabric_peer5.1.ylrlhw8vqcqw@heming-rdma19    | [34m2021-08-20 07:12:20.953 UTC [blocksProvider] DeliverBlocks -> INFO 0ca[0m qiji: blockprovider 4
fabric_peer5.1.ylrlhw8vqcqw@heming-rdma19    | [34m2021-08-20 07:12:20.954 UTC [blocksProvider] DeliverBlocks -> INFO 0cb[0m qiji: blockprovider 5
fabric_peer5.1.ylrlhw8vqcqw@heming-rdma19    | [34m2021-08-20 07:12:20.954 UTC [blocksProvider] DeliverBlocks -> INFO 0cc[0m qiji: blockprovider recv
fabric_peer5.1.ylrlhw8vqcqw@heming-rdma19    | [34m2021-08-20 07:12:20.969 UTC [blocksProvider] DeliverBlocks -> INFO 0cd[0m qiji: blockprovider recv finish
fabric_peer5.1.ylrlhw8vqcqw@heming-rdma19    | [34m2021-08-20 07:12:20.969 UTC [blocksProvider] DeliverBlocks -> INFO 0ce[0m qiji: blockprovider 1
fabric_peer5.1.ylrlhw8vqcqw@heming-rdma19    | [34m2021-08-20 07:12:20.972 UTC [blocksProvider] DeliverBlocks -> INFO 0cf[0m qiji: blockprovider 2
fabric_peer5.1.ylrlhw8vqcqw@heming-rdma19    | [34m2021-08-20 07:12:20.972 UTC [blocksProvider] DeliverBlocks -> INFO 0d0[0m qiji: blockprovider 3
fabric_peer5.1.ylrlhw8vqcqw@heming-rdma19    | [34m2021-08-20 07:12:20.973 UTC [kvledger] CommitWithPvtData -> INFO 0d1[0m [mychannel] Committed block [10] with 1500 transaction(s) in 127ms (state_validation=117ms block_commit=0ms state_commit=9ms)
fabric_peer5.1.ylrlhw8vqcqw@heming-rdma19    | [34m2021-08-20 07:12:20.973 UTC [blocksProvider] DeliverBlocks -> INFO 0d2[0m qiji: blockprovider 4
fabric_peer5.1.ylrlhw8vqcqw@heming-rdma19    | [34m2021-08-20 07:12:20.973 UTC [gossip/state] deliverPayloads -> INFO 0d3[0m qiji: deliverPayloads 4
fabric_peer5.1.ylrlhw8vqcqw@heming-rdma19    | [34m2021-08-20 07:12:20.973 UTC [gossip/state] deliverPayloads -> INFO 0d4[0m qiji: deliverPayloads 1
fabric_peer5.1.ylrlhw8vqcqw@heming-rdma19    | [34m2021-08-20 07:12:20.975 UTC [blocksProvider] DeliverBlocks -> INFO 0d5[0m qiji: blockprovider 5
fabric_peer5.1.ylrlhw8vqcqw@heming-rdma19    | [34m2021-08-20 07:12:20.975 UTC [blocksProvider] DeliverBlocks -> INFO 0d6[0m qiji: blockprovider recv
fabric_peer5.1.ylrlhw8vqcqw@heming-rdma19    | [34m2021-08-20 07:12:20.975 UTC [gossip/state] deliverPayloads -> INFO 0d7[0m qiji: deliverPayloads 2
fabric_peer5.1.ylrlhw8vqcqw@heming-rdma19    | [34m2021-08-20 07:12:20.975 UTC [gossip/state] deliverPayloads -> INFO 0d8[0m qiji: deliverPayloads 3
fabric_peer5.1.ylrlhw8vqcqw@heming-rdma19    | [34m2021-08-20 07:12:20.975 UTC [gossip/privdata] StoreBlock -> INFO 0d9[0m [mychannel] Validating block [11]
fabric_peer5.1.ylrlhw8vqcqw@heming-rdma19    | [34m2021-08-20 07:12:20.975 UTC [committer/txvalidator] Validate -> INFO 0da[0m [mychannel] Validated block [11] in 0ms
fabric_peer5.1.ylrlhw8vqcqw@heming-rdma19    | [34m2021-08-20 07:12:21.026 UTC [blocksProvider] DeliverBlocks -> INFO 0db[0m qiji: blockprovider recv finish
fabric_peer5.1.ylrlhw8vqcqw@heming-rdma19    | [34m2021-08-20 07:12:21.026 UTC [blocksProvider] DeliverBlocks -> INFO 0dc[0m qiji: blockprovider 1
fabric_peer5.1.ylrlhw8vqcqw@heming-rdma19    | [34m2021-08-20 07:12:21.029 UTC [blocksProvider] DeliverBlocks -> INFO 0dd[0m qiji: blockprovider 2
fabric_peer5.1.ylrlhw8vqcqw@heming-rdma19    | [34m2021-08-20 07:12:21.029 UTC [blocksProvider] DeliverBlocks -> INFO 0de[0m qiji: blockprovider 3
fabric_peer5.1.ylrlhw8vqcqw@heming-rdma19    | [34m2021-08-20 07:12:21.032 UTC [kvledger] CommitWithPvtData -> INFO 0df[0m [mychannel] Committed block [11] with 1500 transaction(s) in 57ms (state_validation=43ms block_commit=0ms state_commit=13ms)
fabric_peer5.1.ylrlhw8vqcqw@heming-rdma19    | [34m2021-08-20 07:12:21.032 UTC [gossip/state] deliverPayloads -> INFO 0e0[0m qiji: deliverPayloads 4
fabric_peer5.1.ylrlhw8vqcqw@heming-rdma19    | [34m2021-08-20 07:12:21.032 UTC [gossip/state] deliverPayloads -> INFO 0e1[0m qiji: deliverPayloads 1
fabric_peer5.1.ylrlhw8vqcqw@heming-rdma19    | [34m2021-08-20 07:12:21.034 UTC [gossip/state] deliverPayloads -> INFO 0e2[0m qiji: deliverPayloads 2
fabric_peer5.1.ylrlhw8vqcqw@heming-rdma19    | [34m2021-08-20 07:12:21.034 UTC [gossip/state] deliverPayloads -> INFO 0e3[0m qiji: deliverPayloads 3
fabric_peer5.1.ylrlhw8vqcqw@heming-rdma19    | [34m2021-08-20 07:12:21.034 UTC [gossip/privdata] StoreBlock -> INFO 0e4[0m [mychannel] Validating block [12]
fabric_peer5.1.ylrlhw8vqcqw@heming-rdma19    | [34m2021-08-20 07:12:21.034 UTC [committer/txvalidator] Validate -> INFO 0e5[0m [mychannel] Validated block [12] in 0ms
fabric_peer5.1.ylrlhw8vqcqw@heming-rdma19    | [34m2021-08-20 07:12:21.037 UTC [blocksProvider] DeliverBlocks -> INFO 0e6[0m qiji: blockprovider 4
fabric_peer5.1.ylrlhw8vqcqw@heming-rdma19    | [34m2021-08-20 07:12:21.039 UTC [blocksProvider] DeliverBlocks -> INFO 0e7[0m qiji: blockprovider 5
fabric_peer5.1.ylrlhw8vqcqw@heming-rdma19    | [34m2021-08-20 07:12:21.040 UTC [blocksProvider] DeliverBlocks -> INFO 0e8[0m qiji: blockprovider recv
fabric_peer5.1.ylrlhw8vqcqw@heming-rdma19    | [34m2021-08-20 07:12:21.066 UTC [blocksProvider] DeliverBlocks -> INFO 0e9[0m qiji: blockprovider recv finish
fabric_peer5.1.ylrlhw8vqcqw@heming-rdma19    | [34m2021-08-20 07:12:21.066 UTC [blocksProvider] DeliverBlocks -> INFO 0ea[0m qiji: blockprovider 1
fabric_peer5.1.ylrlhw8vqcqw@heming-rdma19    | [34m2021-08-20 07:12:21.068 UTC [blocksProvider] DeliverBlocks -> INFO 0eb[0m qiji: blockprovider 2
fabric_peer5.1.ylrlhw8vqcqw@heming-rdma19    | [34m2021-08-20 07:12:21.068 UTC [blocksProvider] DeliverBlocks -> INFO 0ec[0m qiji: blockprovider 3
fabric_peer5.1.ylrlhw8vqcqw@heming-rdma19    | [34m2021-08-20 07:12:21.072 UTC [kvledger] CommitWithPvtData -> INFO 0ed[0m [mychannel] Committed block [12] with 1500 transaction(s) in 37ms (state_validation=33ms block_commit=0ms state_commit=4ms)
fabric_peer5.1.ylrlhw8vqcqw@heming-rdma19    | [34m2021-08-20 07:12:21.076 UTC [gossip/state] deliverPayloads -> INFO 0ee[0m qiji: deliverPayloads 4
fabric_peer5.1.ylrlhw8vqcqw@heming-rdma19    | [34m2021-08-20 07:12:21.076 UTC [gossip/state] deliverPayloads -> INFO 0ef[0m qiji: deliverPayloads 1
fabric_peer5.1.ylrlhw8vqcqw@heming-rdma19    | [34m2021-08-20 07:12:21.085 UTC [blocksProvider] DeliverBlocks -> INFO 0f0[0m qiji: blockprovider 4
fabric_peer5.1.ylrlhw8vqcqw@heming-rdma19    | [34m2021-08-20 07:12:21.087 UTC [blocksProvider] DeliverBlocks -> INFO 0f1[0m qiji: blockprovider 5
fabric_peer5.1.ylrlhw8vqcqw@heming-rdma19    | [34m2021-08-20 07:12:21.087 UTC [blocksProvider] DeliverBlocks -> INFO 0f2[0m qiji: blockprovider recv
fabric_peer5.1.ylrlhw8vqcqw@heming-rdma19    | [34m2021-08-20 07:12:21.089 UTC [gossip/state] deliverPayloads -> INFO 0f3[0m qiji: deliverPayloads 2
fabric_peer5.1.ylrlhw8vqcqw@heming-rdma19    | [34m2021-08-20 07:12:21.089 UTC [gossip/state] deliverPayloads -> INFO 0f4[0m qiji: deliverPayloads 3
fabric_peer5.1.ylrlhw8vqcqw@heming-rdma19    | [34m2021-08-20 07:12:21.089 UTC [gossip/privdata] StoreBlock -> INFO 0f5[0m [mychannel] Validating block [13]
fabric_peer5.1.ylrlhw8vqcqw@heming-rdma19    | [34m2021-08-20 07:12:21.089 UTC [committer/txvalidator] Validate -> INFO 0f6[0m [mychannel] Validated block [13] in 0ms
fabric_peer5.1.ylrlhw8vqcqw@heming-rdma19    | [34m2021-08-20 07:12:21.112 UTC [blocksProvider] DeliverBlocks -> INFO 0f7[0m qiji: blockprovider recv finish
fabric_peer5.1.ylrlhw8vqcqw@heming-rdma19    | [34m2021-08-20 07:12:21.112 UTC [blocksProvider] DeliverBlocks -> INFO 0f8[0m qiji: blockprovider 1
fabric_peer5.1.ylrlhw8vqcqw@heming-rdma19    | [34m2021-08-20 07:12:21.114 UTC [blocksProvider] DeliverBlocks -> INFO 0f9[0m qiji: blockprovider 2
fabric_peer5.1.ylrlhw8vqcqw@heming-rdma19    | [34m2021-08-20 07:12:21.114 UTC [blocksProvider] DeliverBlocks -> INFO 0fa[0m qiji: blockprovider 3
fabric_peer5.1.ylrlhw8vqcqw@heming-rdma19    | [34m2021-08-20 07:12:21.114 UTC [blocksProvider] DeliverBlocks -> INFO 0fb[0m qiji: blockprovider 4
fabric_peer5.1.ylrlhw8vqcqw@heming-rdma19    | [34m2021-08-20 07:12:21.115 UTC [blocksProvider] DeliverBlocks -> INFO 0fc[0m qiji: blockprovider 5
fabric_peer5.1.ylrlhw8vqcqw@heming-rdma19    | [34m2021-08-20 07:12:21.115 UTC [blocksProvider] DeliverBlocks -> INFO 0fd[0m qiji: blockprovider recv
fabric_peer5.1.ylrlhw8vqcqw@heming-rdma19    | [34m2021-08-20 07:12:21.159 UTC [blocksProvider] DeliverBlocks -> INFO 0fe[0m qiji: blockprovider recv finish
fabric_peer5.1.ylrlhw8vqcqw@heming-rdma19    | [34m2021-08-20 07:12:21.159 UTC [blocksProvider] DeliverBlocks -> INFO 0ff[0m qiji: blockprovider 1
fabric_peer5.1.ylrlhw8vqcqw@heming-rdma19    | [34m2021-08-20 07:12:21.160 UTC [blocksProvider] DeliverBlocks -> INFO 100[0m qiji: blockprovider 2
fabric_peer5.1.ylrlhw8vqcqw@heming-rdma19    | [34m2021-08-20 07:12:21.160 UTC [blocksProvider] DeliverBlocks -> INFO 101[0m qiji: blockprovider 3
fabric_peer5.1.ylrlhw8vqcqw@heming-rdma19    | [34m2021-08-20 07:12:21.161 UTC [blocksProvider] DeliverBlocks -> INFO 102[0m qiji: blockprovider 4
fabric_peer5.1.ylrlhw8vqcqw@heming-rdma19    | [34m2021-08-20 07:12:21.162 UTC [blocksProvider] DeliverBlocks -> INFO 103[0m qiji: blockprovider 5
fabric_peer5.1.ylrlhw8vqcqw@heming-rdma19    | [34m2021-08-20 07:12:21.162 UTC [blocksProvider] DeliverBlocks -> INFO 104[0m qiji: blockprovider recv
fabric_peer5.1.ylrlhw8vqcqw@heming-rdma19    | [34m2021-08-20 07:12:21.182 UTC [kvledger] CommitWithPvtData -> INFO 105[0m [mychannel] Committed block [13] with 1500 transaction(s) in 92ms (state_validation=71ms block_commit=0ms state_commit=20ms)
fabric_peer5.1.ylrlhw8vqcqw@heming-rdma19    | [34m2021-08-20 07:12:21.183 UTC [gossip/state] deliverPayloads -> INFO 106[0m qiji: deliverPayloads 4
fabric_peer5.1.ylrlhw8vqcqw@heming-rdma19    | [34m2021-08-20 07:12:21.183 UTC [gossip/state] deliverPayloads -> INFO 107[0m qiji: deliverPayloads 1
fabric_peer5.1.ylrlhw8vqcqw@heming-rdma19    | [34m2021-08-20 07:12:21.193 UTC [gossip/state] deliverPayloads -> INFO 108[0m qiji: deliverPayloads 2
fabric_peer5.1.ylrlhw8vqcqw@heming-rdma19    | [34m2021-08-20 07:12:21.193 UTC [gossip/state] deliverPayloads -> INFO 109[0m qiji: deliverPayloads 3
fabric_peer5.1.ylrlhw8vqcqw@heming-rdma19    | [34m2021-08-20 07:12:21.193 UTC [gossip/privdata] StoreBlock -> INFO 10a[0m [mychannel] Validating block [14]
fabric_peer5.1.ylrlhw8vqcqw@heming-rdma19    | [34m2021-08-20 07:12:21.193 UTC [committer/txvalidator] Validate -> INFO 10b[0m [mychannel] Validated block [14] in 0ms
fabric_peer5.1.ylrlhw8vqcqw@heming-rdma19    | [34m2021-08-20 07:12:21.213 UTC [blocksProvider] DeliverBlocks -> INFO 10c[0m qiji: blockprovider recv finish
fabric_peer5.1.ylrlhw8vqcqw@heming-rdma19    | [34m2021-08-20 07:12:21.213 UTC [blocksProvider] DeliverBlocks -> INFO 10d[0m qiji: blockprovider 1
fabric_peer5.1.ylrlhw8vqcqw@heming-rdma19    | [34m2021-08-20 07:12:21.219 UTC [blocksProvider] DeliverBlocks -> INFO 10e[0m qiji: blockprovider 2
fabric_peer5.1.ylrlhw8vqcqw@heming-rdma19    | [34m2021-08-20 07:12:21.219 UTC [blocksProvider] DeliverBlocks -> INFO 10f[0m qiji: blockprovider 3
fabric_peer5.1.ylrlhw8vqcqw@heming-rdma19    | [34m2021-08-20 07:12:21.220 UTC [blocksProvider] DeliverBlocks -> INFO 110[0m qiji: blockprovider 4
fabric_peer5.1.ylrlhw8vqcqw@heming-rdma19    | [34m2021-08-20 07:12:21.239 UTC [blocksProvider] DeliverBlocks -> INFO 111[0m qiji: blockprovider 5
fabric_peer5.1.ylrlhw8vqcqw@heming-rdma19    | [34m2021-08-20 07:12:21.239 UTC [blocksProvider] DeliverBlocks -> INFO 112[0m qiji: blockprovider recv
fabric_peer5.1.ylrlhw8vqcqw@heming-rdma19    | [34m2021-08-20 07:12:21.254 UTC [kvledger] CommitWithPvtData -> INFO 113[0m [mychannel] Committed block [14] with 1500 transaction(s) in 60ms (state_validation=54ms block_commit=0ms state_commit=6ms)
fabric_peer5.1.ylrlhw8vqcqw@heming-rdma19    | [34m2021-08-20 07:12:21.259 UTC [gossip/state] deliverPayloads -> INFO 114[0m qiji: deliverPayloads 4
fabric_peer5.1.ylrlhw8vqcqw@heming-rdma19    | [34m2021-08-20 07:12:21.260 UTC [gossip/state] deliverPayloads -> INFO 115[0m qiji: deliverPayloads 1
fabric_peer5.1.ylrlhw8vqcqw@heming-rdma19    | [34m2021-08-20 07:12:21.261 UTC [gossip/state] deliverPayloads -> INFO 116[0m qiji: deliverPayloads 2
fabric_peer5.1.ylrlhw8vqcqw@heming-rdma19    | [34m2021-08-20 07:12:21.261 UTC [gossip/state] deliverPayloads -> INFO 117[0m qiji: deliverPayloads 3
fabric_peer5.1.ylrlhw8vqcqw@heming-rdma19    | [34m2021-08-20 07:12:21.261 UTC [gossip/privdata] StoreBlock -> INFO 118[0m [mychannel] Validating block [15]
fabric_peer5.1.ylrlhw8vqcqw@heming-rdma19    | [34m2021-08-20 07:12:21.262 UTC [committer/txvalidator] Validate -> INFO 119[0m [mychannel] Validated block [15] in 0ms
fabric_peer5.1.ylrlhw8vqcqw@heming-rdma19    | [34m2021-08-20 07:12:21.277 UTC [blocksProvider] DeliverBlocks -> INFO 11a[0m qiji: blockprovider recv finish
fabric_peer5.1.ylrlhw8vqcqw@heming-rdma19    | [34m2021-08-20 07:12:21.277 UTC [blocksProvider] DeliverBlocks -> INFO 11b[0m qiji: blockprovider 1
fabric_peer5.1.ylrlhw8vqcqw@heming-rdma19    | [34m2021-08-20 07:12:21.288 UTC [blocksProvider] DeliverBlocks -> INFO 11c[0m qiji: blockprovider 2
fabric_peer5.1.ylrlhw8vqcqw@heming-rdma19    | [34m2021-08-20 07:12:21.288 UTC [blocksProvider] DeliverBlocks -> INFO 11d[0m qiji: blockprovider 3
fabric_peer5.1.ylrlhw8vqcqw@heming-rdma19    | [34m2021-08-20 07:12:21.291 UTC [blocksProvider] DeliverBlocks -> INFO 11e[0m qiji: blockprovider 4
fabric_peer5.1.ylrlhw8vqcqw@heming-rdma19    | [34m2021-08-20 07:12:21.293 UTC [blocksProvider] DeliverBlocks -> INFO 11f[0m qiji: blockprovider 5
fabric_peer5.1.ylrlhw8vqcqw@heming-rdma19    | [34m2021-08-20 07:12:21.296 UTC [blocksProvider] DeliverBlocks -> INFO 120[0m qiji: blockprovider recv
fabric_peer5.1.ylrlhw8vqcqw@heming-rdma19    | [34m2021-08-20 07:12:21.345 UTC [blocksProvider] DeliverBlocks -> INFO 121[0m qiji: blockprovider recv finish
fabric_peer5.1.ylrlhw8vqcqw@heming-rdma19    | [34m2021-08-20 07:12:21.345 UTC [blocksProvider] DeliverBlocks -> INFO 122[0m qiji: blockprovider 1
fabric_peer5.1.ylrlhw8vqcqw@heming-rdma19    | [34m2021-08-20 07:12:21.350 UTC [blocksProvider] DeliverBlocks -> INFO 123[0m qiji: blockprovider 2
fabric_peer5.1.ylrlhw8vqcqw@heming-rdma19    | [34m2021-08-20 07:12:21.350 UTC [blocksProvider] DeliverBlocks -> INFO 124[0m qiji: blockprovider 3
fabric_peer5.1.ylrlhw8vqcqw@heming-rdma19    | [34m2021-08-20 07:12:21.353 UTC [kvledger] CommitWithPvtData -> INFO 125[0m [mychannel] Committed block [15] with 1500 transaction(s) in 91ms (state_validation=56ms block_commit=0ms state_commit=34ms)
fabric_peer5.1.ylrlhw8vqcqw@heming-rdma19    | [34m2021-08-20 07:12:21.353 UTC [gossip/state] deliverPayloads -> INFO 126[0m qiji: deliverPayloads 4
fabric_peer5.1.ylrlhw8vqcqw@heming-rdma19    | [34m2021-08-20 07:12:21.353 UTC [gossip/state] deliverPayloads -> INFO 127[0m qiji: deliverPayloads 1
fabric_peer5.1.ylrlhw8vqcqw@heming-rdma19    | [34m2021-08-20 07:12:21.354 UTC [blocksProvider] DeliverBlocks -> INFO 128[0m qiji: blockprovider 4
fabric_peer5.1.ylrlhw8vqcqw@heming-rdma19    | [34m2021-08-20 07:12:21.357 UTC [blocksProvider] DeliverBlocks -> INFO 129[0m qiji: blockprovider 5
fabric_peer5.1.ylrlhw8vqcqw@heming-rdma19    | [34m2021-08-20 07:12:21.357 UTC [blocksProvider] DeliverBlocks -> INFO 12a[0m qiji: blockprovider recv
fabric_peer5.1.ylrlhw8vqcqw@heming-rdma19    | [34m2021-08-20 07:12:21.360 UTC [gossip/state] deliverPayloads -> INFO 12b[0m qiji: deliverPayloads 2
fabric_peer5.1.ylrlhw8vqcqw@heming-rdma19    | [34m2021-08-20 07:12:21.360 UTC [gossip/state] deliverPayloads -> INFO 12c[0m qiji: deliverPayloads 3
fabric_peer5.1.ylrlhw8vqcqw@heming-rdma19    | [34m2021-08-20 07:12:21.360 UTC [gossip/privdata] StoreBlock -> INFO 12d[0m [mychannel] Validating block [16]
fabric_peer5.1.ylrlhw8vqcqw@heming-rdma19    | [34m2021-08-20 07:12:21.362 UTC [committer/txvalidator] Validate -> INFO 12e[0m [mychannel] Validated block [16] in 0ms
fabric_peer5.1.ylrlhw8vqcqw@heming-rdma19    | [34m2021-08-20 07:12:21.386 UTC [blocksProvider] DeliverBlocks -> INFO 12f[0m qiji: blockprovider recv finish
fabric_peer5.1.ylrlhw8vqcqw@heming-rdma19    | [34m2021-08-20 07:12:21.386 UTC [blocksProvider] DeliverBlocks -> INFO 130[0m qiji: blockprovider 1
fabric_peer5.1.ylrlhw8vqcqw@heming-rdma19    | [34m2021-08-20 07:12:21.393 UTC [blocksProvider] DeliverBlocks -> INFO 131[0m qiji: blockprovider 2
fabric_peer5.1.ylrlhw8vqcqw@heming-rdma19    | [34m2021-08-20 07:12:21.394 UTC [blocksProvider] DeliverBlocks -> INFO 132[0m qiji: blockprovider 3
fabric_peer5.1.ylrlhw8vqcqw@heming-rdma19    | [34m2021-08-20 07:12:21.394 UTC [blocksProvider] DeliverBlocks -> INFO 133[0m qiji: blockprovider 4
fabric_peer5.1.ylrlhw8vqcqw@heming-rdma19    | [34m2021-08-20 07:12:21.396 UTC [blocksProvider] DeliverBlocks -> INFO 134[0m qiji: blockprovider 5
fabric_peer5.1.ylrlhw8vqcqw@heming-rdma19    | [34m2021-08-20 07:12:21.396 UTC [blocksProvider] DeliverBlocks -> INFO 135[0m qiji: blockprovider recv
fabric_peer5.1.ylrlhw8vqcqw@heming-rdma19    | [34m2021-08-20 07:12:21.404 UTC [blocksProvider] DeliverBlocks -> INFO 136[0m qiji: blockprovider recv finish
fabric_peer5.1.ylrlhw8vqcqw@heming-rdma19    | [34m2021-08-20 07:12:21.404 UTC [blocksProvider] DeliverBlocks -> INFO 137[0m qiji: blockprovider 1
fabric_peer5.1.ylrlhw8vqcqw@heming-rdma19    | [34m2021-08-20 07:12:21.407 UTC [blocksProvider] DeliverBlocks -> INFO 138[0m qiji: blockprovider 2
fabric_peer5.1.ylrlhw8vqcqw@heming-rdma19    | [34m2021-08-20 07:12:21.407 UTC [blocksProvider] DeliverBlocks -> INFO 139[0m qiji: blockprovider 3
fabric_peer5.1.ylrlhw8vqcqw@heming-rdma19    | [34m2021-08-20 07:12:21.407 UTC [blocksProvider] DeliverBlocks -> INFO 13a[0m qiji: blockprovider 4
fabric_peer5.1.ylrlhw8vqcqw@heming-rdma19    | [34m2021-08-20 07:12:21.459 UTC [blocksProvider] DeliverBlocks -> INFO 13b[0m qiji: blockprovider 5
fabric_peer5.1.ylrlhw8vqcqw@heming-rdma19    | [34m2021-08-20 07:12:21.459 UTC [blocksProvider] DeliverBlocks -> INFO 13c[0m qiji: blockprovider recv
fabric_peer5.1.ylrlhw8vqcqw@heming-rdma19    | [34m2021-08-20 07:12:21.473 UTC [blocksProvider] DeliverBlocks -> INFO 13d[0m qiji: blockprovider recv finish
fabric_peer5.1.ylrlhw8vqcqw@heming-rdma19    | [34m2021-08-20 07:12:21.473 UTC [blocksProvider] DeliverBlocks -> INFO 13e[0m qiji: blockprovider 1
fabric_peer5.1.ylrlhw8vqcqw@heming-rdma19    | [34m2021-08-20 07:12:21.475 UTC [blocksProvider] DeliverBlocks -> INFO 13f[0m qiji: blockprovider 2
fabric_peer5.1.ylrlhw8vqcqw@heming-rdma19    | [34m2021-08-20 07:12:21.475 UTC [blocksProvider] DeliverBlocks -> INFO 140[0m qiji: blockprovider 3
fabric_peer5.1.ylrlhw8vqcqw@heming-rdma19    | [34m2021-08-20 07:12:21.497 UTC [kvledger] CommitWithPvtData -> INFO 141[0m [mychannel] Committed block [16] with 1500 transaction(s) in 134ms (state_validation=107ms block_commit=0ms state_commit=27ms)
fabric_peer5.1.ylrlhw8vqcqw@heming-rdma19    | [34m2021-08-20 07:12:21.500 UTC [blocksProvider] DeliverBlocks -> INFO 142[0m qiji: blockprovider 4
fabric_peer5.1.ylrlhw8vqcqw@heming-rdma19    | [34m2021-08-20 07:12:21.500 UTC [gossip/state] deliverPayloads -> INFO 143[0m qiji: deliverPayloads 4
fabric_peer5.1.ylrlhw8vqcqw@heming-rdma19    | [34m2021-08-20 07:12:21.500 UTC [gossip/state] deliverPayloads -> INFO 144[0m qiji: deliverPayloads 1
fabric_peer5.1.ylrlhw8vqcqw@heming-rdma19    | [34m2021-08-20 07:12:21.502 UTC [blocksProvider] DeliverBlocks -> INFO 145[0m qiji: blockprovider 5
fabric_peer5.1.ylrlhw8vqcqw@heming-rdma19    | [34m2021-08-20 07:12:21.502 UTC [blocksProvider] DeliverBlocks -> INFO 146[0m qiji: blockprovider recv
fabric_peer5.1.ylrlhw8vqcqw@heming-rdma19    | [34m2021-08-20 07:12:21.502 UTC [gossip/state] deliverPayloads -> INFO 147[0m qiji: deliverPayloads 2
fabric_peer5.1.ylrlhw8vqcqw@heming-rdma19    | [34m2021-08-20 07:12:21.502 UTC [gossip/state] deliverPayloads -> INFO 148[0m qiji: deliverPayloads 3
fabric_peer5.1.ylrlhw8vqcqw@heming-rdma19    | [34m2021-08-20 07:12:21.502 UTC [gossip/privdata] StoreBlock -> INFO 149[0m [mychannel] Validating block [17]
fabric_peer5.1.ylrlhw8vqcqw@heming-rdma19    | [34m2021-08-20 07:12:21.502 UTC [committer/txvalidator] Validate -> INFO 14a[0m [mychannel] Validated block [17] in 0ms
fabric_peer5.1.ylrlhw8vqcqw@heming-rdma19    | [34m2021-08-20 07:12:21.514 UTC [blocksProvider] DeliverBlocks -> INFO 14b[0m qiji: blockprovider recv finish
fabric_peer5.1.ylrlhw8vqcqw@heming-rdma19    | [34m2021-08-20 07:12:21.514 UTC [blocksProvider] DeliverBlocks -> INFO 14c[0m qiji: blockprovider 1
fabric_peer5.1.ylrlhw8vqcqw@heming-rdma19    | [34m2021-08-20 07:12:21.522 UTC [blocksProvider] DeliverBlocks -> INFO 14d[0m qiji: blockprovider 2
fabric_peer5.1.ylrlhw8vqcqw@heming-rdma19    | [34m2021-08-20 07:12:21.522 UTC [blocksProvider] DeliverBlocks -> INFO 14e[0m qiji: blockprovider 3
fabric_peer5.1.ylrlhw8vqcqw@heming-rdma19    | [34m2021-08-20 07:12:21.522 UTC [blocksProvider] DeliverBlocks -> INFO 14f[0m qiji: blockprovider 4
fabric_peer5.1.ylrlhw8vqcqw@heming-rdma19    | [34m2021-08-20 07:12:21.524 UTC [blocksProvider] DeliverBlocks -> INFO 150[0m qiji: blockprovider 5
fabric_peer5.1.ylrlhw8vqcqw@heming-rdma19    | [34m2021-08-20 07:12:21.524 UTC [blocksProvider] DeliverBlocks -> INFO 151[0m qiji: blockprovider recv
fabric_peer5.1.ylrlhw8vqcqw@heming-rdma19    | [34m2021-08-20 07:12:21.553 UTC [blocksProvider] DeliverBlocks -> INFO 152[0m qiji: blockprovider recv finish
fabric_peer5.1.ylrlhw8vqcqw@heming-rdma19    | [34m2021-08-20 07:12:21.553 UTC [blocksProvider] DeliverBlocks -> INFO 153[0m qiji: blockprovider 1
fabric_peer5.1.ylrlhw8vqcqw@heming-rdma19    | [34m2021-08-20 07:12:21.559 UTC [blocksProvider] DeliverBlocks -> INFO 154[0m qiji: blockprovider 2
fabric_peer5.1.ylrlhw8vqcqw@heming-rdma19    | [34m2021-08-20 07:12:21.563 UTC [blocksProvider] DeliverBlocks -> INFO 156[0m qiji: blockprovider 3
fabric_peer5.1.ylrlhw8vqcqw@heming-rdma19    | [34m2021-08-20 07:12:21.563 UTC [kvledger] CommitWithPvtData -> INFO 155[0m [mychannel] Committed block [17] with 1500 transaction(s) in 60ms (state_validation=48ms block_commit=0ms state_commit=11ms)
fabric_peer5.1.ylrlhw8vqcqw@heming-rdma19    | [34m2021-08-20 07:12:21.564 UTC [gossip/state] deliverPayloads -> INFO 157[0m qiji: deliverPayloads 4
fabric_peer5.1.ylrlhw8vqcqw@heming-rdma19    | [34m2021-08-20 07:12:21.564 UTC [gossip/state] deliverPayloads -> INFO 158[0m qiji: deliverPayloads 1
fabric_peer5.1.ylrlhw8vqcqw@heming-rdma19    | [34m2021-08-20 07:12:21.564 UTC [blocksProvider] DeliverBlocks -> INFO 159[0m qiji: blockprovider 4
fabric_peer5.1.ylrlhw8vqcqw@heming-rdma19    | [34m2021-08-20 07:12:21.566 UTC [gossip/state] deliverPayloads -> INFO 15a[0m qiji: deliverPayloads 2
fabric_peer5.1.ylrlhw8vqcqw@heming-rdma19    | [34m2021-08-20 07:12:21.566 UTC [gossip/state] deliverPayloads -> INFO 15b[0m qiji: deliverPayloads 3
fabric_peer5.1.ylrlhw8vqcqw@heming-rdma19    | [34m2021-08-20 07:12:21.566 UTC [gossip/privdata] StoreBlock -> INFO 15c[0m [mychannel] Validating block [18]
fabric_peer5.1.ylrlhw8vqcqw@heming-rdma19    | [34m2021-08-20 07:12:21.566 UTC [committer/txvalidator] Validate -> INFO 15d[0m [mychannel] Validated block [18] in 0ms
fabric_peer5.1.ylrlhw8vqcqw@heming-rdma19    | [34m2021-08-20 07:12:21.568 UTC [blocksProvider] DeliverBlocks -> INFO 15e[0m qiji: blockprovider 5
fabric_peer5.1.ylrlhw8vqcqw@heming-rdma19    | [34m2021-08-20 07:12:21.568 UTC [blocksProvider] DeliverBlocks -> INFO 15f[0m qiji: blockprovider recv
fabric_peer5.1.ylrlhw8vqcqw@heming-rdma19    | [34m2021-08-20 07:12:21.604 UTC [blocksProvider] DeliverBlocks -> INFO 160[0m qiji: blockprovider recv finish
fabric_peer5.1.ylrlhw8vqcqw@heming-rdma19    | [34m2021-08-20 07:12:21.604 UTC [blocksProvider] DeliverBlocks -> INFO 161[0m qiji: blockprovider 1
fabric_peer5.1.ylrlhw8vqcqw@heming-rdma19    | [34m2021-08-20 07:12:21.605 UTC [blocksProvider] DeliverBlocks -> INFO 162[0m qiji: blockprovider 2
fabric_peer5.1.ylrlhw8vqcqw@heming-rdma19    | [34m2021-08-20 07:12:21.605 UTC [blocksProvider] DeliverBlocks -> INFO 163[0m qiji: blockprovider 3
fabric_peer5.1.ylrlhw8vqcqw@heming-rdma19    | [34m2021-08-20 07:12:21.606 UTC [blocksProvider] DeliverBlocks -> INFO 164[0m qiji: blockprovider 4
fabric_peer5.1.ylrlhw8vqcqw@heming-rdma19    | [34m2021-08-20 07:12:21.607 UTC [blocksProvider] DeliverBlocks -> INFO 165[0m qiji: blockprovider 5
fabric_peer5.1.ylrlhw8vqcqw@heming-rdma19    | [34m2021-08-20 07:12:21.607 UTC [blocksProvider] DeliverBlocks -> INFO 166[0m qiji: blockprovider recv
fabric_peer5.1.ylrlhw8vqcqw@heming-rdma19    | [34m2021-08-20 07:12:21.612 UTC [kvledger] CommitWithPvtData -> INFO 167[0m [mychannel] Committed block [18] with 1500 transaction(s) in 46ms (state_validation=42ms block_commit=0ms state_commit=3ms)
fabric_peer5.1.ylrlhw8vqcqw@heming-rdma19    | [34m2021-08-20 07:12:21.613 UTC [gossip/state] deliverPayloads -> INFO 168[0m qiji: deliverPayloads 4
fabric_peer5.1.ylrlhw8vqcqw@heming-rdma19    | [34m2021-08-20 07:12:21.613 UTC [gossip/state] deliverPayloads -> INFO 169[0m qiji: deliverPayloads 1
fabric_peer5.1.ylrlhw8vqcqw@heming-rdma19    | [34m2021-08-20 07:12:21.615 UTC [gossip/state] deliverPayloads -> INFO 16a[0m qiji: deliverPayloads 2
fabric_peer5.1.ylrlhw8vqcqw@heming-rdma19    | [34m2021-08-20 07:12:21.615 UTC [gossip/state] deliverPayloads -> INFO 16b[0m qiji: deliverPayloads 3
fabric_peer5.1.ylrlhw8vqcqw@heming-rdma19    | [34m2021-08-20 07:12:21.615 UTC [gossip/privdata] StoreBlock -> INFO 16c[0m [mychannel] Validating block [19]
fabric_peer5.1.ylrlhw8vqcqw@heming-rdma19    | [34m2021-08-20 07:12:21.615 UTC [committer/txvalidator] Validate -> INFO 16d[0m [mychannel] Validated block [19] in 0ms
fabric_peer5.1.ylrlhw8vqcqw@heming-rdma19    | [34m2021-08-20 07:12:21.660 UTC [blocksProvider] DeliverBlocks -> INFO 16e[0m qiji: blockprovider recv finish
fabric_peer5.1.ylrlhw8vqcqw@heming-rdma19    | [34m2021-08-20 07:12:21.660 UTC [blocksProvider] DeliverBlocks -> INFO 16f[0m qiji: blockprovider 1
fabric_peer5.1.ylrlhw8vqcqw@heming-rdma19    | [34m2021-08-20 07:12:21.662 UTC [blocksProvider] DeliverBlocks -> INFO 170[0m qiji: blockprovider 2
fabric_peer5.1.ylrlhw8vqcqw@heming-rdma19    | [34m2021-08-20 07:12:21.662 UTC [blocksProvider] DeliverBlocks -> INFO 171[0m qiji: blockprovider 3
fabric_peer5.1.ylrlhw8vqcqw@heming-rdma19    | [34m2021-08-20 07:12:21.663 UTC [blocksProvider] DeliverBlocks -> INFO 172[0m qiji: blockprovider 4
fabric_peer5.1.ylrlhw8vqcqw@heming-rdma19    | [34m2021-08-20 07:12:21.665 UTC [blocksProvider] DeliverBlocks -> INFO 173[0m qiji: blockprovider 5
fabric_peer5.1.ylrlhw8vqcqw@heming-rdma19    | [34m2021-08-20 07:12:21.665 UTC [blocksProvider] DeliverBlocks -> INFO 174[0m qiji: blockprovider recv
fabric_peer5.1.ylrlhw8vqcqw@heming-rdma19    | [34m2021-08-20 07:12:21.679 UTC [kvledger] CommitWithPvtData -> INFO 175[0m [mychannel] Committed block [19] with 1500 transaction(s) in 64ms (state_validation=59ms block_commit=0ms state_commit=4ms)
fabric_peer5.1.ylrlhw8vqcqw@heming-rdma19    | [34m2021-08-20 07:12:21.699 UTC [gossip/state] deliverPayloads -> INFO 176[0m qiji: deliverPayloads 4
fabric_peer5.1.ylrlhw8vqcqw@heming-rdma19    | [34m2021-08-20 07:12:21.700 UTC [gossip/state] deliverPayloads -> INFO 177[0m qiji: deliverPayloads 1
fabric_peer5.1.ylrlhw8vqcqw@heming-rdma19    | [34m2021-08-20 07:12:21.702 UTC [blocksProvider] DeliverBlocks -> INFO 178[0m qiji: blockprovider recv finish
fabric_peer5.1.ylrlhw8vqcqw@heming-rdma19    | [34m2021-08-20 07:12:21.703 UTC [blocksProvider] DeliverBlocks -> INFO 17a[0m qiji: blockprovider 1
fabric_peer5.1.ylrlhw8vqcqw@heming-rdma19    | [34m2021-08-20 07:12:21.703 UTC [gossip/state] deliverPayloads -> INFO 179[0m qiji: deliverPayloads 2
fabric_peer5.1.ylrlhw8vqcqw@heming-rdma19    | [34m2021-08-20 07:12:21.704 UTC [gossip/state] deliverPayloads -> INFO 17b[0m qiji: deliverPayloads 3
fabric_peer5.1.ylrlhw8vqcqw@heming-rdma19    | [34m2021-08-20 07:12:21.705 UTC [gossip/privdata] StoreBlock -> INFO 17c[0m [mychannel] Validating block [20]
fabric_peer5.1.ylrlhw8vqcqw@heming-rdma19    | [34m2021-08-20 07:12:21.705 UTC [committer/txvalidator] Validate -> INFO 17d[0m [mychannel] Validated block [20] in 0ms
fabric_peer5.1.ylrlhw8vqcqw@heming-rdma19    | [34m2021-08-20 07:12:21.705 UTC [blocksProvider] DeliverBlocks -> INFO 17e[0m qiji: blockprovider 2
fabric_peer5.1.ylrlhw8vqcqw@heming-rdma19    | [34m2021-08-20 07:12:21.705 UTC [blocksProvider] DeliverBlocks -> INFO 17f[0m qiji: blockprovider 3
fabric_peer5.1.ylrlhw8vqcqw@heming-rdma19    | [34m2021-08-20 07:12:21.705 UTC [blocksProvider] DeliverBlocks -> INFO 180[0m qiji: blockprovider 4
fabric_peer5.1.ylrlhw8vqcqw@heming-rdma19    | [34m2021-08-20 07:12:21.706 UTC [blocksProvider] DeliverBlocks -> INFO 181[0m qiji: blockprovider 5
fabric_peer5.1.ylrlhw8vqcqw@heming-rdma19    | [34m2021-08-20 07:12:21.707 UTC [blocksProvider] DeliverBlocks -> INFO 182[0m qiji: blockprovider recv
fabric_peer5.1.ylrlhw8vqcqw@heming-rdma19    | [34m2021-08-20 07:12:21.740 UTC [kvledger] CommitWithPvtData -> INFO 183[0m [mychannel] Committed block [20] with 1500 transaction(s) in 35ms (state_validation=26ms block_commit=0ms state_commit=8ms)
fabric_peer5.1.ylrlhw8vqcqw@heming-rdma19    | [34m2021-08-20 07:12:21.757 UTC [gossip/state] deliverPayloads -> INFO 184[0m qiji: deliverPayloads 4
fabric_peer5.1.ylrlhw8vqcqw@heming-rdma19    | [34m2021-08-20 07:12:21.757 UTC [gossip/state] deliverPayloads -> INFO 185[0m qiji: deliverPayloads 1
fabric_peer5.1.ylrlhw8vqcqw@heming-rdma19    | [34m2021-08-20 07:12:21.760 UTC [gossip/state] deliverPayloads -> INFO 186[0m qiji: deliverPayloads 2
fabric_peer5.1.ylrlhw8vqcqw@heming-rdma19    | [34m2021-08-20 07:12:21.761 UTC [gossip/state] deliverPayloads -> INFO 187[0m qiji: deliverPayloads 3
fabric_peer5.1.ylrlhw8vqcqw@heming-rdma19    | [34m2021-08-20 07:12:21.761 UTC [gossip/privdata] StoreBlock -> INFO 188[0m [mychannel] Validating block [21]
fabric_peer5.1.ylrlhw8vqcqw@heming-rdma19    | [34m2021-08-20 07:12:21.761 UTC [committer/txvalidator] Validate -> INFO 189[0m [mychannel] Validated block [21] in 0ms
fabric_peer5.1.ylrlhw8vqcqw@heming-rdma19    | [34m2021-08-20 07:12:21.776 UTC [blocksProvider] DeliverBlocks -> INFO 18a[0m qiji: blockprovider recv finish
fabric_peer5.1.ylrlhw8vqcqw@heming-rdma19    | [34m2021-08-20 07:12:21.776 UTC [blocksProvider] DeliverBlocks -> INFO 18b[0m qiji: blockprovider 1
fabric_peer5.1.ylrlhw8vqcqw@heming-rdma19    | [34m2021-08-20 07:12:21.778 UTC [blocksProvider] DeliverBlocks -> INFO 18c[0m qiji: blockprovider 2
fabric_peer5.1.ylrlhw8vqcqw@heming-rdma19    | [34m2021-08-20 07:12:21.778 UTC [blocksProvider] DeliverBlocks -> INFO 18d[0m qiji: blockprovider 3
fabric_peer5.1.ylrlhw8vqcqw@heming-rdma19    | [34m2021-08-20 07:12:21.778 UTC [blocksProvider] DeliverBlocks -> INFO 18e[0m qiji: blockprovider 4
fabric_peer5.1.ylrlhw8vqcqw@heming-rdma19    | [34m2021-08-20 07:12:21.779 UTC [blocksProvider] DeliverBlocks -> INFO 18f[0m qiji: blockprovider 5
fabric_peer5.1.ylrlhw8vqcqw@heming-rdma19    | [34m2021-08-20 07:12:21.779 UTC [blocksProvider] DeliverBlocks -> INFO 190[0m qiji: blockprovider recv
fabric_peer5.1.ylrlhw8vqcqw@heming-rdma19    | [34m2021-08-20 07:12:21.802 UTC [blocksProvider] DeliverBlocks -> INFO 191[0m qiji: blockprovider recv finish
fabric_peer5.1.ylrlhw8vqcqw@heming-rdma19    | [34m2021-08-20 07:12:21.802 UTC [blocksProvider] DeliverBlocks -> INFO 192[0m qiji: blockprovider 1
fabric_peer5.1.ylrlhw8vqcqw@heming-rdma19    | [34m2021-08-20 07:12:21.805 UTC [blocksProvider] DeliverBlocks -> INFO 193[0m qiji: blockprovider 2
fabric_peer5.1.ylrlhw8vqcqw@heming-rdma19    | [34m2021-08-20 07:12:21.805 UTC [blocksProvider] DeliverBlocks -> INFO 194[0m qiji: blockprovider 3
fabric_peer5.1.ylrlhw8vqcqw@heming-rdma19    | [34m2021-08-20 07:12:21.805 UTC [blocksProvider] DeliverBlocks -> INFO 195[0m qiji: blockprovider 4
fabric_peer5.1.ylrlhw8vqcqw@heming-rdma19    | [34m2021-08-20 07:12:21.807 UTC [blocksProvider] DeliverBlocks -> INFO 196[0m qiji: blockprovider 5
fabric_peer5.1.ylrlhw8vqcqw@heming-rdma19    | [34m2021-08-20 07:12:21.807 UTC [blocksProvider] DeliverBlocks -> INFO 197[0m qiji: blockprovider recv
fabric_peer5.1.ylrlhw8vqcqw@heming-rdma19    | [34m2021-08-20 07:12:21.848 UTC [kvledger] CommitWithPvtData -> INFO 198[0m [mychannel] Committed block [21] with 1500 transaction(s) in 87ms (state_validation=81ms block_commit=0ms state_commit=5ms)
fabric_peer5.1.ylrlhw8vqcqw@heming-rdma19    | [34m2021-08-20 07:12:21.858 UTC [gossip/state] deliverPayloads -> INFO 199[0m qiji: deliverPayloads 4
fabric_peer5.1.ylrlhw8vqcqw@heming-rdma19    | [34m2021-08-20 07:12:21.863 UTC [gossip/state] deliverPayloads -> INFO 19a[0m qiji: deliverPayloads 1
fabric_peer5.1.ylrlhw8vqcqw@heming-rdma19    | [34m2021-08-20 07:12:21.864 UTC [gossip/state] deliverPayloads -> INFO 19b[0m qiji: deliverPayloads 2
fabric_peer5.1.ylrlhw8vqcqw@heming-rdma19    | [34m2021-08-20 07:12:21.864 UTC [gossip/state] deliverPayloads -> INFO 19c[0m qiji: deliverPayloads 3
fabric_peer5.1.ylrlhw8vqcqw@heming-rdma19    | [34m2021-08-20 07:12:21.865 UTC [gossip/privdata] StoreBlock -> INFO 19d[0m [mychannel] Validating block [22]
fabric_peer5.1.ylrlhw8vqcqw@heming-rdma19    | [34m2021-08-20 07:12:21.865 UTC [committer/txvalidator] Validate -> INFO 19e[0m [mychannel] Validated block [22] in 0ms
fabric_peer5.1.ylrlhw8vqcqw@heming-rdma19    | [34m2021-08-20 07:12:21.879 UTC [blocksProvider] DeliverBlocks -> INFO 19f[0m qiji: blockprovider recv finish
fabric_peer5.1.ylrlhw8vqcqw@heming-rdma19    | [34m2021-08-20 07:12:21.879 UTC [blocksProvider] DeliverBlocks -> INFO 1a0[0m qiji: blockprovider 1
fabric_peer5.1.ylrlhw8vqcqw@heming-rdma19    | [34m2021-08-20 07:12:21.882 UTC [blocksProvider] DeliverBlocks -> INFO 1a1[0m qiji: blockprovider 2
fabric_peer5.1.ylrlhw8vqcqw@heming-rdma19    | [34m2021-08-20 07:12:21.882 UTC [blocksProvider] DeliverBlocks -> INFO 1a2[0m qiji: blockprovider 3
fabric_peer5.1.ylrlhw8vqcqw@heming-rdma19    | [34m2021-08-20 07:12:21.882 UTC [blocksProvider] DeliverBlocks -> INFO 1a3[0m qiji: blockprovider 4
fabric_peer5.1.ylrlhw8vqcqw@heming-rdma19    | [34m2021-08-20 07:12:21.887 UTC [blocksProvider] DeliverBlocks -> INFO 1a4[0m qiji: blockprovider 5
fabric_peer5.1.ylrlhw8vqcqw@heming-rdma19    | [34m2021-08-20 07:12:21.887 UTC [blocksProvider] DeliverBlocks -> INFO 1a5[0m qiji: blockprovider recv
fabric_peer5.1.ylrlhw8vqcqw@heming-rdma19    | [34m2021-08-20 07:12:21.906 UTC [blocksProvider] DeliverBlocks -> INFO 1a6[0m qiji: blockprovider recv finish
fabric_peer5.1.ylrlhw8vqcqw@heming-rdma19    | [34m2021-08-20 07:12:21.906 UTC [blocksProvider] DeliverBlocks -> INFO 1a7[0m qiji: blockprovider 1
fabric_peer5.1.ylrlhw8vqcqw@heming-rdma19    | [34m2021-08-20 07:12:21.908 UTC [blocksProvider] DeliverBlocks -> INFO 1a8[0m qiji: blockprovider 2
fabric_peer5.1.ylrlhw8vqcqw@heming-rdma19    | [34m2021-08-20 07:12:21.908 UTC [blocksProvider] DeliverBlocks -> INFO 1a9[0m qiji: blockprovider 3
fabric_peer5.1.ylrlhw8vqcqw@heming-rdma19    | [34m2021-08-20 07:12:21.908 UTC [blocksProvider] DeliverBlocks -> INFO 1aa[0m qiji: blockprovider 4
fabric_peer5.1.ylrlhw8vqcqw@heming-rdma19    | [34m2021-08-20 07:12:21.909 UTC [blocksProvider] DeliverBlocks -> INFO 1ab[0m qiji: blockprovider 5
fabric_peer5.1.ylrlhw8vqcqw@heming-rdma19    | [34m2021-08-20 07:12:21.910 UTC [blocksProvider] DeliverBlocks -> INFO 1ac[0m qiji: blockprovider recv
fabric_peer5.1.ylrlhw8vqcqw@heming-rdma19    | [34m2021-08-20 07:12:21.934 UTC [kvledger] CommitWithPvtData -> INFO 1ad[0m [mychannel] Committed block [22] with 1500 transaction(s) in 69ms (state_validation=59ms block_commit=0ms state_commit=9ms)
fabric_peer5.1.ylrlhw8vqcqw@heming-rdma19    | [34m2021-08-20 07:12:21.935 UTC [gossip/state] deliverPayloads -> INFO 1ae[0m qiji: deliverPayloads 4
fabric_peer5.1.ylrlhw8vqcqw@heming-rdma19    | [34m2021-08-20 07:12:21.935 UTC [gossip/state] deliverPayloads -> INFO 1af[0m qiji: deliverPayloads 1
fabric_peer5.1.ylrlhw8vqcqw@heming-rdma19    | [34m2021-08-20 07:12:21.937 UTC [gossip/state] deliverPayloads -> INFO 1b0[0m qiji: deliverPayloads 2
fabric_peer5.1.ylrlhw8vqcqw@heming-rdma19    | [34m2021-08-20 07:12:21.937 UTC [gossip/state] deliverPayloads -> INFO 1b1[0m qiji: deliverPayloads 3
fabric_peer5.1.ylrlhw8vqcqw@heming-rdma19    | [34m2021-08-20 07:12:21.937 UTC [gossip/privdata] StoreBlock -> INFO 1b2[0m [mychannel] Validating block [23]
fabric_peer5.1.ylrlhw8vqcqw@heming-rdma19    | [34m2021-08-20 07:12:21.937 UTC [committer/txvalidator] Validate -> INFO 1b3[0m [mychannel] Validated block [23] in 0ms
fabric_peer5.1.ylrlhw8vqcqw@heming-rdma19    | [34m2021-08-20 07:12:21.954 UTC [blocksProvider] DeliverBlocks -> INFO 1b4[0m qiji: blockprovider recv finish
fabric_peer5.1.ylrlhw8vqcqw@heming-rdma19    | [34m2021-08-20 07:12:21.955 UTC [blocksProvider] DeliverBlocks -> INFO 1b5[0m qiji: blockprovider 1
fabric_peer5.1.ylrlhw8vqcqw@heming-rdma19    | [34m2021-08-20 07:12:21.956 UTC [blocksProvider] DeliverBlocks -> INFO 1b6[0m qiji: blockprovider 2
fabric_peer5.1.ylrlhw8vqcqw@heming-rdma19    | [34m2021-08-20 07:12:21.956 UTC [blocksProvider] DeliverBlocks -> INFO 1b7[0m qiji: blockprovider 3
fabric_peer5.1.ylrlhw8vqcqw@heming-rdma19    | [34m2021-08-20 07:12:21.956 UTC [blocksProvider] DeliverBlocks -> INFO 1b8[0m qiji: blockprovider 4
fabric_peer5.1.ylrlhw8vqcqw@heming-rdma19    | [34m2021-08-20 07:12:21.957 UTC [blocksProvider] DeliverBlocks -> INFO 1b9[0m qiji: blockprovider 5
fabric_peer5.1.ylrlhw8vqcqw@heming-rdma19    | [34m2021-08-20 07:12:21.957 UTC [blocksProvider] DeliverBlocks -> INFO 1ba[0m qiji: blockprovider recv
fabric_peer5.1.ylrlhw8vqcqw@heming-rdma19    | [34m2021-08-20 07:12:21.970 UTC [kvledger] CommitWithPvtData -> INFO 1bb[0m [mychannel] Committed block [23] with 1500 transaction(s) in 32ms (state_validation=23ms block_commit=0ms state_commit=8ms)
fabric_peer5.1.ylrlhw8vqcqw@heming-rdma19    | [34m2021-08-20 07:12:21.970 UTC [gossip/state] deliverPayloads -> INFO 1bc[0m qiji: deliverPayloads 4
fabric_peer5.1.ylrlhw8vqcqw@heming-rdma19    | [34m2021-08-20 07:12:21.971 UTC [gossip/state] deliverPayloads -> INFO 1bd[0m qiji: deliverPayloads 1
fabric_peer5.1.ylrlhw8vqcqw@heming-rdma19    | [34m2021-08-20 07:12:21.973 UTC [gossip/state] deliverPayloads -> INFO 1be[0m qiji: deliverPayloads 2
fabric_peer5.1.ylrlhw8vqcqw@heming-rdma19    | [34m2021-08-20 07:12:21.973 UTC [gossip/state] deliverPayloads -> INFO 1bf[0m qiji: deliverPayloads 3
fabric_peer5.1.ylrlhw8vqcqw@heming-rdma19    | [34m2021-08-20 07:12:21.973 UTC [gossip/privdata] StoreBlock -> INFO 1c0[0m [mychannel] Validating block [24]
fabric_peer5.1.ylrlhw8vqcqw@heming-rdma19    | [34m2021-08-20 07:12:21.973 UTC [committer/txvalidator] Validate -> INFO 1c1[0m [mychannel] Validated block [24] in 0ms
fabric_peer5.1.ylrlhw8vqcqw@heming-rdma19    | [34m2021-08-20 07:12:22.039 UTC [blocksProvider] DeliverBlocks -> INFO 1c2[0m qiji: blockprovider recv finish
fabric_peer5.1.ylrlhw8vqcqw@heming-rdma19    | [34m2021-08-20 07:12:22.039 UTC [blocksProvider] DeliverBlocks -> INFO 1c3[0m qiji: blockprovider 1
fabric_peer5.1.ylrlhw8vqcqw@heming-rdma19    | [34m2021-08-20 07:12:22.042 UTC [blocksProvider] DeliverBlocks -> INFO 1c4[0m qiji: blockprovider 2
fabric_peer5.1.ylrlhw8vqcqw@heming-rdma19    | [34m2021-08-20 07:12:22.042 UTC [blocksProvider] DeliverBlocks -> INFO 1c5[0m qiji: blockprovider 3
fabric_peer5.1.ylrlhw8vqcqw@heming-rdma19    | [34m2021-08-20 07:12:22.042 UTC [blocksProvider] DeliverBlocks -> INFO 1c6[0m qiji: blockprovider 4
fabric_peer5.1.ylrlhw8vqcqw@heming-rdma19    | [34m2021-08-20 07:12:22.044 UTC [blocksProvider] DeliverBlocks -> INFO 1c7[0m qiji: blockprovider 5
fabric_peer5.1.ylrlhw8vqcqw@heming-rdma19    | [34m2021-08-20 07:12:22.044 UTC [blocksProvider] DeliverBlocks -> INFO 1c8[0m qiji: blockprovider recv
fabric_peer5.1.ylrlhw8vqcqw@heming-rdma19    | [34m2021-08-20 07:12:22.063 UTC [blocksProvider] DeliverBlocks -> INFO 1c9[0m qiji: blockprovider recv finish
fabric_peer5.1.ylrlhw8vqcqw@heming-rdma19    | [34m2021-08-20 07:12:22.066 UTC [blocksProvider] DeliverBlocks -> INFO 1ca[0m qiji: blockprovider 1
fabric_peer5.1.ylrlhw8vqcqw@heming-rdma19    | [34m2021-08-20 07:12:22.068 UTC [blocksProvider] DeliverBlocks -> INFO 1cb[0m qiji: blockprovider 2
fabric_peer5.1.ylrlhw8vqcqw@heming-rdma19    | [34m2021-08-20 07:12:22.068 UTC [blocksProvider] DeliverBlocks -> INFO 1cc[0m qiji: blockprovider 3
fabric_peer5.1.ylrlhw8vqcqw@heming-rdma19    | [34m2021-08-20 07:12:22.070 UTC [kvledger] CommitWithPvtData -> INFO 1cd[0m [mychannel] Committed block [24] with 1500 transaction(s) in 96ms (state_validation=83ms block_commit=0ms state_commit=13ms)
fabric_peer5.1.ylrlhw8vqcqw@heming-rdma19    | [34m2021-08-20 07:12:22.070 UTC [gossip/state] deliverPayloads -> INFO 1ce[0m qiji: deliverPayloads 4
fabric_peer5.1.ylrlhw8vqcqw@heming-rdma19    | [34m2021-08-20 07:12:22.070 UTC [gossip/state] deliverPayloads -> INFO 1cf[0m qiji: deliverPayloads 1
fabric_peer5.1.ylrlhw8vqcqw@heming-rdma19    | [34m2021-08-20 07:12:22.070 UTC [blocksProvider] DeliverBlocks -> INFO 1d0[0m qiji: blockprovider 4
fabric_peer5.1.ylrlhw8vqcqw@heming-rdma19    | [34m2021-08-20 07:12:22.072 UTC [blocksProvider] DeliverBlocks -> INFO 1d1[0m qiji: blockprovider 5
fabric_peer5.1.ylrlhw8vqcqw@heming-rdma19    | [34m2021-08-20 07:12:22.072 UTC [blocksProvider] DeliverBlocks -> INFO 1d2[0m qiji: blockprovider recv
fabric_peer5.1.ylrlhw8vqcqw@heming-rdma19    | [34m2021-08-20 07:12:22.072 UTC [gossip/state] deliverPayloads -> INFO 1d3[0m qiji: deliverPayloads 2
fabric_peer5.1.ylrlhw8vqcqw@heming-rdma19    | [34m2021-08-20 07:12:22.072 UTC [gossip/state] deliverPayloads -> INFO 1d4[0m qiji: deliverPayloads 3
fabric_peer5.1.ylrlhw8vqcqw@heming-rdma19    | [34m2021-08-20 07:12:22.072 UTC [gossip/privdata] StoreBlock -> INFO 1d5[0m [mychannel] Validating block [25]
fabric_peer5.1.ylrlhw8vqcqw@heming-rdma19    | [34m2021-08-20 07:12:22.072 UTC [committer/txvalidator] Validate -> INFO 1d6[0m [mychannel] Validated block [25] in 0ms
fabric_peer5.1.ylrlhw8vqcqw@heming-rdma19    | [34m2021-08-20 07:12:22.107 UTC [blocksProvider] DeliverBlocks -> INFO 1d7[0m qiji: blockprovider recv finish
fabric_peer5.1.ylrlhw8vqcqw@heming-rdma19    | [34m2021-08-20 07:12:22.109 UTC [blocksProvider] DeliverBlocks -> INFO 1d8[0m qiji: blockprovider 1
fabric_peer5.1.ylrlhw8vqcqw@heming-rdma19    | [34m2021-08-20 07:12:22.111 UTC [blocksProvider] DeliverBlocks -> INFO 1d9[0m qiji: blockprovider 2
fabric_peer5.1.ylrlhw8vqcqw@heming-rdma19    | [34m2021-08-20 07:12:22.111 UTC [blocksProvider] DeliverBlocks -> INFO 1da[0m qiji: blockprovider 3
fabric_peer5.1.ylrlhw8vqcqw@heming-rdma19    | [34m2021-08-20 07:12:22.112 UTC [blocksProvider] DeliverBlocks -> INFO 1db[0m qiji: blockprovider 4
fabric_peer5.1.ylrlhw8vqcqw@heming-rdma19    | [34m2021-08-20 07:12:22.118 UTC [blocksProvider] DeliverBlocks -> INFO 1dc[0m qiji: blockprovider 5
fabric_peer5.1.ylrlhw8vqcqw@heming-rdma19    | [34m2021-08-20 07:12:22.118 UTC [blocksProvider] DeliverBlocks -> INFO 1dd[0m qiji: blockprovider recv
fabric_peer5.1.ylrlhw8vqcqw@heming-rdma19    | [34m2021-08-20 07:12:22.133 UTC [kvledger] CommitWithPvtData -> INFO 1de[0m [mychannel] Committed block [25] with 1500 transaction(s) in 60ms (state_validation=54ms block_commit=0ms state_commit=5ms)
fabric_peer5.1.ylrlhw8vqcqw@heming-rdma19    | [34m2021-08-20 07:12:22.133 UTC [gossip/state] deliverPayloads -> INFO 1df[0m qiji: deliverPayloads 4
fabric_peer5.1.ylrlhw8vqcqw@heming-rdma19    | [34m2021-08-20 07:12:22.134 UTC [gossip/state] deliverPayloads -> INFO 1e0[0m qiji: deliverPayloads 1
fabric_peer5.1.ylrlhw8vqcqw@heming-rdma19    | [34m2021-08-20 07:12:22.136 UTC [gossip/state] deliverPayloads -> INFO 1e1[0m qiji: deliverPayloads 2
fabric_peer5.1.ylrlhw8vqcqw@heming-rdma19    | [34m2021-08-20 07:12:22.136 UTC [gossip/state] deliverPayloads -> INFO 1e2[0m qiji: deliverPayloads 3
fabric_peer5.1.ylrlhw8vqcqw@heming-rdma19    | [34m2021-08-20 07:12:22.136 UTC [gossip/privdata] StoreBlock -> INFO 1e3[0m [mychannel] Validating block [26]
fabric_peer5.1.ylrlhw8vqcqw@heming-rdma19    | [34m2021-08-20 07:12:22.136 UTC [committer/txvalidator] Validate -> INFO 1e4[0m [mychannel] Validated block [26] in 0ms
fabric_peer5.1.ylrlhw8vqcqw@heming-rdma19    | [34m2021-08-20 07:12:22.171 UTC [blocksProvider] DeliverBlocks -> INFO 1e5[0m qiji: blockprovider recv finish
fabric_peer5.1.ylrlhw8vqcqw@heming-rdma19    | [34m2021-08-20 07:12:22.171 UTC [blocksProvider] DeliverBlocks -> INFO 1e6[0m qiji: blockprovider 1
fabric_peer5.1.ylrlhw8vqcqw@heming-rdma19    | [34m2021-08-20 07:12:22.173 UTC [blocksProvider] DeliverBlocks -> INFO 1e7[0m qiji: blockprovider 2
fabric_peer5.1.ylrlhw8vqcqw@heming-rdma19    | [34m2021-08-20 07:12:22.174 UTC [blocksProvider] DeliverBlocks -> INFO 1e8[0m qiji: blockprovider 3
fabric_peer5.1.ylrlhw8vqcqw@heming-rdma19    | [34m2021-08-20 07:12:22.175 UTC [blocksProvider] DeliverBlocks -> INFO 1e9[0m qiji: blockprovider 4
fabric_peer5.1.ylrlhw8vqcqw@heming-rdma19    | [34m2021-08-20 07:12:22.193 UTC [blocksProvider] DeliverBlocks -> INFO 1ea[0m qiji: blockprovider 5
fabric_peer5.1.ylrlhw8vqcqw@heming-rdma19    | [34m2021-08-20 07:12:22.193 UTC [blocksProvider] DeliverBlocks -> INFO 1eb[0m qiji: blockprovider recv
fabric_peer5.1.ylrlhw8vqcqw@heming-rdma19    | [34m2021-08-20 07:12:22.206 UTC [blocksProvider] DeliverBlocks -> INFO 1ec[0m qiji: blockprovider recv finish
fabric_peer5.1.ylrlhw8vqcqw@heming-rdma19    | [34m2021-08-20 07:12:22.206 UTC [blocksProvider] DeliverBlocks -> INFO 1ed[0m qiji: blockprovider 1
fabric_peer5.1.ylrlhw8vqcqw@heming-rdma19    | [34m2021-08-20 07:12:22.207 UTC [blocksProvider] DeliverBlocks -> INFO 1ee[0m qiji: blockprovider 2
fabric_peer5.1.ylrlhw8vqcqw@heming-rdma19    | [34m2021-08-20 07:12:22.207 UTC [blocksProvider] DeliverBlocks -> INFO 1ef[0m qiji: blockprovider 3
fabric_peer5.1.ylrlhw8vqcqw@heming-rdma19    | [34m2021-08-20 07:12:22.207 UTC [blocksProvider] DeliverBlocks -> INFO 1f0[0m qiji: blockprovider 4
fabric_peer5.1.ylrlhw8vqcqw@heming-rdma19    | [34m2021-08-20 07:12:22.208 UTC [blocksProvider] DeliverBlocks -> INFO 1f1[0m qiji: blockprovider 5
fabric_peer5.1.ylrlhw8vqcqw@heming-rdma19    | [34m2021-08-20 07:12:22.208 UTC [blocksProvider] DeliverBlocks -> INFO 1f2[0m qiji: blockprovider recv
fabric_peer5.1.ylrlhw8vqcqw@heming-rdma19    | [34m2021-08-20 07:12:22.231 UTC [kvledger] CommitWithPvtData -> INFO 1f3[0m [mychannel] Committed block [26] with 1500 transaction(s) in 94ms (state_validation=89ms block_commit=0ms state_commit=4ms)
fabric_peer5.1.ylrlhw8vqcqw@heming-rdma19    | [34m2021-08-20 07:12:22.231 UTC [gossip/state] deliverPayloads -> INFO 1f4[0m qiji: deliverPayloads 4
fabric_peer5.1.ylrlhw8vqcqw@heming-rdma19    | [34m2021-08-20 07:12:22.231 UTC [gossip/state] deliverPayloads -> INFO 1f5[0m qiji: deliverPayloads 1
fabric_peer5.1.ylrlhw8vqcqw@heming-rdma19    | [34m2021-08-20 07:12:22.233 UTC [gossip/state] deliverPayloads -> INFO 1f6[0m qiji: deliverPayloads 2
fabric_peer5.1.ylrlhw8vqcqw@heming-rdma19    | [34m2021-08-20 07:12:22.233 UTC [gossip/state] deliverPayloads -> INFO 1f7[0m qiji: deliverPayloads 3
fabric_peer5.1.ylrlhw8vqcqw@heming-rdma19    | [34m2021-08-20 07:12:22.233 UTC [gossip/privdata] StoreBlock -> INFO 1f8[0m [mychannel] Validating block [27]
fabric_peer5.1.ylrlhw8vqcqw@heming-rdma19    | [34m2021-08-20 07:12:22.233 UTC [committer/txvalidator] Validate -> INFO 1f9[0m [mychannel] Validated block [27] in 0ms
fabric_peer5.1.ylrlhw8vqcqw@heming-rdma19    | [34m2021-08-20 07:12:22.259 UTC [kvledger] CommitWithPvtData -> INFO 1fa[0m [mychannel] Committed block [27] with 1500 transaction(s) in 26ms (state_validation=23ms block_commit=0ms state_commit=3ms)
fabric_peer5.1.ylrlhw8vqcqw@heming-rdma19    | [34m2021-08-20 07:12:22.260 UTC [gossip/state] deliverPayloads -> INFO 1fb[0m qiji: deliverPayloads 4
fabric_peer5.1.ylrlhw8vqcqw@heming-rdma19    | [34m2021-08-20 07:12:22.260 UTC [gossip/state] deliverPayloads -> INFO 1fc[0m qiji: deliverPayloads 1
fabric_peer5.1.ylrlhw8vqcqw@heming-rdma19    | [34m2021-08-20 07:12:22.261 UTC [gossip/state] deliverPayloads -> INFO 1fd[0m qiji: deliverPayloads 2
fabric_peer5.1.ylrlhw8vqcqw@heming-rdma19    | [34m2021-08-20 07:12:22.261 UTC [gossip/state] deliverPayloads -> INFO 1fe[0m qiji: deliverPayloads 3
fabric_peer5.1.ylrlhw8vqcqw@heming-rdma19    | [34m2021-08-20 07:12:22.261 UTC [gossip/privdata] StoreBlock -> INFO 1ff[0m [mychannel] Validating block [28]
fabric_peer5.1.ylrlhw8vqcqw@heming-rdma19    | [34m2021-08-20 07:12:22.261 UTC [committer/txvalidator] Validate -> INFO 200[0m [mychannel] Validated block [28] in 0ms
fabric_peer5.1.ylrlhw8vqcqw@heming-rdma19    | [34m2021-08-20 07:12:22.284 UTC [kvledger] CommitWithPvtData -> INFO 201[0m [mychannel] Committed block [28] with 1500 transaction(s) in 23ms (state_validation=20ms block_commit=0ms state_commit=3ms)
fabric_peer5.1.ylrlhw8vqcqw@heming-rdma19    | [34m2021-08-20 07:12:22.285 UTC [gossip/state] deliverPayloads -> INFO 202[0m qiji: deliverPayloads 4
fabric_peer5.1.ylrlhw8vqcqw@heming-rdma19    | [34m2021-08-20 07:12:22.285 UTC [gossip/state] deliverPayloads -> INFO 203[0m qiji: deliverPayloads 1
fabric_peer5.1.ylrlhw8vqcqw@heming-rdma19    | [34m2021-08-20 07:12:22.286 UTC [gossip/state] deliverPayloads -> INFO 204[0m qiji: deliverPayloads 2
fabric_peer5.1.ylrlhw8vqcqw@heming-rdma19    | [34m2021-08-20 07:12:22.286 UTC [gossip/state] deliverPayloads -> INFO 205[0m qiji: deliverPayloads 3
fabric_peer5.1.ylrlhw8vqcqw@heming-rdma19    | [34m2021-08-20 07:12:22.286 UTC [gossip/privdata] StoreBlock -> INFO 206[0m [mychannel] Validating block [29]
fabric_peer5.1.ylrlhw8vqcqw@heming-rdma19    | [34m2021-08-20 07:12:22.286 UTC [committer/txvalidator] Validate -> INFO 207[0m [mychannel] Validated block [29] in 0ms
fabric_peer5.1.ylrlhw8vqcqw@heming-rdma19    | [34m2021-08-20 07:12:22.309 UTC [kvledger] CommitWithPvtData -> INFO 208[0m [mychannel] Committed block [29] with 1500 transaction(s) in 22ms (state_validation=18ms block_commit=0ms state_commit=3ms)
fabric_peer5.1.ylrlhw8vqcqw@heming-rdma19    | [34m2021-08-20 07:12:22.309 UTC [gossip/state] deliverPayloads -> INFO 209[0m qiji: deliverPayloads 4
fabric_peer5.1.ylrlhw8vqcqw@heming-rdma19    | [34m2021-08-20 07:12:22.309 UTC [gossip/state] deliverPayloads -> INFO 20a[0m qiji: deliverPayloads 1
fabric_peer5.1.ylrlhw8vqcqw@heming-rdma19    | [34m2021-08-20 07:12:22.311 UTC [gossip/state] deliverPayloads -> INFO 20b[0m qiji: deliverPayloads 2
fabric_peer5.1.ylrlhw8vqcqw@heming-rdma19    | [34m2021-08-20 07:12:22.311 UTC [gossip/state] deliverPayloads -> INFO 20c[0m qiji: deliverPayloads 3
fabric_peer5.1.ylrlhw8vqcqw@heming-rdma19    | [34m2021-08-20 07:12:22.311 UTC [gossip/privdata] StoreBlock -> INFO 20d[0m [mychannel] Validating block [30]
fabric_peer5.1.ylrlhw8vqcqw@heming-rdma19    | [34m2021-08-20 07:12:22.311 UTC [committer/txvalidator] Validate -> INFO 20e[0m [mychannel] Validated block [30] in 0ms
fabric_peer5.1.ylrlhw8vqcqw@heming-rdma19    | [34m2021-08-20 07:12:22.354 UTC [kvledger] CommitWithPvtData -> INFO 20f[0m [mychannel] Committed block [30] with 1500 transaction(s) in 42ms (state_validation=28ms block_commit=0ms state_commit=13ms)
fabric_peer5.1.ylrlhw8vqcqw@heming-rdma19    | [34m2021-08-20 07:12:22.354 UTC [gossip/state] deliverPayloads -> INFO 210[0m qiji: deliverPayloads 4
fabric_peer5.1.ylrlhw8vqcqw@heming-rdma19    | [34m2021-08-20 07:12:22.354 UTC [gossip/state] deliverPayloads -> INFO 211[0m qiji: deliverPayloads 1
fabric_peer5.1.ylrlhw8vqcqw@heming-rdma19    | [34m2021-08-20 07:12:22.355 UTC [gossip/state] deliverPayloads -> INFO 212[0m qiji: deliverPayloads 2
fabric_peer5.1.ylrlhw8vqcqw@heming-rdma19    | [34m2021-08-20 07:12:22.355 UTC [gossip/state] deliverPayloads -> INFO 213[0m qiji: deliverPayloads 3
fabric_peer5.1.ylrlhw8vqcqw@heming-rdma19    | [34m2021-08-20 07:12:22.355 UTC [gossip/privdata] StoreBlock -> INFO 214[0m [mychannel] Validating block [31]
fabric_peer5.1.ylrlhw8vqcqw@heming-rdma19    | [34m2021-08-20 07:12:22.355 UTC [committer/txvalidator] Validate -> INFO 215[0m [mychannel] Validated block [31] in 0ms
fabric_peer5.1.ylrlhw8vqcqw@heming-rdma19    | [34m2021-08-20 07:12:22.378 UTC [kvledger] CommitWithPvtData -> INFO 216[0m [mychannel] Committed block [31] with 1500 transaction(s) in 22ms (state_validation=18ms block_commit=0ms state_commit=3ms)
fabric_peer5.1.ylrlhw8vqcqw@heming-rdma19    | [34m2021-08-20 07:12:22.378 UTC [gossip/state] deliverPayloads -> INFO 217[0m qiji: deliverPayloads 4
fabric_peer5.1.ylrlhw8vqcqw@heming-rdma19    | [34m2021-08-20 07:12:22.378 UTC [gossip/state] deliverPayloads -> INFO 218[0m qiji: deliverPayloads 1
fabric_peer5.1.ylrlhw8vqcqw@heming-rdma19    | [34m2021-08-20 07:12:22.380 UTC [gossip/state] deliverPayloads -> INFO 219[0m qiji: deliverPayloads 2
fabric_peer5.1.ylrlhw8vqcqw@heming-rdma19    | [34m2021-08-20 07:12:22.380 UTC [gossip/state] deliverPayloads -> INFO 21a[0m qiji: deliverPayloads 3
fabric_peer5.1.ylrlhw8vqcqw@heming-rdma19    | [34m2021-08-20 07:12:22.380 UTC [gossip/privdata] StoreBlock -> INFO 21b[0m [mychannel] Validating block [32]
fabric_peer5.1.ylrlhw8vqcqw@heming-rdma19    | [34m2021-08-20 07:12:22.380 UTC [committer/txvalidator] Validate -> INFO 21c[0m [mychannel] Validated block [32] in 0ms
fabric_peer5.1.ylrlhw8vqcqw@heming-rdma19    | [34m2021-08-20 07:12:22.404 UTC [kvledger] CommitWithPvtData -> INFO 21d[0m [mychannel] Committed block [32] with 1500 transaction(s) in 24ms (state_validation=21ms block_commit=0ms state_commit=3ms)
fabric_peer5.1.ylrlhw8vqcqw@heming-rdma19    | [34m2021-08-20 07:12:22.404 UTC [gossip/state] deliverPayloads -> INFO 21e[0m qiji: deliverPayloads 4
fabric_peer5.1.ylrlhw8vqcqw@heming-rdma19    | [34m2021-08-20 07:12:22.404 UTC [gossip/state] deliverPayloads -> INFO 21f[0m qiji: deliverPayloads 1
fabric_peer5.1.ylrlhw8vqcqw@heming-rdma19    | [34m2021-08-20 07:12:22.406 UTC [gossip/state] deliverPayloads -> INFO 220[0m qiji: deliverPayloads 2
fabric_peer5.1.ylrlhw8vqcqw@heming-rdma19    | [34m2021-08-20 07:12:22.406 UTC [gossip/state] deliverPayloads -> INFO 221[0m qiji: deliverPayloads 3
fabric_peer5.1.ylrlhw8vqcqw@heming-rdma19    | [34m2021-08-20 07:12:22.406 UTC [gossip/privdata] StoreBlock -> INFO 222[0m [mychannel] Validating block [33]
fabric_peer5.1.ylrlhw8vqcqw@heming-rdma19    | [34m2021-08-20 07:12:22.406 UTC [committer/txvalidator] Validate -> INFO 223[0m [mychannel] Validated block [33] in 0ms
fabric_peer5.1.ylrlhw8vqcqw@heming-rdma19    | [34m2021-08-20 07:12:22.429 UTC [kvledger] CommitWithPvtData -> INFO 224[0m [mychannel] Committed block [33] with 1500 transaction(s) in 23ms (state_validation=20ms block_commit=0ms state_commit=2ms)
fabric_peer5.1.ylrlhw8vqcqw@heming-rdma19    | [34m2021-08-20 07:12:22.429 UTC [gossip/state] deliverPayloads -> INFO 225[0m qiji: deliverPayloads 4
fabric_peer5.1.ylrlhw8vqcqw@heming-rdma19    | [34m2021-08-20 07:12:22.429 UTC [gossip/state] deliverPayloads -> INFO 226[0m qiji: deliverPayloads 1
fabric_peer5.1.ylrlhw8vqcqw@heming-rdma19    | [34m2021-08-20 07:12:22.430 UTC [gossip/state] deliverPayloads -> INFO 227[0m qiji: deliverPayloads 2
fabric_peer5.1.ylrlhw8vqcqw@heming-rdma19    | [34m2021-08-20 07:12:22.430 UTC [gossip/state] deliverPayloads -> INFO 228[0m qiji: deliverPayloads 3
fabric_peer5.1.ylrlhw8vqcqw@heming-rdma19    | [34m2021-08-20 07:12:22.430 UTC [gossip/privdata] StoreBlock -> INFO 229[0m [mychannel] Validating block [34]
fabric_peer5.1.ylrlhw8vqcqw@heming-rdma19    | [34m2021-08-20 07:12:22.430 UTC [committer/txvalidator] Validate -> INFO 22a[0m [mychannel] Validated block [34] in 0ms
fabric_peer5.1.ylrlhw8vqcqw@heming-rdma19    | [34m2021-08-20 07:12:22.453 UTC [kvledger] CommitWithPvtData -> INFO 22b[0m [mychannel] Committed block [34] with 1500 transaction(s) in 22ms (state_validation=20ms block_commit=0ms state_commit=2ms)
fabric_peer5.1.ylrlhw8vqcqw@heming-rdma19    | [34m2021-08-20 07:12:22.453 UTC [gossip/state] deliverPayloads -> INFO 22c[0m qiji: deliverPayloads 4
fabric_peer5.1.ylrlhw8vqcqw@heming-rdma19    | [34m2021-08-20 07:12:22.453 UTC [gossip/state] deliverPayloads -> INFO 22d[0m qiji: deliverPayloads 1
fabric_peer5.1.ylrlhw8vqcqw@heming-rdma19    | [34m2021-08-20 07:12:22.455 UTC [gossip/state] deliverPayloads -> INFO 22e[0m qiji: deliverPayloads 2
fabric_peer5.1.ylrlhw8vqcqw@heming-rdma19    | [34m2021-08-20 07:12:22.455 UTC [gossip/state] deliverPayloads -> INFO 22f[0m qiji: deliverPayloads 3
fabric_peer5.1.ylrlhw8vqcqw@heming-rdma19    | [34m2021-08-20 07:12:22.455 UTC [gossip/privdata] StoreBlock -> INFO 230[0m [mychannel] Validating block [35]
fabric_peer5.1.ylrlhw8vqcqw@heming-rdma19    | [34m2021-08-20 07:12:22.455 UTC [committer/txvalidator] Validate -> INFO 231[0m [mychannel] Validated block [35] in 0ms
fabric_peer5.1.ylrlhw8vqcqw@heming-rdma19    | [34m2021-08-20 07:12:22.498 UTC [kvledger] CommitWithPvtData -> INFO 232[0m [mychannel] Committed block [35] with 1500 transaction(s) in 43ms (state_validation=38ms block_commit=0ms state_commit=5ms)
fabric_peer5.1.ylrlhw8vqcqw@heming-rdma19    | [34m2021-08-20 07:12:22.506 UTC [gossip/state] deliverPayloads -> INFO 233[0m qiji: deliverPayloads 4
fabric_peer5.1.ylrlhw8vqcqw@heming-rdma19    | [34m2021-08-20 07:12:22.506 UTC [gossip/state] deliverPayloads -> INFO 234[0m qiji: deliverPayloads 1
fabric_peer5.1.ylrlhw8vqcqw@heming-rdma19    | [34m2021-08-20 07:12:22.508 UTC [gossip/state] deliverPayloads -> INFO 235[0m qiji: deliverPayloads 2
fabric_peer5.1.ylrlhw8vqcqw@heming-rdma19    | [34m2021-08-20 07:12:22.508 UTC [gossip/state] deliverPayloads -> INFO 236[0m qiji: deliverPayloads 3
fabric_peer5.1.ylrlhw8vqcqw@heming-rdma19    | [34m2021-08-20 07:12:22.508 UTC [gossip/privdata] StoreBlock -> INFO 237[0m [mychannel] Validating block [36]
fabric_peer5.1.ylrlhw8vqcqw@heming-rdma19    | [34m2021-08-20 07:12:22.508 UTC [committer/txvalidator] Validate -> INFO 238[0m [mychannel] Validated block [36] in 0ms
fabric_peer5.1.ylrlhw8vqcqw@heming-rdma19    | [34m2021-08-20 07:12:22.531 UTC [kvledger] CommitWithPvtData -> INFO 239[0m [mychannel] Committed block [36] with 1500 transaction(s) in 23ms (state_validation=19ms block_commit=0ms state_commit=3ms)
fabric_peer5.1.ylrlhw8vqcqw@heming-rdma19    | [34m2021-08-20 07:12:22.531 UTC [gossip/state] deliverPayloads -> INFO 23a[0m qiji: deliverPayloads 4
fabric_peer5.1.ylrlhw8vqcqw@heming-rdma19    | [34m2021-08-20 07:12:22.532 UTC [gossip/state] deliverPayloads -> INFO 23b[0m qiji: deliverPayloads 1
fabric_peer5.1.ylrlhw8vqcqw@heming-rdma19    | [34m2021-08-20 07:12:22.533 UTC [gossip/state] deliverPayloads -> INFO 23c[0m qiji: deliverPayloads 2
fabric_peer5.1.ylrlhw8vqcqw@heming-rdma19    | [34m2021-08-20 07:12:22.533 UTC [gossip/state] deliverPayloads -> INFO 23d[0m qiji: deliverPayloads 3
fabric_peer5.1.ylrlhw8vqcqw@heming-rdma19    | [34m2021-08-20 07:12:22.533 UTC [gossip/privdata] StoreBlock -> INFO 23e[0m [mychannel] Validating block [37]
fabric_peer5.1.ylrlhw8vqcqw@heming-rdma19    | [34m2021-08-20 07:12:22.533 UTC [committer/txvalidator] Validate -> INFO 23f[0m [mychannel] Validated block [37] in 0ms
fabric_peer5.1.ylrlhw8vqcqw@heming-rdma19    | [34m2021-08-20 07:12:22.557 UTC [kvledger] CommitWithPvtData -> INFO 240[0m [mychannel] Committed block [37] with 1500 transaction(s) in 23ms (state_validation=20ms block_commit=0ms state_commit=2ms)
fabric_peer5.1.ylrlhw8vqcqw@heming-rdma19    | [34m2021-08-20 07:12:22.557 UTC [gossip/state] deliverPayloads -> INFO 241[0m qiji: deliverPayloads 4
fabric_peer5.1.ylrlhw8vqcqw@heming-rdma19    | [34m2021-08-20 07:12:22.557 UTC [gossip/state] deliverPayloads -> INFO 242[0m qiji: deliverPayloads 1
fabric_peer5.1.ylrlhw8vqcqw@heming-rdma19    | [34m2021-08-20 07:12:22.558 UTC [gossip/state] deliverPayloads -> INFO 243[0m qiji: deliverPayloads 2
fabric_peer5.1.ylrlhw8vqcqw@heming-rdma19    | [34m2021-08-20 07:12:22.558 UTC [gossip/state] deliverPayloads -> INFO 244[0m qiji: deliverPayloads 3
fabric_peer5.1.ylrlhw8vqcqw@heming-rdma19    | [34m2021-08-20 07:12:22.558 UTC [gossip/privdata] StoreBlock -> INFO 245[0m [mychannel] Validating block [38]
fabric_peer5.1.ylrlhw8vqcqw@heming-rdma19    | [34m2021-08-20 07:12:22.558 UTC [committer/txvalidator] Validate -> INFO 246[0m [mychannel] Validated block [38] in 0ms
fabric_peer5.1.ylrlhw8vqcqw@heming-rdma19    | [34m2021-08-20 07:12:22.566 UTC [kvledger] CommitWithPvtData -> INFO 247[0m [mychannel] Committed block [38] with 500 transaction(s) in 8ms (state_validation=7ms block_commit=0ms state_commit=1ms)
fabric_peer5.1.ylrlhw8vqcqw@heming-rdma19    | [34m2021-08-20 07:12:22.567 UTC [gossip/state] deliverPayloads -> INFO 248[0m qiji: deliverPayloads 4
