tps: [6100.0, 7902.0, 16218.0, 8000.0, 11076.0, 10804.0, 10822.0, 10826.0, 11288.0, 3466.0, 1510.0, 1820.0]
50000 50000 50000 50000
p1(endorserment) ave: 1.8002800325400001
50% tail: 1.381852
90% tail: 2.505785
95% tail: 3.78506
99% tail: 7.847159
p2 ave: 0.17630176732
50% tail: 0.151293
90% tail: 0.246173
95% tail: 0.3069
99% tail: 0.523092
p3(orderer+commit) ave: 219.79455335318
50% tail: 218.487086
90% tail: 295.033538
95% tail: 335.092814
99% tail: 416.87452
tps: [13984.0, 15000.0, 12000.0, 21000.0, 15000.0, 12000.0, 9866.0]
50000 50000 50000 50000
p1(endorserment) ave: 2.35200214606
50% tail: 1.678931
90% tail: 4.114179
95% tail: 6.104721
99% tail: 11.114972
p2 ave: 0.22483605318000002
50% tail: 0.163152
90% tail: 0.304635
95% tail: 0.415175
99% tail: 1.100699
p3(orderer+commit) ave: 241.1882067683
50% tail: 238.907908
90% tail: 325.902162
95% tail: 343.48114
99% tail: 366.330876
tps: [14452.0, 24000.0, 15000.0, 30000.0, 12450.0, 3058.0]
50000 50000 50000 50000
p1(endorserment) ave: 3.6847938489000005
50% tail: 2.411757
90% tail: 7.194173
95% tail: 9.89171
99% tail: 18.660699
p2 ave: 0.32751395221999996
50% tail: 0.181943
90% tail: 0.425519
95% tail: 0.710555
99% tail: 3.670999
p3(orderer+commit) ave: 280.3288787181
50% tail: 281.028324
90% tail: 381.305423
95% tail: 396.565858
99% tail: 419.448659
tps: [23708.0, 21000.0, 24000.0, 20846.0, 8382.0]
50000 50000 50000 50000
p1(endorserment) ave: 6.511333171019999
50% tail: 4.401895
90% tail: 12.958363
95% tail: 17.933139
99% tail: 32.630857
p2 ave: 0.45903280966
50% tail: 0.180798
90% tail: 0.601356
95% tail: 1.222136
99% tail: 6.582718
p3(orderer+commit) ave: 231.77881705032
50% tail: 230.525793
90% tail: 276.487461
95% tail: 290.507876
99% tail: 362.324216
tps: [24000.0, 21000.0, 15000.0, 30000.0, 9304.0]
50000 50000 50000 50000
p1(endorserment) ave: 12.092204719100001
50% tail: 8.288336
90% tail: 24.656518
95% tail: 33.262345
99% tail: 65.702143
p2 ave: 0.6932495130399998
50% tail: 0.187847
90% tail: 1.107046
95% tail: 2.629142
99% tail: 10.578478
p3(orderer+commit) ave: 281.41645990578
50% tail: 235.969346
90% tail: 434.2873
95% tail: 463.891625
99% tail: 494.196224
tps: [26094.0, 21000.0, 18000.0, 31116.0]
50000 50000 50000 50000
p1(endorserment) ave: 21.956700831499997
50% tail: 15.963709
90% tail: 43.422024
95% tail: 56.330065
99% tail: 107.19374
p2 ave: 1.5001196953600002
50% tail: 0.205062
90% tail: 3.502011
95% tail: 7.794044
99% tail: 19.769747
p3(orderer+commit) ave: 360.59559949984
50% tail: 342.667367
90% tail: 548.076828
95% tail: 564.613236
99% tail: 585.482802
tps: [21000.0, 24000.0, 27000.0, 25376.0]
50000 50000 50000 50000
p1(endorserment) ave: 39.81656811142
50% tail: 29.480567
90% tail: 76.30297
95% tail: 100.812503
99% tail: 205.698178
p2 ave: 2.0937180013199996
50% tail: 0.217667
90% tail: 5.484284
95% tail: 11.053541
99% tail: 27.747497
p3(orderer+commit) ave: 462.42401132182005
50% tail: 483.870163
90% tail: 605.214073
95% tail: 629.049703
99% tail: 681.303181
tps: [25886.0, 15000.0, 30000.0, 26332.0]
50000 50000 50000 50000
p1(endorserment) ave: 73.95266078831999
50% tail: 56.7408
90% tail: 156.594674
95% tail: 201.231685
99% tail: 329.472091
p2 ave: 2.48333026304
50% tail: 0.19201
90% tail: 6.118579
95% tail: 12.781291
99% tail: 34.781268
p3(orderer+commit) ave: 452.4999180876199
50% tail: 477.94585
90% tail: 601.460033
95% tail: 640.167385
99% tail: 733.10803
