latency conn=1 client=1 orderer_client=1
peer0
endorse ave: 1.3106669345118522
commit ave: 86.29411764705883
peer1
endorse ave: 1.7187343546610594
commit ave: 99.80246913580247
peer2
endorse ave: 1.2403528114663727
commit ave: 41.21327014218009
peer3
endorse ave: 1.430964011564151
commit ave: 49.13744075829384
peer4
endorse ave: 1.4922434367541766
commit ave: 90.32701421800948
tps: 
ave:  3450.913272039878
[4144.0, 3280.0, 2906.0, 2910.0, 2462.0, 2874.0, 2986.0, 2034.0, 2408.0, 2960.0, 2610.0, 2442.0, 2410.0, 2334.0, 4120.0, 3494.0, 3938.0, 2846.0, 2288.0, 3414.0, 4970.0, 4956.0, 5202.0, 3862.0, 3964.0, 5244.0, 4334.0, 4192.0]
latency conn=2 client=2 orderer_client=2
peer0
endorse ave: 1.0892323030907278
commit ave: 147.1346153846154
peer1
endorse ave: 1.7415899078894674
commit ave: 163.08196721311475
peer2
endorse ave: 1.2640198511166254
commit ave: 70.29729729729729
peer3
endorse ave: 1.2396234055476818
commit ave: 91.38738738738739
peer4
endorse ave: 1.2010761259465923
commit ave: 187.375
tps: 
ave:  5933.847350170031
[7076.0, 2856.0, 5706.0, 3680.0, 5414.0, 6564.0, 6466.0, 4780.0, 4714.0, 4772.0, 7552.0, 6888.0, 7994.0, 5686.0, 6684.0, 6450.0]
latency conn=3 client=3 orderer_client=3
peer0
endorse ave: 1.3175106530571796
commit ave: 236.71428571428572
peer1
endorse ave: 2.432456664674238
commit ave: 241.63888888888889
peer2
endorse ave: 2.2042139384116695
commit ave: 88.32530120481928
peer3
endorse ave: 1.4642893426800772
commit ave: 115.49397590361446
peer4
endorse ave: 1.4029322050575617
commit ave: 246.66197183098592
tps: 
ave:  7120.701561105739
[8184.0, 6496.0, 3836.0, 8846.0, 8044.0, 5186.0, 3992.0, 5162.0, 7948.0, 9364.0, 7984.0, 7938.0, 8120.0, 8806.0]
latency conn=4 client=4 orderer_client=4
peer0
endorse ave: 1.3731613943179528
commit ave: 214.92
peer1
endorse ave: 3.088954635108481
commit ave: 12.6
peer2
endorse ave: 2.5500694031330555
commit ave: 110.72058823529412
peer3
endorse ave: 1.571114002602342
commit ave: 155.47058823529412
peer4
endorse ave: 1.6265206812652069
commit ave: 321.4117647058824
tps: 
ave:  8462.62494775044
[8636.0, 8014.0, 9594.0, 9680.0, 6554.0, 8186.0, 7976.0, 8320.0, 7968.0, 7688.0, 8230.0]
