4 1 200 500
[10315, 9800, 9495, 9562, 9356, 9187, 11400, 10096, 9800, 10206]
latency = 19.981ms
13 4 200 500
[9435, 10766, 11320, 11135, 11498, 12149, 11050, 11913]
latency = 17.759ms
25 8 200 500
[6500, 11101, 11021, 10868, 10869, 10731, 10800, 10876, 10739]
latency = 19.290ms
31 10 200 500
[5283, 8917, 8600, 9527, 9988, 9886, 9514, 9780, 9820, 9670]
latency = 21.992ms
49 16 200 500
[2871, 6317, 6213, 6803, 7000, 6893, 6803, 6800, 6724, 6753, 6839, 6732, 6610, 6594, 6563]
latency = 31.171ms
61 20 200 500
[201, 199, 5011, 5733, 5744, 5680, 5720, 5680, 5720, 5696, 5784, 5167, 5545, 5800, 5679, 5784, 2825, 112, 455, 233, 200, 112, 288, 3800, 400, 567, 4517, 4752]
latency = 57.042ms
76 25 200 500
[201, 0, 3866, 4662, 4472, 4628, 4900, 4672, 4800, 3200, 93, 0, 200, 200, 507, 80, 320, 200, 202, 3878, 4000, 4720, 4561, 4800, 4610, 4771, 4629, 4600, 4633, 4567, 4382, 4702]
latency = 65.937ms
91 30 200 500
[200, 1, 801, 3798, 3801, 3962, 3975, 3966, 697, 103, 97, 2097, 4015, 4106, 4000, 3890, 4101, 4130, 4167, 3909, 3792, 4000, 4196, 3974, 4096, 4000, 4087, 4024, 4175, 3892, 3863]
latency = 62.238ms
