50000 50000
p3(orderer+commit) ave: 161.12408717662498
50% tail: 161.771343
90% tail: 180.960534
95% tail: 183.629116
99% tail: 185.620891
latency conn=8 client=4 orderer_client=40
peer0
endorse ave: 1.1982516077170418
commit ave: 12.991304347826087
peer1
endorse ave: 1.3198470209339774
commit ave: 14.626086956521739
peer2
endorse ave: 1.720976581963129
commit ave: 13.791304347826086
peer3
endorse ave: 1.2623831310921025
commit ave: 12.88695652173913
peer4
endorse ave: 1.349850448654038
commit ave: 14.547826086956523
tps: 
ave:  4053.982008767569
[4160.0, 3486.0, 3860.0, 4746.0, 3622.0, 3804.0, 4566.0, 3772.0, 4658.0, 3796.0, 3736.0, 4634.0, 3656.0, 4622.0, 3778.0, 3656.0, 3750.0, 4674.0, 4542.0, 4562.0, 3674.0, 3654.0, 4680.0, 3716.0]
tx: 50000, duration: 12.555811388s, tps: 3982.219743
50000 50000
p3(orderer+commit) ave: 130.357445751375
50% tail: 130.257716
90% tail: 149.743697
95% tail: 152.45427
99% tail: 154.598911
latency conn=8 client=4 orderer_client=40
peer0
endorse ave: 1.3002010050251256
commit ave: 12.695238095238095
peer1
endorse ave: 1.269799738351615
commit ave: 11.533333333333333
peer2
endorse ave: 1.799721004384217
commit ave: 15.40952380952381
peer3
endorse ave: 1.374838388861263
commit ave: 12.99047619047619
peer4
endorse ave: 1.3405125137102403
commit ave: 12.914285714285715
tps: 
ave:  8090.644069344167
[7000.0, 9000.0, 8000.0, 9000.0, 7000.0, 7000.0, 9000.0, 9000.0, 8000.0, 7000.0, 10000.0, 6000.0]
tx: 50000, duration: 6.394481443s, tps: 7819.242334
50000 50000
p3(orderer+commit) ave: 100.544063726
50% tail: 99.300623
90% tail: 117.907385
95% tail: 121.531127
99% tail: 124.004208
latency conn=8 client=4 orderer_client=40
peer0
endorse ave: 1.5772284192543462
commit ave: 13.552380952380952
peer1
endorse ave: 1.3469202898550725
commit ave: 12.057142857142857
peer2
endorse ave: 2.156038262255879
commit ave: 16.114285714285714
peer3
endorse ave: 1.7767279960218796
commit ave: 13.047619047619047
peer4
endorse ave: 1.5350483597567055
commit ave: 12.238095238095237
tps: 
ave:  12037.968541507615
[13000.0, 12000.0, 10000.0, 12000.0, 13000.0, 12000.0, 13000.0, 10000.0]
tx: 50000, duration: 4.339379207s, tps: 11522.385488
50000 50000
p3(orderer+commit) ave: 96.530944666
50% tail: 94.709607
90% tail: 117.445414
95% tail: 119.408742
99% tail: 121.041426
latency conn=8 client=4 orderer_client=40
peer0
endorse ave: 2.3784163987138265
commit ave: 15.076190476190476
peer1
endorse ave: 1.3972823351786614
commit ave: 11.895238095238096
peer2
endorse ave: 2.471555245591312
commit ave: 16.327102803738317
peer3
endorse ave: 2.3293871866295266
commit ave: 14.714285714285714
peer4
endorse ave: 1.7024224902801315
commit ave: 12.342857142857143
tps: 
ave:  15976.95267570762
[14000.0, 15000.0, 19000.0, 17000.0, 15000.0, 14000.0]
tx: 50000, duration: 3.321855608s, tps: 15051.828225
50000 50000
p3(orderer+commit) ave: 106.572010510125
50% tail: 106.511811
90% tail: 120.418876
95% tail: 122.237241
99% tail: 123.915149
latency conn=8 client=4 orderer_client=40
peer0
endorse ave: 3.997789833232871
commit ave: 17.123809523809523
peer1
endorse ave: 1.5351389448248087
commit ave: 12.18095238095238
peer2
endorse ave: 2.6998505231689087
commit ave: 16.866666666666667
peer3
endorse ave: 3.8687953844623495
commit ave: 17.247619047619047
peer4
endorse ave: 1.8701285757001893
commit ave: 12.790476190476191
tps: 
ave:  19564.803370292506
[19000.0, 22000.0, 19000.0, 21000.0, 15000.0]
tx: 50000, duration: 2.79129142s, tps: 17912.855548
50000 50000
p3(orderer+commit) ave: 258.923516371875
50% tail: 242.195822
90% tail: 320.473924
95% tail: 328.996642
99% tail: 333.442853
latency conn=8 client=4 orderer_client=40
peer0
endorse ave: 4.481005025125628
commit ave: 18.409523809523808
peer1
endorse ave: 1.7798349768565103
commit ave: 12.752380952380953
peer2
endorse ave: 3.0561092286226827
commit ave: 16.895238095238096
peer3
endorse ave: 4.58840493237868
commit ave: 17.857142857142858
peer4
endorse ave: 2.0022933492870676
commit ave: 13.361904761904762
tps: 
ave:  19334.389526692976
[18000.0, 22000.0, 17000.0, 20000.0, 19000.0]
tx: 50000, duration: 2.7804097s, tps: 17982.961288
50000 50000
p3(orderer+commit) ave: 318.5247712062501
50% tail: 316.352515
90% tail: 339.76921
95% tail: 342.02689
99% tail: 343.641599
latency conn=8 client=4 orderer_client=40
peer0
endorse ave: 4.60572864321608
commit ave: 18.285714285714285
peer1
endorse ave: 1.8323606359428457
commit ave: 13.504761904761905
peer2
endorse ave: 3.045943791110225
commit ave: 15.761904761904763
peer3
endorse ave: 4.564992541024366
commit ave: 18.561904761904763
peer4
endorse ave: 2.4417746759720838
commit ave: 14.276190476190477
tps: 
ave:  20300.642725738133
[12000.0, 20000.0, 22000.0, 20000.0]
tx: 50000, duration: 2.621759216s, tps: 19071.164009
50000 50000
p3(orderer+commit) ave: 430.12189810600006
50% tail: 415.489986
90% tail: 493.491978
95% tail: 496.114934
99% tail: 498.456339
latency conn=8 client=4 orderer_client=40
peer0
endorse ave: 4.442937512557766
commit ave: 17.866666666666667
peer1
endorse ave: 2.083861874559549
commit ave: 13.457142857142857
peer2
endorse ave: 3.135784020721259
commit ave: 15.704761904761904
peer3
endorse ave: 4.686100885484032
commit ave: 18.98095238095238
peer4
endorse ave: 2.8668128800717776
commit ave: 13.961904761904762
tps: 
ave:  20728.89966850634
[14000.0, 21000.0, 18000.0, 18000.0]
tx: 50000, duration: 2.686231697s, tps: 18613.435340
